14.0447 	DEBUG 	Fullscreen settings ignored as running in pilot mode.
14.0456 	INFO 	Loaded monitor calibration from ['2024_08_09 11:05']
17.9084 	EXP 	Created window1 = Window(allowGUI=True, allowStencil=False, autoLog=True, backendConf=UNKNOWN, backgroundFit=<method-wrapper '__getattribute__' of attributeSetter object at 0x00000221491B8F40>, backgroundImage=<method-wrapper '__getattribute__' of attributeSetter object at 0x00000221491B8EE0>, bitsMode=UNKNOWN, blendMode='avg', bpc=(8, 8, 8), color=array([0, 0, 0]), colorSpace='rgb', depthBits=8, fullscr=<method-wrapper '__getattribute__' of attributeSetter object at 0x00000221491B8D30>, gamma=None, gammaErrorPolicy='raise', infoMsg=UNKNOWN, lms=UNKNOWN, monitor=<psychopy.monitors.calibTools.Monitor object at 0x000002214958BEB0>, multiSample=False, name='window1', numSamples=2, pos=[560.0, 240.0], screen=0, size=array([800, 600]), stencilBits=0, stereo=False, title='PsychoPy', units='height', useFBO=True, useRetina=False, viewOri=0.0, viewPos=None, viewScale=None, waitBlanking=True, winType='pyglet')
17.9085 	EXP 	window1: backgroundImage = ''
17.9085 	EXP 	window1: backgroundFit = 'none'
17.9087 	EXP 	window1: mouseVisible = <method-wrapper '__getattribute__' of attributeSetter object at 0x00000221491C10A0>
17.9147 	EXP 	window1: mouseVisible = <method-wrapper '__getattribute__' of attributeSetter object at 0x00000221491C10A0>
17.9428 	EXP 	window1: mouseVisible = <method-wrapper '__getattribute__' of attributeSetter object at 0x00000221491C10A0>
17.9434 	EXP 	window1: mouseVisible = <method-wrapper '__getattribute__' of attributeSetter object at 0x00000221491C10A0>
18.0147 	DEBUG 	TextBox2 loaded 1 chars with 0 blanks and 1 valid
18.0161 	DEBUG 	TextBox2 loaded 1 chars with 0 blanks and 1 valid
18.0171 	DEBUG 	TextBox2 loaded 1 chars with 0 blanks and 1 valid
18.0183 	DEBUG 	TextBox2 loaded 1 chars with 0 blanks and 1 valid
18.0194 	DEBUG 	TextBox2 loaded 1 chars with 0 blanks and 1 valid
18.0202 	DEBUG 	TextBox2 loaded 1 chars with 0 blanks and 1 valid
18.0212 	DEBUG 	TextBox2 loaded 1 chars with 0 blanks and 1 valid
18.0224 	DEBUG 	TextBox2 loaded 1 chars with 0 blanks and 1 valid
18.0231 	DEBUG 	TextBox2 loaded 1 chars with 0 blanks and 1 valid
18.0237 	DEBUG 	TextBox2 loaded 1 chars with 0 blanks and 1 valid
18.0248 	DEBUG 	TextBox2 loaded 1 chars with 0 blanks and 1 valid
18.0260 	DEBUG 	TextBox2 loaded 1 chars with 0 blanks and 1 valid
18.0268 	DEBUG 	TextBox2 loaded 1 chars with 0 blanks and 1 valid
18.0278 	DEBUG 	TextBox2 loaded 1 chars with 0 blanks and 1 valid
18.0288 	DEBUG 	TextBox2 loaded 1 chars with 0 blanks and 1 valid
18.0303 	DEBUG 	TextBox2 loaded 1 chars with 0 blanks and 1 valid
18.0313 	DEBUG 	TextBox2 loaded 1 chars with 0 blanks and 1 valid
18.0321 	DEBUG 	TextBox2 loaded 1 chars with 0 blanks and 1 valid
18.0329 	DEBUG 	TextBox2 loaded 1 chars with 0 blanks and 1 valid
18.0340 	DEBUG 	TextBox2 loaded 1 chars with 0 blanks and 1 valid
18.0349 	DEBUG 	TextBox2 loaded 1 chars with 0 blanks and 1 valid
18.0373 	DEBUG 	Uploading Texture Font fontname to graphics card
18.0563 	DEBUG 	Upload of Texture Font fontname complete
18.0580 	EXP 	window1: mouseVisible = <method-wrapper '__getattribute__' of attributeSetter object at 0x00000221491C10A0>
18.0582 	EXP 	window1: mouseVisible = <method-wrapper '__getattribute__' of attributeSetter object at 0x00000221491C10A0>
18.0587 	EXP 	window1: mouseVisible = <method-wrapper '__getattribute__' of attributeSetter object at 0x00000221491C10A0>
18.0593 	EXP 	window1: mouseVisible = <method-wrapper '__getattribute__' of attributeSetter object at 0x00000221491C10A0>
18.0802 	DEBUG 	TextBox2 loaded 1 chars with 0 blanks and 1 valid
18.0815 	DEBUG 	TextBox2 loaded 1 chars with 0 blanks and 1 valid
18.0827 	DEBUG 	TextBox2 loaded 1 chars with 0 blanks and 1 valid
18.0830 	DEBUG 	Uploading Texture Font fontname to graphics card
18.1017 	DEBUG 	Upload of Texture Font fontname complete
18.1149 	EXP 	window1: Attempting to measure frame rate of screen (0) ...
18.1149 	EXP 	window1: recordFrameIntervals = False
18.3650 	EXP 	window1: recordFrameIntervals = True
18.4273 	WARNING 	t of last frame was 46.03ms (=1/21)
18.6157 	EXP 	Screen (0) actual frame rate measured at 59.48Hz
18.6158 	EXP 	window1: recordFrameIntervals = False
18.6161 	EXP 	window1: mouseVisible = False
18.6165 	EXP 	window1: mouseVisible = False
18.6167 	EXP 	window1: mouseVisible = False
18.6175 	EXP 	window1: mouseVisible = False
18.6180 	EXP 	window1: mouseVisible = False
18.6375 	DEBUG 	TextBox2 loaded 1 chars with 0 blanks and 1 valid
18.6383 	DEBUG 	TextBox2 loaded 1 chars with 0 blanks and 1 valid
18.6394 	DEBUG 	TextBox2 loaded 1 chars with 0 blanks and 1 valid
18.6407 	DEBUG 	TextBox2 loaded 1 chars with 0 blanks and 1 valid
18.6418 	DEBUG 	TextBox2 loaded 1 chars with 0 blanks and 1 valid
18.6431 	DEBUG 	TextBox2 loaded 1 chars with 0 blanks and 1 valid
18.6439 	DEBUG 	TextBox2 loaded 1 chars with 0 blanks and 1 valid
18.6455 	DEBUG 	TextBox2 loaded 1 chars with 0 blanks and 1 valid
18.6476 	DEBUG 	TextBox2 loaded 1 chars with 0 blanks and 1 valid
18.6489 	DEBUG 	TextBox2 loaded 1 chars with 0 blanks and 1 valid
18.6493 	DEBUG 	Uploading Texture Font fontname to graphics card
18.6497 	DEBUG 	Upload of Texture Font fontname complete
18.6513 	EXP 	window1: mouseVisible = False
18.6514 	EXP 	window1: mouseVisible = False
18.6521 	EXP 	window1: mouseVisible = False
18.6526 	EXP 	window1: mouseVisible = False
18.7771 	WARNING 	launchHubServer: If using the iohub mouse or eyetracker devices, fullScr should be True.
22.6915 	INFO 	keyboard.Keyboard is using iohub backend.
22.6917 	INFO 	keyboard.Keyboard is using iohub backend.
22.6917 	EXP 	delay_discounting: status = STARTED
22.6919 	EXP 	window1: mouseVisible = False
22.7278 	EXP 	Created fixation = ShapeStim(__class__=<class 'psychopy.visual.shape.ShapeStim'>, anchor=('center', 'center'), autoDraw=False, autoLog=True, closeShape=True, color=method-wrapper(...), colorSpace='rgb', contrast=None, depth=0.0, draggable=False, fillColor=array([1, 1, 1]), fillColorSpace='rgb', fillRGB=array([1, 1, 1]), interpolate=True, lineColor=array([1., 1., 1.]), lineColorSpace='rgb', lineRGB=array([1, 1, 1]), lineWidth=1.0, name='fixation', opacity=1.0, ori=0.0, pos=array([0., 0.]), size=array([0.05, 0.05]), units='height', vertices=ndarray(...), win=Window(...), windingRule=None)
22.7280 	EXP 	window1: mouseVisible = False
22.9027 	EXP 	Created text = TextStim(__class__=<class 'psychopy.visual.text.TextStim'>, alignHoriz=method-wrapper(...), alignText='center', alignVert=method-wrapper(...), anchorHoriz='center', anchorVert='center', antialias=True, autoDraw=False, autoLog=True, bold=False, color=array([1., 1., 1.]), colorSpace='rgb', contrast=1.0, depth=-1.0, draggable=False, flipHoriz=False, flipVert=False, font='Arial', fontFiles=[], height=0.05, italic=False, languageStyle='LTR', name='text', opacity=1.0, ori=0.0, pos=array([0., 0.]), rgb=UNKNOWN, text='', units='height', win=Window(...), wrapWidth=1)
0.0221 	DEBUG 	Read excel file with openpyxl: discounting.xlsx
0.0224 	EXP 	Imported discounting.xlsx as conditions, 7 conditions, 3 params
0.0573 	EXP 	Created sequence: random, trialTypes=7, nReps=15, seed=None
0.0576 	EXP 	New trial (rep=0, index=0): {'reward_today': 40, 'future_reward': 55, 'delay': 62}
0.3113 	EXP 	text: height = 0.05
0.3113 	EXP 	text: height = 0.05
0.3113 	EXP 	text: height = 0.05
0.3113 	EXP 	text: text = ' GBP 40 today  or  GBP 55 after 62 days '
0.3113 	EXP 	fixation: autoDraw = True
1.0121 	INFO 	Keyboard events cleared
1.0114 	EXP 	text: autoDraw = True
1.3113 	EXP 	fixation: autoDraw = False
9.8443 	EXP 	New trial (rep=0, index=1): {'reward_today': 27, 'future_reward': 50, 'delay': 21}
9.8533 	DATA 	Keypress: t
9.8586 	EXP 	fixation: autoDraw = False
9.8586 	EXP 	text: autoDraw = False
9.8586 	EXP 	text: height = 0.05
9.8586 	EXP 	text: height = 0.05
9.8586 	EXP 	text: height = 0.05
9.8586 	EXP 	text: text = ' GBP 27 today  or  GBP 50 after 21 days '
9.8586 	EXP 	fixation: autoDraw = True
10.8440 	INFO 	Keyboard events cleared
10.8434 	EXP 	text: autoDraw = True
10.8600 	EXP 	fixation: autoDraw = False
15.9147 	EXP 	New trial (rep=0, index=2): {'reward_today': 67, 'future_reward': 75, 'delay': 119}
15.9254 	DATA 	Keypress: l
15.9419 	EXP 	fixation: autoDraw = False
15.9419 	EXP 	text: autoDraw = False
15.9419 	EXP 	text: height = 0.05
15.9419 	EXP 	text: height = 0.05
15.9419 	EXP 	text: height = 0.05
15.9419 	EXP 	text: text = ' GBP 67 today  or  GBP 75 after 119 days '
15.9419 	EXP 	fixation: autoDraw = True
16.9266 	INFO 	Keyboard events cleared
16.9261 	EXP 	text: autoDraw = True
16.9434 	EXP 	fixation: autoDraw = False
19.6969 	EXP 	New trial (rep=0, index=3): {'reward_today': 78, 'future_reward': 80, 'delay': 162}
19.7034 	DATA 	Keypress: t
19.7099 	EXP 	fixation: autoDraw = False
19.7099 	EXP 	text: autoDraw = False
19.7099 	EXP 	text: height = 0.05
19.7099 	EXP 	text: height = 0.05
19.7099 	EXP 	text: height = 0.05
19.7099 	EXP 	text: text = ' GBP 78 today  or  GBP 80 after 162 days '
19.7099 	EXP 	fixation: autoDraw = True
20.7097 	INFO 	Keyboard events cleared
20.7091 	EXP 	fixation: autoDraw = False
20.7091 	EXP 	text: autoDraw = True
24.2790 	EXP 	New trial (rep=0, index=4): {'reward_today': 49, 'future_reward': 60, 'delay': 89}
24.2826 	DATA 	Keypress: l
24.2925 	EXP 	fixation: autoDraw = False
24.2925 	EXP 	text: autoDraw = False
24.2925 	EXP 	text: height = 0.05
24.2925 	EXP 	text: height = 0.05
24.2925 	EXP 	text: height = 0.05
24.2925 	EXP 	text: text = ' GBP 49 today  or  GBP 60 after 89 days '
24.2925 	EXP 	fixation: autoDraw = True
25.2921 	INFO 	Keyboard events cleared
25.2916 	EXP 	fixation: autoDraw = False
25.2916 	EXP 	text: autoDraw = True
27.7460 	DATA 	Keypress: t
27.7621 	EXP 	New trial (rep=0, index=5): {'reward_today': 11, 'future_reward': 30, 'delay': 7}
27.7749 	EXP 	fixation: autoDraw = False
27.7749 	EXP 	text: autoDraw = False
27.7749 	EXP 	text: height = 0.05
27.7749 	EXP 	text: height = 0.05
27.7749 	EXP 	text: height = 0.05
27.7749 	EXP 	text: text = ' GBP 11 today  or  GBP 30 after 7 days '
27.7749 	EXP 	fixation: autoDraw = True
28.7759 	INFO 	Keyboard events cleared
28.7753 	EXP 	fixation: autoDraw = False
28.7753 	EXP 	text: autoDraw = True
31.8288 	EXP 	New trial (rep=0, index=6): {'reward_today': 15, 'future_reward': 35, 'delay': 13}
31.8329 	DATA 	Keypress: l
31.8408 	EXP 	fixation: autoDraw = False
31.8408 	EXP 	text: autoDraw = False
31.8408 	EXP 	text: height = 0.05
31.8408 	EXP 	text: height = 0.05
31.8408 	EXP 	text: height = 0.05
31.8408 	EXP 	text: text = ' GBP 15 today  or  GBP 35 after 13 days '
31.8408 	EXP 	fixation: autoDraw = True
32.8430 	INFO 	Keyboard events cleared
32.8423 	EXP 	fixation: autoDraw = False
32.8423 	EXP 	text: autoDraw = True
35.3453 	EXP 	New trial (rep=1, index=0): {'reward_today': 67, 'future_reward': 75, 'delay': 119}
35.3490 	DATA 	Keypress: l
35.3569 	EXP 	fixation: autoDraw = False
35.3569 	EXP 	text: autoDraw = False
35.3569 	EXP 	text: height = 0.05
35.3569 	EXP 	text: height = 0.05
35.3569 	EXP 	text: height = 0.05
35.3569 	EXP 	text: text = ' GBP 67 today  or  GBP 75 after 119 days '
35.3569 	EXP 	fixation: autoDraw = True
36.3582 	INFO 	Keyboard events cleared
36.3576 	EXP 	fixation: autoDraw = False
36.3576 	EXP 	text: autoDraw = True
38.5108 	EXP 	New trial (rep=1, index=1): {'reward_today': 11, 'future_reward': 30, 'delay': 7}
38.5152 	DATA 	Keypress: t
38.5241 	EXP 	fixation: autoDraw = False
38.5241 	EXP 	text: autoDraw = False
38.5241 	EXP 	text: height = 0.05
38.5241 	EXP 	text: height = 0.05
38.5241 	EXP 	text: height = 0.05
38.5241 	EXP 	text: text = ' GBP 11 today  or  GBP 30 after 7 days '
38.5241 	EXP 	fixation: autoDraw = True
39.5245 	INFO 	Keyboard events cleared
39.5240 	EXP 	fixation: autoDraw = False
39.5240 	EXP 	text: autoDraw = True
43.5766 	EXP 	New trial (rep=1, index=2): {'reward_today': 15, 'future_reward': 35, 'delay': 13}
43.5802 	DATA 	Keypress: l
43.5900 	EXP 	fixation: autoDraw = False
43.5900 	EXP 	text: autoDraw = False
43.5900 	EXP 	text: height = 0.05
43.5900 	EXP 	text: height = 0.05
43.5900 	EXP 	text: height = 0.05
43.5900 	EXP 	text: text = ' GBP 15 today  or  GBP 35 after 13 days '
43.5900 	EXP 	fixation: autoDraw = True
44.5900 	INFO 	Keyboard events cleared
44.5894 	EXP 	fixation: autoDraw = False
44.5894 	EXP 	text: autoDraw = True
48.7433 	EXP 	New trial (rep=1, index=3): {'reward_today': 40, 'future_reward': 55, 'delay': 62}
48.7470 	DATA 	Keypress: l
48.7551 	EXP 	fixation: autoDraw = False
48.7551 	EXP 	text: autoDraw = False
48.7551 	EXP 	text: height = 0.05
48.7551 	EXP 	text: height = 0.05
48.7551 	EXP 	text: height = 0.05
48.7551 	EXP 	text: text = ' GBP 40 today  or  GBP 55 after 62 days '
48.7551 	EXP 	fixation: autoDraw = True
49.8394 	INFO 	Keyboard events cleared
49.8385 	EXP 	fixation: autoDraw = False
49.8385 	EXP 	text: autoDraw = True
52.0433 	EXP 	New trial (rep=1, index=4): {'reward_today': 78, 'future_reward': 80, 'delay': 162}
52.1297 	DATA 	Keypress: t
52.1370 	EXP 	fixation: autoDraw = False
52.1370 	EXP 	text: autoDraw = False
52.1370 	EXP 	text: height = 0.05
52.1370 	EXP 	text: height = 0.05
52.1370 	EXP 	text: height = 0.05
52.1370 	EXP 	text: text = ' GBP 78 today  or  GBP 80 after 162 days '
52.1370 	EXP 	fixation: autoDraw = True
53.0550 	INFO 	Keyboard events cleared
53.0544 	EXP 	text: autoDraw = True
53.1381 	EXP 	fixation: autoDraw = False
55.6584 	EXP 	New trial (rep=1, index=5): {'reward_today': 49, 'future_reward': 60, 'delay': 89}
55.6625 	DATA 	Keypress: t
55.6712 	EXP 	fixation: autoDraw = False
55.6712 	EXP 	text: autoDraw = False
55.6712 	EXP 	text: height = 0.05
55.6712 	EXP 	text: height = 0.05
55.6712 	EXP 	text: height = 0.05
55.6712 	EXP 	text: text = ' GBP 49 today  or  GBP 60 after 89 days '
55.6712 	EXP 	fixation: autoDraw = True
56.6716 	INFO 	Keyboard events cleared
56.6709 	EXP 	fixation: autoDraw = False
56.6709 	EXP 	text: autoDraw = True
59.0420 	EXP 	New trial (rep=1, index=6): {'reward_today': 27, 'future_reward': 50, 'delay': 21}
59.0460 	DATA 	Keypress: t
59.0539 	EXP 	fixation: autoDraw = False
59.0539 	EXP 	text: autoDraw = False
59.0539 	EXP 	text: height = 0.05
59.0539 	EXP 	text: height = 0.05
59.0539 	EXP 	text: height = 0.05
59.0539 	EXP 	text: text = ' GBP 27 today  or  GBP 50 after 21 days '
59.0539 	EXP 	fixation: autoDraw = True
60.0545 	INFO 	Keyboard events cleared
60.0539 	EXP 	fixation: autoDraw = False
60.0539 	EXP 	text: autoDraw = True
63.2079 	EXP 	New trial (rep=2, index=0): {'reward_today': 15, 'future_reward': 35, 'delay': 13}
63.2123 	DATA 	Keypress: l
63.2205 	EXP 	fixation: autoDraw = False
63.2205 	EXP 	text: autoDraw = False
63.2205 	EXP 	text: height = 0.05
63.2205 	EXP 	text: height = 0.05
63.2205 	EXP 	text: height = 0.05
63.2205 	EXP 	text: text = ' GBP 15 today  or  GBP 35 after 13 days '
63.2205 	EXP 	fixation: autoDraw = True
64.2201 	INFO 	Keyboard events cleared
64.2196 	EXP 	fixation: autoDraw = False
64.2196 	EXP 	text: autoDraw = True
65.9407 	EXP 	New trial (rep=2, index=1): {'reward_today': 27, 'future_reward': 50, 'delay': 21}
65.9444 	DATA 	Keypress: l
65.9536 	EXP 	fixation: autoDraw = False
65.9536 	EXP 	text: autoDraw = False
65.9536 	EXP 	text: height = 0.05
65.9536 	EXP 	text: height = 0.05
65.9536 	EXP 	text: height = 0.05
65.9536 	EXP 	text: text = ' GBP 27 today  or  GBP 50 after 21 days '
65.9536 	EXP 	fixation: autoDraw = True
66.9545 	INFO 	Keyboard events cleared
66.9539 	EXP 	fixation: autoDraw = False
66.9539 	EXP 	text: autoDraw = True
69.1902 	EXP 	New trial (rep=2, index=2): {'reward_today': 40, 'future_reward': 55, 'delay': 62}
69.1940 	DATA 	Keypress: t
69.2032 	EXP 	fixation: autoDraw = False
69.2032 	EXP 	text: autoDraw = False
69.2032 	EXP 	text: height = 0.05
69.2032 	EXP 	text: height = 0.05
69.2032 	EXP 	text: height = 0.05
69.2032 	EXP 	text: text = ' GBP 40 today  or  GBP 55 after 62 days '
69.2032 	EXP 	fixation: autoDraw = True
70.2038 	INFO 	Keyboard events cleared
70.2033 	EXP 	fixation: autoDraw = False
70.2033 	EXP 	text: autoDraw = True
72.2568 	EXP 	New trial (rep=2, index=3): {'reward_today': 11, 'future_reward': 30, 'delay': 7}
72.2604 	DATA 	Keypress: t
72.2686 	EXP 	fixation: autoDraw = False
72.2686 	EXP 	text: autoDraw = False
72.2686 	EXP 	text: height = 0.05
72.2686 	EXP 	text: height = 0.05
72.2686 	EXP 	text: height = 0.05
72.2686 	EXP 	text: text = ' GBP 11 today  or  GBP 30 after 7 days '
72.2686 	EXP 	fixation: autoDraw = True
73.2696 	INFO 	Keyboard events cleared
73.2688 	EXP 	fixation: autoDraw = False
73.2688 	EXP 	text: autoDraw = True
74.9731 	EXP 	New trial (rep=2, index=4): {'reward_today': 49, 'future_reward': 60, 'delay': 89}
74.9766 	DATA 	Keypress: l
74.9858 	EXP 	fixation: autoDraw = False
74.9858 	EXP 	text: autoDraw = False
74.9858 	EXP 	text: height = 0.05
74.9858 	EXP 	text: height = 0.05
74.9858 	EXP 	text: height = 0.05
74.9858 	EXP 	text: text = ' GBP 49 today  or  GBP 60 after 89 days '
74.9858 	EXP 	fixation: autoDraw = True
75.9859 	INFO 	Keyboard events cleared
75.9852 	EXP 	fixation: autoDraw = False
75.9852 	EXP 	text: autoDraw = True
77.4383 	EXP 	New trial (rep=2, index=5): {'reward_today': 78, 'future_reward': 80, 'delay': 162}
77.4429 	DATA 	Keypress: l
77.4514 	EXP 	fixation: autoDraw = False
77.4514 	EXP 	text: autoDraw = False
77.4514 	EXP 	text: height = 0.05
77.4514 	EXP 	text: height = 0.05
77.4514 	EXP 	text: height = 0.05
77.4514 	EXP 	text: text = ' GBP 78 today  or  GBP 80 after 162 days '
77.4514 	EXP 	fixation: autoDraw = True
78.4531 	INFO 	Keyboard events cleared
78.4526 	EXP 	fixation: autoDraw = False
78.4526 	EXP 	text: autoDraw = True
80.4553 	EXP 	New trial (rep=2, index=6): {'reward_today': 67, 'future_reward': 75, 'delay': 119}
80.4594 	DATA 	Keypress: t
80.4683 	EXP 	fixation: autoDraw = False
80.4683 	EXP 	text: autoDraw = False
80.4683 	EXP 	text: height = 0.05
80.4683 	EXP 	text: height = 0.05
80.4683 	EXP 	text: height = 0.05
80.4683 	EXP 	text: text = ' GBP 67 today  or  GBP 75 after 119 days '
80.4683 	EXP 	fixation: autoDraw = True
81.4683 	INFO 	Keyboard events cleared
81.4677 	EXP 	fixation: autoDraw = False
81.4677 	EXP 	text: autoDraw = True
83.8055 	EXP 	New trial (rep=3, index=0): {'reward_today': 67, 'future_reward': 75, 'delay': 119}
83.8070 	DATA 	Keypress: t
83.8182 	EXP 	fixation: autoDraw = False
83.8182 	EXP 	text: autoDraw = False
83.8182 	EXP 	text: text = ' GBP 67 today  or  GBP 75 after 119 days '
83.8182 	EXP 	fixation: autoDraw = True
84.8182 	INFO 	Keyboard events cleared
84.8177 	EXP 	fixation: autoDraw = False
84.8177 	EXP 	text: autoDraw = True
86.0884 	EXP 	New trial (rep=3, index=1): {'reward_today': 11, 'future_reward': 30, 'delay': 7}
86.0920 	DATA 	Keypress: t
86.1005 	EXP 	fixation: autoDraw = False
86.1005 	EXP 	text: autoDraw = False
86.1005 	EXP 	text: height = 0.05
86.1005 	EXP 	text: height = 0.05
86.1005 	EXP 	text: height = 0.05
86.1005 	EXP 	text: text = ' GBP 11 today  or  GBP 30 after 7 days '
86.1005 	EXP 	fixation: autoDraw = True
87.1011 	INFO 	Keyboard events cleared
87.1007 	EXP 	fixation: autoDraw = False
87.1007 	EXP 	text: autoDraw = True
88.2376 	EXP 	New trial (rep=3, index=2): {'reward_today': 15, 'future_reward': 35, 'delay': 13}
88.2424 	DATA 	Keypress: l
88.2500 	EXP 	fixation: autoDraw = False
88.2500 	EXP 	text: autoDraw = False
88.2500 	EXP 	text: height = 0.05
88.2500 	EXP 	text: height = 0.05
88.2500 	EXP 	text: height = 0.05
88.2500 	EXP 	text: text = ' GBP 15 today  or  GBP 35 after 13 days '
88.2500 	EXP 	fixation: autoDraw = True
89.2511 	INFO 	Keyboard events cleared
89.2505 	EXP 	fixation: autoDraw = False
89.2505 	EXP 	text: autoDraw = True
90.1883 	EXP 	New trial (rep=3, index=3): {'reward_today': 78, 'future_reward': 80, 'delay': 162}
90.2185 	DATA 	Keypress: l
90.2336 	EXP 	fixation: autoDraw = False
90.2336 	EXP 	text: autoDraw = False
90.2336 	EXP 	text: height = 0.05
90.2336 	EXP 	text: height = 0.05
90.2336 	EXP 	text: height = 0.05
90.2336 	EXP 	text: text = ' GBP 78 today  or  GBP 80 after 162 days '
90.2336 	EXP 	fixation: autoDraw = True
91.2009 	INFO 	Keyboard events cleared
91.2005 	EXP 	text: autoDraw = True
91.2334 	EXP 	fixation: autoDraw = False
92.6367 	EXP 	New trial (rep=3, index=4): {'reward_today': 27, 'future_reward': 50, 'delay': 21}
92.7394 	DATA 	Keypress: t
92.7496 	EXP 	fixation: autoDraw = False
92.7496 	EXP 	text: autoDraw = False
92.7496 	EXP 	text: height = 0.05
92.7496 	EXP 	text: height = 0.05
92.7496 	EXP 	text: height = 0.05
92.7496 	EXP 	text: text = ' GBP 27 today  or  GBP 50 after 21 days '
92.7496 	EXP 	fixation: autoDraw = True
93.6501 	INFO 	Keyboard events cleared
93.6495 	EXP 	text: autoDraw = True
93.7511 	EXP 	fixation: autoDraw = False
94.3538 	EXP 	New trial (rep=3, index=5): {'reward_today': 40, 'future_reward': 55, 'delay': 62}
94.3573 	DATA 	Keypress: l
94.3663 	EXP 	fixation: autoDraw = False
94.3663 	EXP 	text: autoDraw = False
94.3663 	EXP 	text: height = 0.05
94.3663 	EXP 	text: height = 0.05
94.3663 	EXP 	text: height = 0.05
94.3663 	EXP 	text: text = ' GBP 40 today  or  GBP 55 after 62 days '
94.3663 	EXP 	fixation: autoDraw = True
95.3664 	INFO 	Keyboard events cleared
95.3658 	EXP 	fixation: autoDraw = False
95.3658 	EXP 	text: autoDraw = True
96.3374 	EXP 	New trial (rep=3, index=6): {'reward_today': 49, 'future_reward': 60, 'delay': 89}
96.4004 	DATA 	Keypress: t
96.4149 	EXP 	fixation: autoDraw = False
96.4149 	EXP 	text: autoDraw = False
96.4149 	EXP 	text: height = 0.05
96.4149 	EXP 	text: height = 0.05
96.4149 	EXP 	text: height = 0.05
96.4149 	EXP 	text: text = ' GBP 49 today  or  GBP 60 after 89 days '
96.4149 	EXP 	fixation: autoDraw = True
97.3493 	INFO 	Keyboard events cleared
97.3489 	EXP 	text: autoDraw = True
97.4161 	EXP 	fixation: autoDraw = False
98.0698 	EXP 	New trial (rep=4, index=0): {'reward_today': 78, 'future_reward': 80, 'delay': 162}
98.0737 	DATA 	Keypress: t
98.0826 	EXP 	fixation: autoDraw = False
98.0826 	EXP 	text: autoDraw = False
98.0826 	EXP 	text: height = 0.05
98.0826 	EXP 	text: height = 0.05
98.0826 	EXP 	text: height = 0.05
98.0826 	EXP 	text: text = ' GBP 78 today  or  GBP 80 after 162 days '
98.0826 	EXP 	fixation: autoDraw = True
99.0826 	INFO 	Keyboard events cleared
99.0821 	EXP 	fixation: autoDraw = False
99.0821 	EXP 	text: autoDraw = True
100.1133 	DATA 	Keypress: t
101.0522 	EXP 	New trial (rep=4, index=1): {'reward_today': 67, 'future_reward': 75, 'delay': 119}
101.0721 	DATA 	Keypress: t
101.0812 	EXP 	fixation: autoDraw = False
101.0812 	EXP 	text: autoDraw = False
101.0812 	EXP 	text: height = 0.05
101.0812 	EXP 	text: height = 0.05
101.0812 	EXP 	text: height = 0.05
101.0812 	EXP 	text: text = ' GBP 67 today  or  GBP 75 after 119 days '
101.0812 	EXP 	fixation: autoDraw = True
102.0663 	INFO 	Keyboard events cleared
102.0657 	EXP 	text: autoDraw = True
102.0818 	EXP 	fixation: autoDraw = False
102.8186 	EXP 	New trial (rep=4, index=2): {'reward_today': 49, 'future_reward': 60, 'delay': 89}
102.8227 	DATA 	Keypress: t
102.8327 	EXP 	fixation: autoDraw = False
102.8327 	EXP 	text: autoDraw = False
102.8327 	EXP 	text: height = 0.05
102.8327 	EXP 	text: height = 0.05
102.8327 	EXP 	text: height = 0.05
102.8327 	EXP 	text: text = ' GBP 49 today  or  GBP 60 after 89 days '
102.8327 	EXP 	fixation: autoDraw = True
103.8323 	INFO 	Keyboard events cleared
103.8318 	EXP 	fixation: autoDraw = False
103.8318 	EXP 	text: autoDraw = True
104.5686 	EXP 	New trial (rep=4, index=3): {'reward_today': 11, 'future_reward': 30, 'delay': 7}
104.5727 	DATA 	Keypress: t
104.5814 	EXP 	fixation: autoDraw = False
104.5814 	EXP 	text: autoDraw = False
104.5814 	EXP 	text: height = 0.05
104.5814 	EXP 	text: height = 0.05
104.5814 	EXP 	text: height = 0.05
104.5814 	EXP 	text: text = ' GBP 11 today  or  GBP 30 after 7 days '
104.5814 	EXP 	fixation: autoDraw = True
105.5830 	INFO 	Keyboard events cleared
105.5823 	EXP 	fixation: autoDraw = False
105.5823 	EXP 	text: autoDraw = True
106.3859 	DATA 	Keypress: l
107.4519 	EXP 	New trial (rep=4, index=4): {'reward_today': 40, 'future_reward': 55, 'delay': 62}
107.4555 	DATA 	Keypress: l
107.4642 	EXP 	fixation: autoDraw = False
107.4642 	EXP 	text: autoDraw = False
107.4642 	EXP 	text: height = 0.05
107.4642 	EXP 	text: height = 0.05
107.4642 	EXP 	text: height = 0.05
107.4642 	EXP 	text: text = ' GBP 40 today  or  GBP 55 after 62 days '
107.4642 	EXP 	fixation: autoDraw = True
108.4651 	INFO 	Keyboard events cleared
108.4646 	EXP 	fixation: autoDraw = False
108.4646 	EXP 	text: autoDraw = True
110.0176 	EXP 	New trial (rep=4, index=5): {'reward_today': 15, 'future_reward': 35, 'delay': 13}
110.0213 	DATA 	Keypress: t
110.0307 	EXP 	fixation: autoDraw = False
110.0307 	EXP 	text: autoDraw = False
110.0307 	EXP 	text: height = 0.05
110.0307 	EXP 	text: height = 0.05
110.0307 	EXP 	text: height = 0.05
110.0307 	EXP 	text: text = ' GBP 15 today  or  GBP 35 after 13 days '
110.0307 	EXP 	fixation: autoDraw = True
111.0313 	INFO 	Keyboard events cleared
111.0307 	EXP 	fixation: autoDraw = False
111.0307 	EXP 	text: autoDraw = True
112.0016 	EXP 	New trial (rep=4, index=6): {'reward_today': 27, 'future_reward': 50, 'delay': 21}
112.0054 	DATA 	Keypress: l
112.0139 	EXP 	fixation: autoDraw = False
112.0139 	EXP 	text: autoDraw = False
112.0139 	EXP 	text: height = 0.05
112.0139 	EXP 	text: height = 0.05
112.0139 	EXP 	text: height = 0.05
112.0139 	EXP 	text: text = ' GBP 27 today  or  GBP 50 after 21 days '
112.0139 	EXP 	fixation: autoDraw = True
113.0142 	INFO 	Keyboard events cleared
113.0137 	EXP 	fixation: autoDraw = False
113.0137 	EXP 	text: autoDraw = True
114.3014 	EXP 	New trial (rep=5, index=0): {'reward_today': 67, 'future_reward': 75, 'delay': 119}
114.3051 	DATA 	Keypress: l
114.3139 	EXP 	fixation: autoDraw = False
114.3139 	EXP 	text: autoDraw = False
114.3139 	EXP 	text: height = 0.05
114.3139 	EXP 	text: height = 0.05
114.3139 	EXP 	text: height = 0.05
114.3139 	EXP 	text: text = ' GBP 67 today  or  GBP 75 after 119 days '
114.3139 	EXP 	fixation: autoDraw = True
115.3142 	INFO 	Keyboard events cleared
115.3136 	EXP 	fixation: autoDraw = False
115.3136 	EXP 	text: autoDraw = True
116.0682 	EXP 	New trial (rep=5, index=1): {'reward_today': 40, 'future_reward': 55, 'delay': 62}
116.0718 	DATA 	Keypress: t
116.0802 	EXP 	fixation: autoDraw = False
116.0802 	EXP 	text: autoDraw = False
116.0802 	EXP 	text: height = 0.05
116.0802 	EXP 	text: height = 0.05
116.0802 	EXP 	text: height = 0.05
116.0802 	EXP 	text: text = ' GBP 40 today  or  GBP 55 after 62 days '
116.0802 	EXP 	fixation: autoDraw = True
117.0806 	INFO 	Keyboard events cleared
117.0800 	EXP 	fixation: autoDraw = False
117.0800 	EXP 	text: autoDraw = True
117.6004 	EXP 	New trial (rep=5, index=2): {'reward_today': 78, 'future_reward': 80, 'delay': 162}
117.6046 	DATA 	Keypress: t
117.6129 	EXP 	fixation: autoDraw = False
117.6129 	EXP 	text: autoDraw = False
117.6129 	EXP 	text: height = 0.05
117.6129 	EXP 	text: height = 0.05
117.6129 	EXP 	text: height = 0.05
117.6129 	EXP 	text: text = ' GBP 78 today  or  GBP 80 after 162 days '
117.6129 	EXP 	fixation: autoDraw = True
118.6136 	INFO 	Keyboard events cleared
118.6129 	EXP 	fixation: autoDraw = False
118.6129 	EXP 	text: autoDraw = True
119.2841 	EXP 	New trial (rep=5, index=3): {'reward_today': 11, 'future_reward': 30, 'delay': 7}
119.2875 	DATA 	Keypress: t
119.2963 	EXP 	fixation: autoDraw = False
119.2963 	EXP 	text: autoDraw = False
119.2963 	EXP 	text: height = 0.05
119.2963 	EXP 	text: height = 0.05
119.2963 	EXP 	text: height = 0.05
119.2963 	EXP 	text: text = ' GBP 11 today  or  GBP 30 after 7 days '
119.2963 	EXP 	fixation: autoDraw = True
120.2971 	INFO 	Keyboard events cleared
120.2964 	EXP 	fixation: autoDraw = False
120.2964 	EXP 	text: autoDraw = True
121.0008 	EXP 	New trial (rep=5, index=4): {'reward_today': 49, 'future_reward': 60, 'delay': 89}
121.0045 	DATA 	Keypress: l
121.0130 	EXP 	fixation: autoDraw = False
121.0130 	EXP 	text: autoDraw = False
121.0130 	EXP 	text: height = 0.05
121.0130 	EXP 	text: height = 0.05
121.0130 	EXP 	text: height = 0.05
121.0130 	EXP 	text: text = ' GBP 49 today  or  GBP 60 after 89 days '
121.0130 	EXP 	fixation: autoDraw = True
122.0147 	INFO 	Keyboard events cleared
122.0141 	EXP 	fixation: autoDraw = False
122.0141 	EXP 	text: autoDraw = True
123.7498 	EXP 	New trial (rep=5, index=5): {'reward_today': 15, 'future_reward': 35, 'delay': 13}
123.8332 	DATA 	Keypress: t
123.8447 	EXP 	fixation: autoDraw = False
123.8447 	EXP 	text: autoDraw = False
123.8447 	EXP 	text: height = 0.05
123.8447 	EXP 	text: height = 0.05
123.8447 	EXP 	text: height = 0.05
123.8447 	EXP 	text: text = ' GBP 15 today  or  GBP 35 after 13 days '
123.8447 	EXP 	fixation: autoDraw = True
124.7632 	INFO 	Keyboard events cleared
124.7626 	EXP 	text: autoDraw = True
124.8463 	EXP 	fixation: autoDraw = False
126.4002 	EXP 	New trial (rep=5, index=6): {'reward_today': 27, 'future_reward': 50, 'delay': 21}
126.4044 	DATA 	Keypress: l
126.4119 	EXP 	fixation: autoDraw = False
126.4119 	EXP 	text: autoDraw = False
126.4119 	EXP 	text: height = 0.05
126.4119 	EXP 	text: height = 0.05
126.4119 	EXP 	text: height = 0.05
126.4119 	EXP 	text: text = ' GBP 27 today  or  GBP 50 after 21 days '
126.4119 	EXP 	fixation: autoDraw = True
127.4125 	INFO 	Keyboard events cleared
127.4119 	EXP 	fixation: autoDraw = False
127.4119 	EXP 	text: autoDraw = True
128.3494 	EXP 	New trial (rep=6, index=0): {'reward_today': 49, 'future_reward': 60, 'delay': 89}
128.4448 	DATA 	Keypress: l
128.4614 	EXP 	fixation: autoDraw = False
128.4614 	EXP 	text: autoDraw = False
128.4614 	EXP 	text: height = 0.05
128.4614 	EXP 	text: height = 0.05
128.4614 	EXP 	text: height = 0.05
128.4614 	EXP 	text: text = ' GBP 49 today  or  GBP 60 after 89 days '
128.4614 	EXP 	fixation: autoDraw = True
129.3620 	INFO 	Keyboard events cleared
129.3616 	EXP 	text: autoDraw = True
129.4619 	EXP 	fixation: autoDraw = False
130.1169 	EXP 	New trial (rep=6, index=1): {'reward_today': 15, 'future_reward': 35, 'delay': 13}
130.1202 	DATA 	Keypress: t
130.1283 	EXP 	fixation: autoDraw = False
130.1283 	EXP 	text: autoDraw = False
130.1283 	EXP 	text: height = 0.05
130.1283 	EXP 	text: height = 0.05
130.1283 	EXP 	text: height = 0.05
130.1283 	EXP 	text: text = ' GBP 15 today  or  GBP 35 after 13 days '
130.1283 	EXP 	fixation: autoDraw = True
131.1284 	INFO 	Keyboard events cleared
131.1278 	EXP 	fixation: autoDraw = False
131.1278 	EXP 	text: autoDraw = True
132.7983 	EXP 	New trial (rep=6, index=2): {'reward_today': 78, 'future_reward': 80, 'delay': 162}
132.8052 	DATA 	Keypress: t
132.8116 	EXP 	fixation: autoDraw = False
132.8116 	EXP 	text: autoDraw = False
132.8116 	EXP 	text: height = 0.05
132.8116 	EXP 	text: height = 0.05
132.8116 	EXP 	text: height = 0.05
132.8116 	EXP 	text: text = ' GBP 78 today  or  GBP 80 after 162 days '
132.8116 	EXP 	fixation: autoDraw = True
133.8123 	INFO 	Keyboard events cleared
133.8118 	EXP 	fixation: autoDraw = False
133.8118 	EXP 	text: autoDraw = True
135.1986 	EXP 	New trial (rep=6, index=3): {'reward_today': 27, 'future_reward': 50, 'delay': 21}
135.2025 	DATA 	Keypress: t
135.2113 	EXP 	fixation: autoDraw = False
135.2113 	EXP 	text: autoDraw = False
135.2113 	EXP 	text: height = 0.05
135.2113 	EXP 	text: height = 0.05
135.2113 	EXP 	text: height = 0.05
135.2113 	EXP 	text: text = ' GBP 27 today  or  GBP 50 after 21 days '
135.2113 	EXP 	fixation: autoDraw = True
136.2121 	INFO 	Keyboard events cleared
136.2115 	EXP 	fixation: autoDraw = False
136.2115 	EXP 	text: autoDraw = True
137.6990 	EXP 	New trial (rep=6, index=4): {'reward_today': 67, 'future_reward': 75, 'delay': 119}
137.7029 	DATA 	Keypress: l
137.7107 	EXP 	fixation: autoDraw = False
137.7107 	EXP 	text: autoDraw = False
137.7107 	EXP 	text: height = 0.05
137.7107 	EXP 	text: height = 0.05
137.7107 	EXP 	text: height = 0.05
137.7107 	EXP 	text: text = ' GBP 67 today  or  GBP 75 after 119 days '
137.7107 	EXP 	fixation: autoDraw = True
138.7114 	INFO 	Keyboard events cleared
138.7108 	EXP 	fixation: autoDraw = False
138.7108 	EXP 	text: autoDraw = True
140.6647 	EXP 	New trial (rep=6, index=5): {'reward_today': 40, 'future_reward': 55, 'delay': 62}
140.6682 	DATA 	Keypress: t
140.6765 	EXP 	fixation: autoDraw = False
140.6765 	EXP 	text: autoDraw = False
140.6765 	EXP 	text: height = 0.05
140.6765 	EXP 	text: height = 0.05
140.6765 	EXP 	text: height = 0.05
140.6765 	EXP 	text: text = ' GBP 40 today  or  GBP 55 after 62 days '
140.6765 	EXP 	fixation: autoDraw = True
141.6775 	INFO 	Keyboard events cleared
141.6769 	EXP 	fixation: autoDraw = False
141.6769 	EXP 	text: autoDraw = True
144.9800 	EXP 	New trial (rep=6, index=6): {'reward_today': 11, 'future_reward': 30, 'delay': 7}
144.9841 	DATA 	Keypress: t
144.9935 	EXP 	fixation: autoDraw = False
144.9935 	EXP 	text: autoDraw = False
144.9935 	EXP 	text: height = 0.05
144.9935 	EXP 	text: height = 0.05
144.9935 	EXP 	text: height = 0.05
144.9935 	EXP 	text: text = ' GBP 11 today  or  GBP 30 after 7 days '
144.9935 	EXP 	fixation: autoDraw = True
145.9935 	INFO 	Keyboard events cleared
145.9929 	EXP 	fixation: autoDraw = False
145.9929 	EXP 	text: autoDraw = True
148.2137 	EXP 	New trial (rep=7, index=0): {'reward_today': 40, 'future_reward': 55, 'delay': 62}
148.2179 	DATA 	Keypress: l
148.2264 	EXP 	fixation: autoDraw = False
148.2264 	EXP 	text: autoDraw = False
148.2264 	EXP 	text: height = 0.05
148.2264 	EXP 	text: height = 0.05
148.2264 	EXP 	text: height = 0.05
148.2264 	EXP 	text: text = ' GBP 40 today  or  GBP 55 after 62 days '
148.2264 	EXP 	fixation: autoDraw = True
149.2260 	INFO 	Keyboard events cleared
149.2255 	EXP 	fixation: autoDraw = False
149.2255 	EXP 	text: autoDraw = True
150.0963 	EXP 	New trial (rep=7, index=1): {'reward_today': 15, 'future_reward': 35, 'delay': 13}
150.1001 	DATA 	Keypress: t
150.1094 	EXP 	fixation: autoDraw = False
150.1094 	EXP 	text: autoDraw = False
150.1094 	EXP 	text: height = 0.05
150.1094 	EXP 	text: height = 0.05
150.1094 	EXP 	text: height = 0.05
150.1094 	EXP 	text: text = ' GBP 15 today  or  GBP 35 after 13 days '
150.1094 	EXP 	fixation: autoDraw = True
151.1097 	INFO 	Keyboard events cleared
151.1091 	EXP 	fixation: autoDraw = False
151.1091 	EXP 	text: autoDraw = True
152.3624 	EXP 	New trial (rep=7, index=2): {'reward_today': 49, 'future_reward': 60, 'delay': 89}
152.3661 	DATA 	Keypress: t
152.3761 	EXP 	fixation: autoDraw = False
152.3761 	EXP 	text: autoDraw = False
152.3761 	EXP 	text: height = 0.05
152.3761 	EXP 	text: height = 0.05
152.3761 	EXP 	text: height = 0.05
152.3761 	EXP 	text: text = ' GBP 49 today  or  GBP 60 after 89 days '
152.3761 	EXP 	fixation: autoDraw = True
153.3759 	INFO 	Keyboard events cleared
153.3753 	EXP 	fixation: autoDraw = False
153.3753 	EXP 	text: autoDraw = True
154.2627 	EXP 	New trial (rep=7, index=3): {'reward_today': 11, 'future_reward': 30, 'delay': 7}
154.3366 	DATA 	Keypress: t
154.3405 	EXP 	fixation: autoDraw = False
154.3405 	EXP 	text: autoDraw = False
154.3405 	EXP 	text: height = 0.05
154.3405 	EXP 	text: height = 0.05
154.3405 	EXP 	text: height = 0.05
154.3405 	EXP 	text: text = ' GBP 11 today  or  GBP 30 after 7 days '
154.3405 	EXP 	fixation: autoDraw = True
155.2768 	INFO 	Keyboard events cleared
155.2762 	EXP 	text: autoDraw = True
155.3424 	EXP 	fixation: autoDraw = False
159.8623 	EXP 	New trial (rep=7, index=4): {'reward_today': 78, 'future_reward': 80, 'delay': 162}
159.8663 	DATA 	Keypress: l
159.8745 	EXP 	fixation: autoDraw = False
159.8745 	EXP 	text: autoDraw = False
159.8745 	EXP 	text: height = 0.05
159.8745 	EXP 	text: height = 0.05
159.8745 	EXP 	text: height = 0.05
159.8745 	EXP 	text: text = ' GBP 78 today  or  GBP 80 after 162 days '
159.8745 	EXP 	fixation: autoDraw = True
160.8748 	INFO 	Keyboard events cleared
160.8743 	EXP 	fixation: autoDraw = False
160.8743 	EXP 	text: autoDraw = True
161.8782 	EXP 	New trial (rep=7, index=5): {'reward_today': 27, 'future_reward': 50, 'delay': 21}
161.8824 	DATA 	Keypress: t
161.8909 	EXP 	fixation: autoDraw = False
161.8909 	EXP 	text: autoDraw = False
161.8909 	EXP 	text: height = 0.05
161.8909 	EXP 	text: height = 0.05
161.8909 	EXP 	text: height = 0.05
161.8909 	EXP 	text: text = ' GBP 27 today  or  GBP 50 after 21 days '
161.8909 	EXP 	fixation: autoDraw = True
162.8924 	INFO 	Keyboard events cleared
162.8918 	EXP 	fixation: autoDraw = False
162.8918 	EXP 	text: autoDraw = True
163.7950 	EXP 	New trial (rep=7, index=6): {'reward_today': 67, 'future_reward': 75, 'delay': 119}
163.7983 	DATA 	Keypress: l
163.8072 	EXP 	fixation: autoDraw = False
163.8072 	EXP 	text: autoDraw = False
163.8072 	EXP 	text: height = 0.05
163.8072 	EXP 	text: height = 0.05
163.8072 	EXP 	text: height = 0.05
163.8072 	EXP 	text: text = ' GBP 67 today  or  GBP 75 after 119 days '
163.8072 	EXP 	fixation: autoDraw = True
164.8080 	INFO 	Keyboard events cleared
164.8074 	EXP 	fixation: autoDraw = False
164.8074 	EXP 	text: autoDraw = True
166.3273 	EXP 	New trial (rep=8, index=0): {'reward_today': 15, 'future_reward': 35, 'delay': 13}
166.3310 	DATA 	Keypress: t
166.3400 	EXP 	fixation: autoDraw = False
166.3400 	EXP 	text: autoDraw = False
166.3400 	EXP 	text: height = 0.05
166.3400 	EXP 	text: height = 0.05
166.3400 	EXP 	text: height = 0.05
166.3400 	EXP 	text: text = ' GBP 15 today  or  GBP 35 after 13 days '
166.3400 	EXP 	fixation: autoDraw = True
167.3412 	INFO 	Keyboard events cleared
167.3407 	EXP 	fixation: autoDraw = False
167.3407 	EXP 	text: autoDraw = True
168.2617 	EXP 	New trial (rep=8, index=1): {'reward_today': 49, 'future_reward': 60, 'delay': 89}
168.3575 	DATA 	Keypress: l
168.3725 	EXP 	fixation: autoDraw = False
168.3725 	EXP 	text: autoDraw = False
168.3725 	EXP 	text: height = 0.05
168.3725 	EXP 	text: height = 0.05
168.3725 	EXP 	text: height = 0.05
168.3725 	EXP 	text: text = ' GBP 49 today  or  GBP 60 after 89 days '
168.3725 	EXP 	fixation: autoDraw = True
169.2744 	INFO 	Keyboard events cleared
169.2738 	EXP 	text: autoDraw = True
169.3741 	EXP 	fixation: autoDraw = False
170.7112 	EXP 	New trial (rep=8, index=2): {'reward_today': 40, 'future_reward': 55, 'delay': 62}
170.7152 	DATA 	Keypress: t
170.7233 	EXP 	fixation: autoDraw = False
170.7233 	EXP 	text: autoDraw = False
170.7233 	EXP 	text: height = 0.05
170.7233 	EXP 	text: height = 0.05
170.7233 	EXP 	text: height = 0.05
170.7233 	EXP 	text: text = ' GBP 40 today  or  GBP 55 after 62 days '
170.7233 	EXP 	fixation: autoDraw = True
171.7249 	INFO 	Keyboard events cleared
171.7242 	EXP 	fixation: autoDraw = False
171.7242 	EXP 	text: autoDraw = True
172.4265 	EXP 	New trial (rep=8, index=3): {'reward_today': 27, 'future_reward': 50, 'delay': 21}
172.4299 	DATA 	Keypress: t
172.4396 	EXP 	fixation: autoDraw = False
172.4396 	EXP 	text: autoDraw = False
172.4396 	EXP 	text: height = 0.05
172.4396 	EXP 	text: height = 0.05
172.4396 	EXP 	text: height = 0.05
172.4396 	EXP 	text: text = ' GBP 27 today  or  GBP 50 after 21 days '
172.4396 	EXP 	fixation: autoDraw = True
173.4407 	INFO 	Keyboard events cleared
173.4401 	EXP 	fixation: autoDraw = False
173.4401 	EXP 	text: autoDraw = True
174.3943 	EXP 	New trial (rep=8, index=4): {'reward_today': 67, 'future_reward': 75, 'delay': 119}
174.3983 	DATA 	Keypress: l
174.4060 	EXP 	fixation: autoDraw = False
174.4060 	EXP 	text: autoDraw = False
174.4060 	EXP 	text: height = 0.05
174.4060 	EXP 	text: height = 0.05
174.4060 	EXP 	text: height = 0.05
174.4060 	EXP 	text: text = ' GBP 67 today  or  GBP 75 after 119 days '
174.4060 	EXP 	fixation: autoDraw = True
175.4067 	INFO 	Keyboard events cleared
175.4061 	EXP 	fixation: autoDraw = False
175.4061 	EXP 	text: autoDraw = True
177.0436 	EXP 	New trial (rep=8, index=5): {'reward_today': 11, 'future_reward': 30, 'delay': 7}
177.0470 	DATA 	Keypress: t
177.0554 	EXP 	fixation: autoDraw = False
177.0554 	EXP 	text: autoDraw = False
177.0554 	EXP 	text: height = 0.05
177.0554 	EXP 	text: height = 0.05
177.0554 	EXP 	text: height = 0.05
177.0554 	EXP 	text: text = ' GBP 11 today  or  GBP 30 after 7 days '
177.0554 	EXP 	fixation: autoDraw = True
178.0563 	INFO 	Keyboard events cleared
178.0558 	EXP 	fixation: autoDraw = False
178.0558 	EXP 	text: autoDraw = True
178.9098 	EXP 	New trial (rep=8, index=6): {'reward_today': 78, 'future_reward': 80, 'delay': 162}
178.9969 	DATA 	Keypress: l
179.0047 	EXP 	fixation: autoDraw = False
179.0047 	EXP 	text: autoDraw = False
179.0047 	EXP 	text: height = 0.05
179.0047 	EXP 	text: height = 0.05
179.0047 	EXP 	text: height = 0.05
179.0047 	EXP 	text: text = ' GBP 78 today  or  GBP 80 after 162 days '
179.0047 	EXP 	fixation: autoDraw = True
179.9231 	INFO 	Keyboard events cleared
179.9225 	EXP 	text: autoDraw = True
180.0060 	EXP 	fixation: autoDraw = False
181.0262 	EXP 	New trial (rep=9, index=0): {'reward_today': 27, 'future_reward': 50, 'delay': 21}
181.0300 	DATA 	Keypress: t
181.0382 	EXP 	fixation: autoDraw = False
181.0382 	EXP 	text: autoDraw = False
181.0382 	EXP 	text: height = 0.05
181.0382 	EXP 	text: height = 0.05
181.0382 	EXP 	text: height = 0.05
181.0382 	EXP 	text: text = ' GBP 27 today  or  GBP 50 after 21 days '
181.0382 	EXP 	fixation: autoDraw = True
182.0383 	INFO 	Keyboard events cleared
182.0378 	EXP 	fixation: autoDraw = False
182.0378 	EXP 	text: autoDraw = True
183.9590 	EXP 	New trial (rep=9, index=1): {'reward_today': 67, 'future_reward': 75, 'delay': 119}
183.9638 	DATA 	Keypress: l
183.9716 	EXP 	fixation: autoDraw = False
183.9716 	EXP 	text: autoDraw = False
183.9716 	EXP 	text: height = 0.05
183.9716 	EXP 	text: height = 0.05
183.9716 	EXP 	text: height = 0.05
183.9716 	EXP 	text: text = ' GBP 67 today  or  GBP 75 after 119 days '
183.9716 	EXP 	fixation: autoDraw = True
184.9722 	INFO 	Keyboard events cleared
184.9716 	EXP 	fixation: autoDraw = False
184.9716 	EXP 	text: autoDraw = True
187.1917 	EXP 	New trial (rep=9, index=2): {'reward_today': 40, 'future_reward': 55, 'delay': 62}
187.1959 	DATA 	Keypress: t
187.2040 	EXP 	fixation: autoDraw = False
187.2040 	EXP 	text: autoDraw = False
187.2040 	EXP 	text: height = 0.05
187.2040 	EXP 	text: height = 0.05
187.2040 	EXP 	text: height = 0.05
187.2040 	EXP 	text: text = ' GBP 40 today  or  GBP 55 after 62 days '
187.2040 	EXP 	fixation: autoDraw = True
188.2047 	INFO 	Keyboard events cleared
188.2040 	EXP 	fixation: autoDraw = False
188.2040 	EXP 	text: autoDraw = True
189.1254 	EXP 	New trial (rep=9, index=3): {'reward_today': 49, 'future_reward': 60, 'delay': 89}
189.1288 	DATA 	Keypress: t
189.1372 	EXP 	fixation: autoDraw = False
189.1372 	EXP 	text: autoDraw = False
189.1372 	EXP 	text: height = 0.05
189.1372 	EXP 	text: height = 0.05
189.1372 	EXP 	text: height = 0.05
189.1372 	EXP 	text: text = ' GBP 49 today  or  GBP 60 after 89 days '
189.1372 	EXP 	fixation: autoDraw = True
190.1378 	INFO 	Keyboard events cleared
190.1372 	EXP 	fixation: autoDraw = False
190.1372 	EXP 	text: autoDraw = True
190.7245 	EXP 	New trial (rep=9, index=4): {'reward_today': 78, 'future_reward': 80, 'delay': 162}
190.7280 	DATA 	Keypress: t
190.7377 	EXP 	fixation: autoDraw = False
190.7377 	EXP 	text: autoDraw = False
190.7377 	EXP 	text: height = 0.05
190.7377 	EXP 	text: height = 0.05
190.7377 	EXP 	text: height = 0.05
190.7377 	EXP 	text: text = ' GBP 78 today  or  GBP 80 after 162 days '
190.7377 	EXP 	fixation: autoDraw = True
191.7378 	INFO 	Keyboard events cleared
191.7372 	EXP 	fixation: autoDraw = False
191.7372 	EXP 	text: autoDraw = True
192.7581 	EXP 	New trial (rep=9, index=5): {'reward_today': 11, 'future_reward': 30, 'delay': 7}
192.7628 	DATA 	Keypress: t
192.7714 	EXP 	fixation: autoDraw = False
192.7714 	EXP 	text: autoDraw = False
192.7714 	EXP 	text: height = 0.05
192.7714 	EXP 	text: height = 0.05
192.7714 	EXP 	text: height = 0.05
192.7714 	EXP 	text: text = ' GBP 11 today  or  GBP 30 after 7 days '
192.7714 	EXP 	fixation: autoDraw = True
193.7711 	INFO 	Keyboard events cleared
193.7704 	EXP 	text: autoDraw = True
193.7866 	EXP 	fixation: autoDraw = False
194.5075 	EXP 	New trial (rep=9, index=6): {'reward_today': 15, 'future_reward': 35, 'delay': 13}
194.5113 	DATA 	Keypress: l
194.5202 	EXP 	fixation: autoDraw = False
194.5202 	EXP 	text: autoDraw = False
194.5202 	EXP 	text: height = 0.05
194.5202 	EXP 	text: height = 0.05
194.5202 	EXP 	text: height = 0.05
194.5202 	EXP 	text: text = ' GBP 15 today  or  GBP 35 after 13 days '
194.5202 	EXP 	fixation: autoDraw = True
195.5201 	INFO 	Keyboard events cleared
195.5196 	EXP 	fixation: autoDraw = False
195.5196 	EXP 	text: autoDraw = True
197.1914 	DATA 	Keypress: l
197.2071 	EXP 	New trial (rep=10, index=0): {'reward_today': 11, 'future_reward': 30, 'delay': 7}
197.2199 	EXP 	fixation: autoDraw = False
197.2199 	EXP 	text: autoDraw = False
197.2199 	EXP 	text: height = 0.05
197.2199 	EXP 	text: height = 0.05
197.2199 	EXP 	text: height = 0.05
197.2199 	EXP 	text: text = ' GBP 11 today  or  GBP 30 after 7 days '
197.2199 	EXP 	fixation: autoDraw = True
198.2202 	INFO 	Keyboard events cleared
198.2196 	EXP 	fixation: autoDraw = False
198.2196 	EXP 	text: autoDraw = True
199.2241 	EXP 	New trial (rep=10, index=1): {'reward_today': 27, 'future_reward': 50, 'delay': 21}
199.2276 	DATA 	Keypress: l
199.2360 	EXP 	fixation: autoDraw = False
199.2360 	EXP 	text: autoDraw = False
199.2360 	EXP 	text: height = 0.05
199.2360 	EXP 	text: height = 0.05
199.2360 	EXP 	text: height = 0.05
199.2360 	EXP 	text: text = ' GBP 27 today  or  GBP 50 after 21 days '
199.2360 	EXP 	fixation: autoDraw = True
200.2367 	INFO 	Keyboard events cleared
200.2362 	EXP 	fixation: autoDraw = False
200.2362 	EXP 	text: autoDraw = True
201.0237 	EXP 	New trial (rep=10, index=2): {'reward_today': 15, 'future_reward': 35, 'delay': 13}
201.3893 	DATA 	Keypress: l
201.4014 	EXP 	fixation: autoDraw = False
201.4014 	EXP 	text: autoDraw = False
201.4014 	EXP 	text: height = 0.05
201.4014 	EXP 	text: height = 0.05
201.4014 	EXP 	text: height = 0.05
201.4014 	EXP 	text: text = ' GBP 15 today  or  GBP 35 after 13 days '
201.4014 	EXP 	fixation: autoDraw = True
202.0365 	INFO 	Keyboard events cleared
202.0359 	EXP 	text: autoDraw = True
202.4024 	EXP 	fixation: autoDraw = False
202.6902 	EXP 	New trial (rep=10, index=3): {'reward_today': 49, 'future_reward': 60, 'delay': 89}
202.6948 	DATA 	Keypress: t
202.7023 	EXP 	fixation: autoDraw = False
202.7023 	EXP 	text: autoDraw = False
202.7023 	EXP 	text: height = 0.05
202.7023 	EXP 	text: height = 0.05
202.7023 	EXP 	text: height = 0.05
202.7023 	EXP 	text: text = ' GBP 49 today  or  GBP 60 after 89 days '
202.7023 	EXP 	fixation: autoDraw = True
203.7032 	INFO 	Keyboard events cleared
203.7026 	EXP 	fixation: autoDraw = False
203.7026 	EXP 	text: autoDraw = True
204.4392 	EXP 	New trial (rep=10, index=4): {'reward_today': 67, 'future_reward': 75, 'delay': 119}
204.4443 	DATA 	Keypress: l
204.4532 	EXP 	fixation: autoDraw = False
204.4532 	EXP 	text: autoDraw = False
204.4532 	EXP 	text: height = 0.05
204.4532 	EXP 	text: height = 0.05
204.4532 	EXP 	text: height = 0.05
204.4532 	EXP 	text: text = ' GBP 67 today  or  GBP 75 after 119 days '
204.4532 	EXP 	fixation: autoDraw = True
205.4525 	INFO 	Keyboard events cleared
205.4519 	EXP 	text: autoDraw = True
205.4691 	EXP 	fixation: autoDraw = False
207.0417 	DATA 	Keypress: t
207.0560 	EXP 	New trial (rep=10, index=5): {'reward_today': 40, 'future_reward': 55, 'delay': 62}
207.0685 	EXP 	fixation: autoDraw = False
207.0685 	EXP 	text: autoDraw = False
207.0685 	EXP 	text: height = 0.05
207.0685 	EXP 	text: height = 0.05
207.0685 	EXP 	text: height = 0.05
207.0685 	EXP 	text: text = ' GBP 40 today  or  GBP 55 after 62 days '
207.0685 	EXP 	fixation: autoDraw = True
208.0686 	INFO 	Keyboard events cleared
208.0681 	EXP 	fixation: autoDraw = False
208.0681 	EXP 	text: autoDraw = True
213.3884 	EXP 	New trial (rep=10, index=6): {'reward_today': 78, 'future_reward': 80, 'delay': 162}
213.3922 	DATA 	Keypress: t
213.4005 	EXP 	fixation: autoDraw = False
213.4005 	EXP 	text: autoDraw = False
213.4005 	EXP 	text: height = 0.05
213.4005 	EXP 	text: height = 0.05
213.4005 	EXP 	text: height = 0.05
213.4005 	EXP 	text: text = ' GBP 78 today  or  GBP 80 after 162 days '
213.4005 	EXP 	fixation: autoDraw = True
214.4013 	INFO 	Keyboard events cleared
214.4007 	EXP 	fixation: autoDraw = False
214.4007 	EXP 	text: autoDraw = True
214.8557 	EXP 	New trial (rep=11, index=0): {'reward_today': 27, 'future_reward': 50, 'delay': 21}
214.9429 	DATA 	Keypress: t
214.9496 	EXP 	fixation: autoDraw = False
214.9496 	EXP 	text: autoDraw = False
214.9496 	EXP 	text: height = 0.05
214.9496 	EXP 	text: height = 0.05
214.9496 	EXP 	text: height = 0.05
214.9496 	EXP 	text: text = ' GBP 27 today  or  GBP 50 after 21 days '
214.9496 	EXP 	fixation: autoDraw = True
215.8696 	INFO 	Keyboard events cleared
215.8686 	EXP 	text: autoDraw = True
215.9514 	EXP 	fixation: autoDraw = False
216.8873 	EXP 	New trial (rep=11, index=1): {'reward_today': 11, 'future_reward': 30, 'delay': 7}
216.8911 	DATA 	Keypress: l
216.9004 	EXP 	fixation: autoDraw = False
216.9004 	EXP 	text: autoDraw = False
216.9004 	EXP 	text: height = 0.05
216.9004 	EXP 	text: height = 0.05
216.9004 	EXP 	text: height = 0.05
216.9004 	EXP 	text: text = ' GBP 11 today  or  GBP 30 after 7 days '
216.9004 	EXP 	fixation: autoDraw = True
217.9014 	INFO 	Keyboard events cleared
217.9009 	EXP 	fixation: autoDraw = False
217.9009 	EXP 	text: autoDraw = True
220.4889 	DATA 	Keypress: l
220.5052 	EXP 	New trial (rep=11, index=2): {'reward_today': 78, 'future_reward': 80, 'delay': 162}
220.5170 	EXP 	fixation: autoDraw = False
220.5170 	EXP 	text: autoDraw = False
220.5170 	EXP 	text: height = 0.05
220.5170 	EXP 	text: height = 0.05
220.5170 	EXP 	text: height = 0.05
220.5170 	EXP 	text: text = ' GBP 78 today  or  GBP 80 after 162 days '
220.5170 	EXP 	fixation: autoDraw = True
221.5173 	INFO 	Keyboard events cleared
221.5167 	EXP 	fixation: autoDraw = False
221.5167 	EXP 	text: autoDraw = True
222.1713 	EXP 	New trial (rep=11, index=3): {'reward_today': 15, 'future_reward': 35, 'delay': 13}
222.1751 	DATA 	Keypress: t
222.1830 	EXP 	fixation: autoDraw = False
222.1830 	EXP 	text: autoDraw = False
222.1830 	EXP 	text: height = 0.05
222.1830 	EXP 	text: height = 0.05
222.1830 	EXP 	text: height = 0.05
222.1830 	EXP 	text: text = ' GBP 15 today  or  GBP 35 after 13 days '
222.1830 	EXP 	fixation: autoDraw = True
223.1837 	INFO 	Keyboard events cleared
223.1832 	EXP 	fixation: autoDraw = False
223.1832 	EXP 	text: autoDraw = True
224.1201 	EXP 	New trial (rep=11, index=4): {'reward_today': 49, 'future_reward': 60, 'delay': 89}
224.1242 	DATA 	Keypress: t
224.1330 	EXP 	fixation: autoDraw = False
224.1330 	EXP 	text: autoDraw = False
224.1330 	EXP 	text: height = 0.05
224.1330 	EXP 	text: height = 0.05
224.1330 	EXP 	text: height = 0.05
224.1330 	EXP 	text: text = ' GBP 49 today  or  GBP 60 after 89 days '
224.1330 	EXP 	fixation: autoDraw = True
225.1341 	INFO 	Keyboard events cleared
225.1337 	EXP 	fixation: autoDraw = False
225.1337 	EXP 	text: autoDraw = True
225.9213 	EXP 	New trial (rep=11, index=5): {'reward_today': 67, 'future_reward': 75, 'delay': 119}
225.9249 	DATA 	Keypress: t
225.9333 	EXP 	fixation: autoDraw = False
225.9333 	EXP 	text: autoDraw = False
225.9333 	EXP 	text: height = 0.05
225.9333 	EXP 	text: height = 0.05
225.9333 	EXP 	text: height = 0.05
225.9333 	EXP 	text: text = ' GBP 67 today  or  GBP 75 after 119 days '
225.9333 	EXP 	fixation: autoDraw = True
226.9332 	INFO 	Keyboard events cleared
226.9326 	EXP 	fixation: autoDraw = False
226.9326 	EXP 	text: autoDraw = True
228.0039 	EXP 	New trial (rep=11, index=6): {'reward_today': 40, 'future_reward': 55, 'delay': 62}
228.0074 	DATA 	Keypress: l
228.0160 	EXP 	fixation: autoDraw = False
228.0160 	EXP 	text: autoDraw = False
228.0160 	EXP 	text: height = 0.05
228.0160 	EXP 	text: height = 0.05
228.0160 	EXP 	text: height = 0.05
228.0160 	EXP 	text: text = ' GBP 40 today  or  GBP 55 after 62 days '
228.0160 	EXP 	fixation: autoDraw = True
229.0164 	INFO 	Keyboard events cleared
229.0158 	EXP 	text: autoDraw = True
229.0324 	EXP 	fixation: autoDraw = False
229.8865 	EXP 	New trial (rep=12, index=0): {'reward_today': 15, 'future_reward': 35, 'delay': 13}
229.8903 	DATA 	Keypress: t
229.8988 	EXP 	fixation: autoDraw = False
229.8988 	EXP 	text: autoDraw = False
229.8988 	EXP 	text: height = 0.05
229.8988 	EXP 	text: height = 0.05
229.8988 	EXP 	text: height = 0.05
229.8988 	EXP 	text: text = ' GBP 15 today  or  GBP 35 after 13 days '
229.8988 	EXP 	fixation: autoDraw = True
230.8989 	INFO 	Keyboard events cleared
230.8984 	EXP 	fixation: autoDraw = False
230.8984 	EXP 	text: autoDraw = True
232.3370 	DATA 	Keypress: l
232.3533 	EXP 	New trial (rep=12, index=1): {'reward_today': 27, 'future_reward': 50, 'delay': 21}
232.3658 	EXP 	fixation: autoDraw = False
232.3658 	EXP 	text: autoDraw = False
232.3658 	EXP 	text: height = 0.05
232.3658 	EXP 	text: height = 0.05
232.3658 	EXP 	text: height = 0.05
232.3658 	EXP 	text: text = ' GBP 27 today  or  GBP 50 after 21 days '
232.3658 	EXP 	fixation: autoDraw = True
233.1865 	DATA 	Keypress: t
233.3655 	INFO 	Keyboard events cleared
233.3650 	EXP 	fixation: autoDraw = False
233.3650 	EXP 	text: autoDraw = True
234.5532 	EXP 	New trial (rep=12, index=2): {'reward_today': 11, 'future_reward': 30, 'delay': 7}
234.5575 	DATA 	Keypress: t
234.5651 	EXP 	fixation: autoDraw = False
234.5651 	EXP 	text: autoDraw = False
234.5651 	EXP 	text: height = 0.05
234.5651 	EXP 	text: height = 0.05
234.5651 	EXP 	text: height = 0.05
234.5651 	EXP 	text: text = ' GBP 11 today  or  GBP 30 after 7 days '
234.5651 	EXP 	fixation: autoDraw = True
235.5655 	INFO 	Keyboard events cleared
235.5649 	EXP 	fixation: autoDraw = False
235.5649 	EXP 	text: autoDraw = True
236.9524 	EXP 	New trial (rep=12, index=3): {'reward_today': 78, 'future_reward': 80, 'delay': 162}
236.9559 	DATA 	Keypress: l
236.9648 	EXP 	fixation: autoDraw = False
236.9648 	EXP 	text: autoDraw = False
236.9648 	EXP 	text: height = 0.05
236.9648 	EXP 	text: height = 0.05
236.9648 	EXP 	text: height = 0.05
236.9648 	EXP 	text: text = ' GBP 78 today  or  GBP 80 after 162 days '
236.9648 	EXP 	fixation: autoDraw = True
237.9651 	INFO 	Keyboard events cleared
237.9645 	EXP 	fixation: autoDraw = False
237.9645 	EXP 	text: autoDraw = True
239.5015 	EXP 	New trial (rep=12, index=4): {'reward_today': 49, 'future_reward': 60, 'delay': 89}
239.5058 	DATA 	Keypress: t
239.5141 	EXP 	fixation: autoDraw = False
239.5141 	EXP 	text: autoDraw = False
239.5141 	EXP 	text: height = 0.05
239.5141 	EXP 	text: height = 0.05
239.5141 	EXP 	text: height = 0.05
239.5141 	EXP 	text: text = ' GBP 49 today  or  GBP 60 after 89 days '
239.5141 	EXP 	fixation: autoDraw = True
240.5142 	INFO 	Keyboard events cleared
240.5137 	EXP 	fixation: autoDraw = False
240.5137 	EXP 	text: autoDraw = True
245.8349 	EXP 	New trial (rep=12, index=5): {'reward_today': 67, 'future_reward': 75, 'delay': 119}
245.8384 	DATA 	Keypress: t
245.8467 	EXP 	fixation: autoDraw = False
245.8467 	EXP 	text: autoDraw = False
245.8467 	EXP 	text: height = 0.05
245.8467 	EXP 	text: height = 0.05
245.8467 	EXP 	text: height = 0.05
245.8467 	EXP 	text: text = ' GBP 67 today  or  GBP 75 after 119 days '
245.8467 	EXP 	fixation: autoDraw = True
246.8479 	INFO 	Keyboard events cleared
246.8474 	EXP 	fixation: autoDraw = False
246.8474 	EXP 	text: autoDraw = True
249.3001 	EXP 	New trial (rep=12, index=6): {'reward_today': 40, 'future_reward': 55, 'delay': 62}
249.3039 	DATA 	Keypress: t
249.3134 	EXP 	fixation: autoDraw = False
249.3134 	EXP 	text: autoDraw = False
249.3134 	EXP 	text: height = 0.05
249.3134 	EXP 	text: height = 0.05
249.3134 	EXP 	text: height = 0.05
249.3134 	EXP 	text: text = ' GBP 40 today  or  GBP 55 after 62 days '
249.3134 	EXP 	fixation: autoDraw = True
250.3133 	INFO 	Keyboard events cleared
250.3127 	EXP 	fixation: autoDraw = False
250.3127 	EXP 	text: autoDraw = True
251.0339 	EXP 	New trial (rep=13, index=0): {'reward_today': 15, 'future_reward': 35, 'delay': 13}
251.0375 	DATA 	Keypress: t
251.0462 	EXP 	fixation: autoDraw = False
251.0462 	EXP 	text: autoDraw = False
251.0462 	EXP 	text: height = 0.05
251.0462 	EXP 	text: height = 0.05
251.0462 	EXP 	text: height = 0.05
251.0462 	EXP 	text: text = ' GBP 15 today  or  GBP 35 after 13 days '
251.0462 	EXP 	fixation: autoDraw = True
252.0467 	INFO 	Keyboard events cleared
252.0462 	EXP 	fixation: autoDraw = False
252.0462 	EXP 	text: autoDraw = True
252.9497 	EXP 	New trial (rep=13, index=1): {'reward_today': 67, 'future_reward': 75, 'delay': 119}
252.9537 	DATA 	Keypress: l
252.9625 	EXP 	fixation: autoDraw = False
252.9625 	EXP 	text: autoDraw = False
252.9625 	EXP 	text: height = 0.05
252.9625 	EXP 	text: height = 0.05
252.9625 	EXP 	text: height = 0.05
252.9625 	EXP 	text: text = ' GBP 67 today  or  GBP 75 after 119 days '
252.9625 	EXP 	fixation: autoDraw = True
253.9630 	INFO 	Keyboard events cleared
253.9625 	EXP 	fixation: autoDraw = False
253.9625 	EXP 	text: autoDraw = True
254.4837 	EXP 	New trial (rep=13, index=2): {'reward_today': 78, 'future_reward': 80, 'delay': 162}
254.4872 	DATA 	Keypress: t
254.4956 	EXP 	fixation: autoDraw = False
254.4956 	EXP 	text: autoDraw = False
254.4956 	EXP 	text: height = 0.05
254.4956 	EXP 	text: height = 0.05
254.4956 	EXP 	text: height = 0.05
254.4956 	EXP 	text: text = ' GBP 78 today  or  GBP 80 after 162 days '
254.4956 	EXP 	fixation: autoDraw = True
255.8454 	INFO 	Keyboard events cleared
255.8449 	EXP 	fixation: autoDraw = False
255.8449 	EXP 	text: autoDraw = True
256.6995 	EXP 	New trial (rep=13, index=3): {'reward_today': 27, 'future_reward': 50, 'delay': 21}
256.7033 	DATA 	Keypress: t
256.7124 	EXP 	fixation: autoDraw = False
256.7124 	EXP 	text: autoDraw = False
256.7124 	EXP 	text: height = 0.05
256.7124 	EXP 	text: height = 0.05
256.7124 	EXP 	text: height = 0.05
256.7124 	EXP 	text: text = ' GBP 27 today  or  GBP 50 after 21 days '
256.7124 	EXP 	fixation: autoDraw = True
257.7125 	INFO 	Keyboard events cleared
257.7118 	EXP 	fixation: autoDraw = False
257.7118 	EXP 	text: autoDraw = True
258.4497 	EXP 	New trial (rep=13, index=4): {'reward_today': 40, 'future_reward': 55, 'delay': 62}
258.5398 	DATA 	Keypress: l
258.5441 	EXP 	fixation: autoDraw = False
258.5441 	EXP 	text: autoDraw = False
258.5441 	EXP 	text: height = 0.05
258.5441 	EXP 	text: height = 0.05
258.5441 	EXP 	text: height = 0.05
258.5441 	EXP 	text: text = ' GBP 40 today  or  GBP 55 after 62 days '
258.5441 	EXP 	fixation: autoDraw = True
259.4631 	INFO 	Keyboard events cleared
259.4625 	EXP 	text: autoDraw = True
259.5449 	EXP 	fixation: autoDraw = False
260.3656 	EXP 	New trial (rep=13, index=5): {'reward_today': 11, 'future_reward': 30, 'delay': 7}
260.3693 	DATA 	Keypress: t
260.3781 	EXP 	fixation: autoDraw = False
260.3781 	EXP 	text: autoDraw = False
260.3781 	EXP 	text: height = 0.05
260.3781 	EXP 	text: height = 0.05
260.3781 	EXP 	text: height = 0.05
260.3781 	EXP 	text: text = ' GBP 11 today  or  GBP 30 after 7 days '
260.3781 	EXP 	fixation: autoDraw = True
261.3784 	INFO 	Keyboard events cleared
261.3780 	EXP 	fixation: autoDraw = False
261.3780 	EXP 	text: autoDraw = True
262.5317 	EXP 	New trial (rep=13, index=6): {'reward_today': 49, 'future_reward': 60, 'delay': 89}
262.5353 	DATA 	Keypress: t
262.5445 	EXP 	fixation: autoDraw = False
262.5445 	EXP 	text: autoDraw = False
262.5445 	EXP 	text: height = 0.05
262.5445 	EXP 	text: height = 0.05
262.5445 	EXP 	text: height = 0.05
262.5445 	EXP 	text: text = ' GBP 49 today  or  GBP 60 after 89 days '
262.5445 	EXP 	fixation: autoDraw = True
263.6274 	INFO 	Keyboard events cleared
263.6268 	EXP 	fixation: autoDraw = False
263.6268 	EXP 	text: autoDraw = True
264.6158 	EXP 	New trial (rep=14, index=0): {'reward_today': 40, 'future_reward': 55, 'delay': 62}
264.6195 	DATA 	Keypress: t
264.6278 	EXP 	fixation: autoDraw = False
264.6278 	EXP 	text: autoDraw = False
264.6278 	EXP 	text: height = 0.05
264.6278 	EXP 	text: height = 0.05
264.6278 	EXP 	text: height = 0.05
264.6278 	EXP 	text: text = ' GBP 40 today  or  GBP 55 after 62 days '
264.6278 	EXP 	fixation: autoDraw = True
265.6284 	INFO 	Keyboard events cleared
265.6278 	EXP 	fixation: autoDraw = False
265.6278 	EXP 	text: autoDraw = True
266.1484 	EXP 	New trial (rep=14, index=1): {'reward_today': 15, 'future_reward': 35, 'delay': 13}
266.1519 	DATA 	Keypress: t
266.1610 	EXP 	fixation: autoDraw = False
266.1610 	EXP 	text: autoDraw = False
266.1610 	EXP 	text: height = 0.05
266.1610 	EXP 	text: height = 0.05
266.1610 	EXP 	text: height = 0.05
266.1610 	EXP 	text: text = ' GBP 15 today  or  GBP 35 after 13 days '
266.1610 	EXP 	fixation: autoDraw = True
267.1614 	INFO 	Keyboard events cleared
267.1607 	EXP 	fixation: autoDraw = False
267.1607 	EXP 	text: autoDraw = True
268.1321 	EXP 	New trial (rep=14, index=2): {'reward_today': 27, 'future_reward': 50, 'delay': 21}
268.1359 	DATA 	Keypress: l
268.1450 	EXP 	fixation: autoDraw = False
268.1450 	EXP 	text: autoDraw = False
268.1450 	EXP 	text: height = 0.05
268.1450 	EXP 	text: height = 0.05
268.1450 	EXP 	text: height = 0.05
268.1450 	EXP 	text: text = ' GBP 27 today  or  GBP 50 after 21 days '
268.1450 	EXP 	fixation: autoDraw = True
269.1444 	INFO 	Keyboard events cleared
269.1440 	EXP 	fixation: autoDraw = False
269.1440 	EXP 	text: autoDraw = True
270.4145 	EXP 	New trial (rep=14, index=3): {'reward_today': 11, 'future_reward': 30, 'delay': 7}
270.4183 	DATA 	Keypress: l
270.4271 	EXP 	fixation: autoDraw = False
270.4271 	EXP 	text: autoDraw = False
270.4271 	EXP 	text: height = 0.05
270.4271 	EXP 	text: height = 0.05
270.4271 	EXP 	text: height = 0.05
270.4271 	EXP 	text: text = ' GBP 11 today  or  GBP 30 after 7 days '
270.4271 	EXP 	fixation: autoDraw = True
271.4275 	INFO 	Keyboard events cleared
271.4268 	EXP 	fixation: autoDraw = False
271.4268 	EXP 	text: autoDraw = True
273.1644 	EXP 	New trial (rep=14, index=4): {'reward_today': 67, 'future_reward': 75, 'delay': 119}
273.1678 	DATA 	Keypress: l
273.1768 	EXP 	fixation: autoDraw = False
273.1768 	EXP 	text: autoDraw = False
273.1768 	EXP 	text: height = 0.05
273.1768 	EXP 	text: height = 0.05
273.1768 	EXP 	text: height = 0.05
273.1768 	EXP 	text: text = ' GBP 67 today  or  GBP 75 after 119 days '
273.1768 	EXP 	fixation: autoDraw = True
274.1771 	INFO 	Keyboard events cleared
274.1766 	EXP 	fixation: autoDraw = False
274.1766 	EXP 	text: autoDraw = True
275.1975 	EXP 	New trial (rep=14, index=5): {'reward_today': 78, 'future_reward': 80, 'delay': 162}
275.2014 	DATA 	Keypress: t
275.2096 	EXP 	fixation: autoDraw = False
275.2096 	EXP 	text: autoDraw = False
275.2096 	EXP 	text: height = 0.05
275.2096 	EXP 	text: height = 0.05
275.2096 	EXP 	text: height = 0.05
275.2096 	EXP 	text: text = ' GBP 78 today  or  GBP 80 after 162 days '
275.2096 	EXP 	fixation: autoDraw = True
276.2106 	INFO 	Keyboard events cleared
276.2100 	EXP 	fixation: autoDraw = False
276.2100 	EXP 	text: autoDraw = True
279.0142 	EXP 	New trial (rep=14, index=6): {'reward_today': 49, 'future_reward': 60, 'delay': 89}
279.0178 	DATA 	Keypress: t
279.0259 	EXP 	fixation: autoDraw = False
279.0259 	EXP 	text: autoDraw = False
279.0259 	EXP 	text: height = 0.05
279.0259 	EXP 	text: height = 0.05
279.0259 	EXP 	text: height = 0.05
279.0259 	EXP 	text: text = ' GBP 49 today  or  GBP 60 after 89 days '
279.0259 	EXP 	fixation: autoDraw = True
280.0262 	INFO 	Keyboard events cleared
280.0257 	EXP 	fixation: autoDraw = False
280.0257 	EXP 	text: autoDraw = True
283.8971 	DATA 	Keypress: t
283.9087 	EXP 	fixation: autoDraw = False
283.9087 	EXP 	text: autoDraw = False
283.9111 	EXP 	delay_discounting: status = STOPPED
283.9342 	INFO 	saved data to 'C:\\Users\\ASHISH\\Downloads\\delay discount\\data/083230_delay_discounting_2024-11-21_14h10.09.913.csv'
283.9359 	INFO 	saved data to C:\Users\ASHISH\Downloads\delay discount\data/083230_delay_discounting_2024-11-21_14h10.09.913.psydat
284.0917 	EXP 	window1: mouseVisible = True
285.4682 	DEBUG 	Saving data for delay_discounting ExperimentHandler
