7.0361 	DEBUG 	Fullscreen settings ignored as running in pilot mode.
7.0372 	INFO 	Loaded monitor calibration from ['2024_08_09 11:05']
8.1558 	EXP 	Created window1 = Window(allowGUI=True, allowStencil=False, autoLog=True, backendConf=UNKNOWN, backgroundFit=<method-wrapper '__getattribute__' of attributeSetter object at 0x0000024C5C01CEB0>, backgroundImage=<method-wrapper '__getattribute__' of attributeSetter object at 0x0000024C5C01CE50>, bitsMode=UNKNOWN, blendMode='avg', bpc=(8, 8, 8), color=array([0, 0, 0]), colorSpace='rgb', depthBits=8, fullscr=<method-wrapper '__getattribute__' of attributeSetter object at 0x0000024C5C01CCA0>, gamma=None, gammaErrorPolicy='raise', infoMsg=UNKNOWN, lms=UNKNOWN, monitor=<psychopy.monitors.calibTools.Monitor object at 0x0000024C5C3EBE20>, multiSample=False, name='window1', numSamples=2, pos=[560.0, 240.0], screen=0, size=array([800, 600]), stencilBits=0, stereo=False, title='PsychoPy', units='height', useFBO=True, useRetina=False, viewOri=0.0, viewPos=None, viewScale=None, waitBlanking=True, winType='pyglet')
8.1559 	EXP 	window1: backgroundImage = ''
8.1559 	EXP 	window1: backgroundFit = 'none'
8.1562 	EXP 	window1: mouseVisible = <method-wrapper '__getattribute__' of attributeSetter object at 0x0000024C5C01CFD0>
8.1566 	EXP 	window1: mouseVisible = <method-wrapper '__getattribute__' of attributeSetter object at 0x0000024C5C01CFD0>
8.1589 	EXP 	window1: mouseVisible = <method-wrapper '__getattribute__' of attributeSetter object at 0x0000024C5C01CFD0>
8.1595 	EXP 	window1: mouseVisible = <method-wrapper '__getattribute__' of attributeSetter object at 0x0000024C5C01CFD0>
8.1797 	DEBUG 	TextBox2 loaded 1 chars with 0 blanks and 1 valid
8.1808 	DEBUG 	TextBox2 loaded 1 chars with 0 blanks and 1 valid
8.1818 	DEBUG 	TextBox2 loaded 1 chars with 0 blanks and 1 valid
8.1831 	DEBUG 	TextBox2 loaded 1 chars with 0 blanks and 1 valid
8.1843 	DEBUG 	TextBox2 loaded 1 chars with 0 blanks and 1 valid
8.1851 	DEBUG 	TextBox2 loaded 1 chars with 0 blanks and 1 valid
8.1862 	DEBUG 	TextBox2 loaded 1 chars with 0 blanks and 1 valid
8.1877 	DEBUG 	TextBox2 loaded 1 chars with 0 blanks and 1 valid
8.1884 	DEBUG 	TextBox2 loaded 1 chars with 0 blanks and 1 valid
8.1890 	DEBUG 	TextBox2 loaded 1 chars with 0 blanks and 1 valid
8.1900 	DEBUG 	TextBox2 loaded 1 chars with 0 blanks and 1 valid
8.1909 	DEBUG 	TextBox2 loaded 1 chars with 0 blanks and 1 valid
8.1918 	DEBUG 	TextBox2 loaded 1 chars with 0 blanks and 1 valid
8.1928 	DEBUG 	TextBox2 loaded 1 chars with 0 blanks and 1 valid
8.1937 	DEBUG 	TextBox2 loaded 1 chars with 0 blanks and 1 valid
8.1947 	DEBUG 	TextBox2 loaded 1 chars with 0 blanks and 1 valid
8.1957 	DEBUG 	TextBox2 loaded 1 chars with 0 blanks and 1 valid
8.1964 	DEBUG 	TextBox2 loaded 1 chars with 0 blanks and 1 valid
8.1974 	DEBUG 	TextBox2 loaded 1 chars with 0 blanks and 1 valid
8.1986 	DEBUG 	TextBox2 loaded 1 chars with 0 blanks and 1 valid
8.1993 	DEBUG 	TextBox2 loaded 1 chars with 0 blanks and 1 valid
8.1996 	DEBUG 	Uploading Texture Font fontname to graphics card
8.2124 	DEBUG 	Upload of Texture Font fontname complete
8.2141 	EXP 	window1: mouseVisible = <method-wrapper '__getattribute__' of attributeSetter object at 0x0000024C5C01CFD0>
8.2143 	EXP 	window1: mouseVisible = <method-wrapper '__getattribute__' of attributeSetter object at 0x0000024C5C01CFD0>
8.2150 	EXP 	window1: mouseVisible = <method-wrapper '__getattribute__' of attributeSetter object at 0x0000024C5C01CFD0>
8.2155 	EXP 	window1: mouseVisible = <method-wrapper '__getattribute__' of attributeSetter object at 0x0000024C5C01CFD0>
8.2341 	DEBUG 	TextBox2 loaded 1 chars with 0 blanks and 1 valid
8.2355 	DEBUG 	TextBox2 loaded 1 chars with 0 blanks and 1 valid
8.2368 	DEBUG 	TextBox2 loaded 1 chars with 0 blanks and 1 valid
8.2371 	DEBUG 	Uploading Texture Font fontname to graphics card
8.2516 	DEBUG 	Upload of Texture Font fontname complete
8.2542 	EXP 	window1: Attempting to measure frame rate of screen (0) ...
8.2543 	EXP 	window1: recordFrameIntervals = False
8.8606 	EXP 	window1: recordFrameIntervals = True
9.0440 	EXP 	Screen (0) actual frame rate measured at 59.41Hz
9.0441 	EXP 	window1: recordFrameIntervals = False
9.0442 	EXP 	window1: mouseVisible = False
9.0446 	EXP 	window1: mouseVisible = False
9.0447 	EXP 	window1: mouseVisible = False
9.0454 	EXP 	window1: mouseVisible = False
9.0458 	EXP 	window1: mouseVisible = False
9.0665 	DEBUG 	TextBox2 loaded 1 chars with 0 blanks and 1 valid
9.0673 	DEBUG 	TextBox2 loaded 1 chars with 0 blanks and 1 valid
9.0685 	DEBUG 	TextBox2 loaded 1 chars with 0 blanks and 1 valid
9.0699 	DEBUG 	TextBox2 loaded 1 chars with 0 blanks and 1 valid
9.0711 	DEBUG 	TextBox2 loaded 1 chars with 0 blanks and 1 valid
9.0727 	DEBUG 	TextBox2 loaded 1 chars with 0 blanks and 1 valid
9.0738 	DEBUG 	TextBox2 loaded 1 chars with 0 blanks and 1 valid
9.0757 	DEBUG 	TextBox2 loaded 1 chars with 0 blanks and 1 valid
9.0774 	DEBUG 	TextBox2 loaded 1 chars with 0 blanks and 1 valid
9.0792 	DEBUG 	TextBox2 loaded 1 chars with 0 blanks and 1 valid
9.0796 	DEBUG 	Uploading Texture Font fontname to graphics card
9.0802 	DEBUG 	Upload of Texture Font fontname complete
9.0817 	EXP 	window1: mouseVisible = False
9.0818 	EXP 	window1: mouseVisible = False
9.0823 	EXP 	window1: mouseVisible = False
9.0828 	EXP 	window1: mouseVisible = False
9.1180 	WARNING 	launchHubServer: If using the iohub mouse or eyetracker devices, fullScr should be True.
10.6890 	INFO 	keyboard.Keyboard is using iohub backend.
10.6890 	INFO 	keyboard.Keyboard is using iohub backend.
10.6891 	EXP 	delay_discounting: status = STARTED
10.6894 	EXP 	window1: mouseVisible = False
10.6918 	EXP 	Created fixation = ShapeStim(__class__=<class 'psychopy.visual.shape.ShapeStim'>, anchor=('center', 'center'), autoDraw=False, autoLog=True, closeShape=True, color=method-wrapper(...), colorSpace='rgb', contrast=None, depth=0.0, draggable=False, fillColor=array([1, 1, 1]), fillColorSpace='rgb', fillRGB=array([1, 1, 1]), interpolate=True, lineColor=array([1., 1., 1.]), lineColorSpace='rgb', lineRGB=array([1, 1, 1]), lineWidth=1.0, name='fixation', opacity=1.0, ori=0.0, pos=array([0., 0.]), size=array([0.05, 0.05]), units='height', vertices=ndarray(...), win=Window(...), windingRule=None)
10.6920 	EXP 	window1: mouseVisible = False
10.7229 	EXP 	Created text = TextStim(__class__=<class 'psychopy.visual.text.TextStim'>, alignHoriz=method-wrapper(...), alignText='center', alignVert=method-wrapper(...), anchorHoriz='center', anchorVert='center', antialias=True, autoDraw=False, autoLog=True, bold=False, color=array([1., 1., 1.]), colorSpace='rgb', contrast=1.0, depth=-1.0, draggable=False, flipHoriz=False, flipVert=False, font='Arial', fontFiles=[], height=0.05, italic=False, languageStyle='LTR', name='text', opacity=1.0, ori=0.0, pos=array([0., 0.]), rgb=UNKNOWN, text='', units='height', win=Window(...), wrapWidth=1)
0.0277 	DEBUG 	Read excel file with openpyxl: discounting.xlsx
0.0280 	EXP 	Imported discounting.xlsx as conditions, 7 conditions, 3 params
0.0285 	EXP 	Created sequence: random, trialTypes=7, nReps=15, seed=None
0.0287 	EXP 	New trial (rep=0, index=0): {'reward_today': 11, 'future_reward': 30, 'delay': 7}
0.0676 	EXP 	text: height = 0.05
0.0676 	EXP 	text: height = 0.05
0.0676 	EXP 	text: height = 0.05
0.0676 	EXP 	text: text = ' GBP 11 today  or  GBP 30 after 7 days '
0.0676 	EXP 	fixation: autoDraw = True
1.0025 	INFO 	Keyboard events cleared
1.0019 	EXP 	text: autoDraw = True
1.0689 	EXP 	fixation: autoDraw = False
2.5921 	EXP 	New trial (rep=0, index=1): {'reward_today': 78, 'future_reward': 80, 'delay': 162}
2.6013 	DATA 	Keypress: l
2.6176 	EXP 	fixation: autoDraw = False
2.6176 	EXP 	text: autoDraw = False
2.6176 	EXP 	text: height = 0.05
2.6176 	EXP 	text: height = 0.05
2.6176 	EXP 	text: height = 0.05
2.6176 	EXP 	text: text = ' GBP 78 today  or  GBP 80 after 162 days '
2.6176 	EXP 	fixation: autoDraw = True
3.6022 	INFO 	Keyboard events cleared
3.6017 	EXP 	text: autoDraw = True
3.6199 	EXP 	fixation: autoDraw = False
4.3900 	EXP 	New trial (rep=0, index=2): {'reward_today': 27, 'future_reward': 50, 'delay': 21}
4.3964 	DATA 	Keypress: t
4.4014 	EXP 	fixation: autoDraw = False
4.4014 	EXP 	text: autoDraw = False
4.4014 	EXP 	text: height = 0.05
4.4014 	EXP 	text: height = 0.05
4.4014 	EXP 	text: height = 0.05
4.4014 	EXP 	text: text = ' GBP 27 today  or  GBP 50 after 21 days '
4.4014 	EXP 	fixation: autoDraw = True
5.4021 	INFO 	Keyboard events cleared
5.4016 	EXP 	fixation: autoDraw = False
5.4016 	EXP 	text: autoDraw = True
6.4735 	EXP 	New trial (rep=0, index=3): {'reward_today': 67, 'future_reward': 75, 'delay': 119}
6.4794 	DATA 	Keypress: l
6.4849 	EXP 	fixation: autoDraw = False
6.4849 	EXP 	text: autoDraw = False
6.4849 	EXP 	text: height = 0.05
6.4849 	EXP 	text: height = 0.05
6.4849 	EXP 	text: height = 0.05
6.4849 	EXP 	text: text = ' GBP 67 today  or  GBP 75 after 119 days '
6.4849 	EXP 	fixation: autoDraw = True
7.4854 	INFO 	Keyboard events cleared
7.4850 	EXP 	fixation: autoDraw = False
7.4850 	EXP 	text: autoDraw = True
8.2066 	EXP 	New trial (rep=0, index=4): {'reward_today': 15, 'future_reward': 35, 'delay': 13}
8.2105 	DATA 	Keypress: t
8.2182 	EXP 	fixation: autoDraw = False
8.2182 	EXP 	text: autoDraw = False
8.2182 	EXP 	text: height = 0.05
8.2182 	EXP 	text: height = 0.05
8.2182 	EXP 	text: height = 0.05
8.2182 	EXP 	text: text = ' GBP 15 today  or  GBP 35 after 13 days '
8.2182 	EXP 	fixation: autoDraw = True
9.2182 	INFO 	Keyboard events cleared
9.2176 	EXP 	fixation: autoDraw = False
9.2176 	EXP 	text: autoDraw = True
10.1391 	EXP 	New trial (rep=0, index=5): {'reward_today': 40, 'future_reward': 55, 'delay': 62}
10.1449 	DATA 	Keypress: l
10.1513 	EXP 	fixation: autoDraw = False
10.1513 	EXP 	text: autoDraw = False
10.1513 	EXP 	text: height = 0.05
10.1513 	EXP 	text: height = 0.05
10.1513 	EXP 	text: height = 0.05
10.1513 	EXP 	text: text = ' GBP 40 today  or  GBP 55 after 62 days '
10.1513 	EXP 	fixation: autoDraw = True
11.1514 	INFO 	Keyboard events cleared
11.1509 	EXP 	fixation: autoDraw = False
11.1509 	EXP 	text: autoDraw = True
11.9220 	EXP 	New trial (rep=0, index=6): {'reward_today': 49, 'future_reward': 60, 'delay': 89}
11.9259 	DATA 	Keypress: t
11.9338 	EXP 	fixation: autoDraw = False
11.9338 	EXP 	text: autoDraw = False
11.9338 	EXP 	text: height = 0.05
11.9338 	EXP 	text: height = 0.05
11.9338 	EXP 	text: height = 0.05
11.9338 	EXP 	text: text = ' GBP 49 today  or  GBP 60 after 89 days '
11.9338 	EXP 	fixation: autoDraw = True
12.9349 	INFO 	Keyboard events cleared
12.9343 	EXP 	fixation: autoDraw = False
12.9343 	EXP 	text: autoDraw = True
13.7544 	EXP 	New trial (rep=1, index=0): {'reward_today': 27, 'future_reward': 50, 'delay': 21}
13.7584 	DATA 	Keypress: t
13.7675 	EXP 	fixation: autoDraw = False
13.7675 	EXP 	text: autoDraw = False
13.7675 	EXP 	text: height = 0.05
13.7675 	EXP 	text: height = 0.05
13.7675 	EXP 	text: height = 0.05
13.7675 	EXP 	text: text = ' GBP 27 today  or  GBP 50 after 21 days '
13.7675 	EXP 	fixation: autoDraw = True
14.7679 	INFO 	Keyboard events cleared
14.7672 	EXP 	fixation: autoDraw = False
14.7672 	EXP 	text: autoDraw = True
15.4386 	DATA 	Keypress: l
15.4549 	EXP 	New trial (rep=1, index=1): {'reward_today': 40, 'future_reward': 55, 'delay': 62}
15.4673 	EXP 	fixation: autoDraw = False
15.4673 	EXP 	text: autoDraw = False
15.4673 	EXP 	text: height = 0.05
15.4673 	EXP 	text: height = 0.05
15.4673 	EXP 	text: height = 0.05
15.4673 	EXP 	text: text = ' GBP 40 today  or  GBP 55 after 62 days '
15.4673 	EXP 	fixation: autoDraw = True
16.4676 	INFO 	Keyboard events cleared
16.4671 	EXP 	fixation: autoDraw = False
16.4671 	EXP 	text: autoDraw = True
17.0056 	EXP 	New trial (rep=1, index=2): {'reward_today': 78, 'future_reward': 80, 'delay': 162}
17.0089 	DATA 	Keypress: t
17.0168 	EXP 	fixation: autoDraw = False
17.0168 	EXP 	text: autoDraw = False
17.0168 	EXP 	text: height = 0.05
17.0168 	EXP 	text: height = 0.05
17.0168 	EXP 	text: height = 0.05
17.0168 	EXP 	text: text = ' GBP 78 today  or  GBP 80 after 162 days '
17.0168 	EXP 	fixation: autoDraw = True
18.0171 	INFO 	Keyboard events cleared
18.0166 	EXP 	fixation: autoDraw = False
18.0166 	EXP 	text: autoDraw = True
18.5555 	EXP 	New trial (rep=1, index=3): {'reward_today': 49, 'future_reward': 60, 'delay': 89}
18.5592 	DATA 	Keypress: t
18.5669 	EXP 	fixation: autoDraw = False
18.5669 	EXP 	text: autoDraw = False
18.5669 	EXP 	text: height = 0.05
18.5669 	EXP 	text: height = 0.05
18.5669 	EXP 	text: height = 0.05
18.5669 	EXP 	text: text = ' GBP 49 today  or  GBP 60 after 89 days '
18.5669 	EXP 	fixation: autoDraw = True
19.5680 	INFO 	Keyboard events cleared
19.5674 	EXP 	fixation: autoDraw = False
19.5674 	EXP 	text: autoDraw = True
20.2208 	EXP 	New trial (rep=1, index=4): {'reward_today': 11, 'future_reward': 30, 'delay': 7}
20.2263 	DATA 	Keypress: t
20.2332 	EXP 	fixation: autoDraw = False
20.2332 	EXP 	text: autoDraw = False
20.2332 	EXP 	text: height = 0.05
20.2332 	EXP 	text: height = 0.05
20.2332 	EXP 	text: height = 0.05
20.2332 	EXP 	text: text = ' GBP 11 today  or  GBP 30 after 7 days '
20.2332 	EXP 	fixation: autoDraw = True
21.2333 	INFO 	Keyboard events cleared
21.2329 	EXP 	fixation: autoDraw = False
21.2329 	EXP 	text: autoDraw = True
21.7199 	EXP 	New trial (rep=1, index=5): {'reward_today': 67, 'future_reward': 75, 'delay': 119}
21.7238 	DATA 	Keypress: l
21.7328 	EXP 	fixation: autoDraw = False
21.7328 	EXP 	text: autoDraw = False
21.7328 	EXP 	text: height = 0.05
21.7328 	EXP 	text: height = 0.05
21.7328 	EXP 	text: height = 0.05
21.7328 	EXP 	text: text = ' GBP 67 today  or  GBP 75 after 119 days '
21.7328 	EXP 	fixation: autoDraw = True
22.7336 	INFO 	Keyboard events cleared
22.7331 	EXP 	fixation: autoDraw = False
22.7331 	EXP 	text: autoDraw = True
23.3534 	EXP 	New trial (rep=1, index=6): {'reward_today': 15, 'future_reward': 35, 'delay': 13}
23.3572 	DATA 	Keypress: t
23.3664 	EXP 	fixation: autoDraw = False
23.3664 	EXP 	text: autoDraw = False
23.3664 	EXP 	text: height = 0.05
23.3664 	EXP 	text: height = 0.05
23.3664 	EXP 	text: height = 0.05
23.3664 	EXP 	text: text = ' GBP 15 today  or  GBP 35 after 13 days '
23.3664 	EXP 	fixation: autoDraw = True
24.3668 	INFO 	Keyboard events cleared
24.3664 	EXP 	fixation: autoDraw = False
24.3664 	EXP 	text: autoDraw = True
24.8200 	EXP 	New trial (rep=2, index=0): {'reward_today': 67, 'future_reward': 75, 'delay': 119}
24.8240 	DATA 	Keypress: l
24.8333 	EXP 	fixation: autoDraw = False
24.8333 	EXP 	text: autoDraw = False
24.8333 	EXP 	text: height = 0.05
24.8333 	EXP 	text: height = 0.05
24.8333 	EXP 	text: height = 0.05
24.8333 	EXP 	text: text = ' GBP 67 today  or  GBP 75 after 119 days '
24.8333 	EXP 	fixation: autoDraw = True
25.8327 	INFO 	Keyboard events cleared
25.8321 	EXP 	fixation: autoDraw = False
25.8321 	EXP 	text: autoDraw = True
26.5530 	EXP 	New trial (rep=2, index=1): {'reward_today': 15, 'future_reward': 35, 'delay': 13}
26.5570 	DATA 	Keypress: t
26.5656 	EXP 	fixation: autoDraw = False
26.5656 	EXP 	text: autoDraw = False
26.5656 	EXP 	text: height = 0.05
26.5656 	EXP 	text: height = 0.05
26.5656 	EXP 	text: height = 0.05
26.5656 	EXP 	text: text = ' GBP 15 today  or  GBP 35 after 13 days '
26.5656 	EXP 	fixation: autoDraw = True
27.5663 	INFO 	Keyboard events cleared
27.5657 	EXP 	fixation: autoDraw = False
27.5657 	EXP 	text: autoDraw = True
28.1871 	EXP 	New trial (rep=2, index=2): {'reward_today': 27, 'future_reward': 50, 'delay': 21}
28.1907 	DATA 	Keypress: l
28.1989 	EXP 	fixation: autoDraw = False
28.1989 	EXP 	text: autoDraw = False
28.1989 	EXP 	text: height = 0.05
28.1989 	EXP 	text: height = 0.05
28.1989 	EXP 	text: height = 0.05
28.1989 	EXP 	text: text = ' GBP 27 today  or  GBP 50 after 21 days '
28.1989 	EXP 	fixation: autoDraw = True
29.1991 	INFO 	Keyboard events cleared
29.1985 	EXP 	fixation: autoDraw = False
29.1985 	EXP 	text: autoDraw = True
29.8032 	EXP 	New trial (rep=2, index=3): {'reward_today': 78, 'future_reward': 80, 'delay': 162}
29.8069 	DATA 	Keypress: t
29.8157 	EXP 	fixation: autoDraw = False
29.8157 	EXP 	text: autoDraw = False
29.8157 	EXP 	text: height = 0.05
29.8157 	EXP 	text: height = 0.05
29.8157 	EXP 	text: height = 0.05
29.8157 	EXP 	text: text = ' GBP 78 today  or  GBP 80 after 162 days '
29.8157 	EXP 	fixation: autoDraw = True
30.8158 	INFO 	Keyboard events cleared
30.8151 	EXP 	fixation: autoDraw = False
30.8151 	EXP 	text: autoDraw = True
31.3531 	EXP 	New trial (rep=2, index=4): {'reward_today': 11, 'future_reward': 30, 'delay': 7}
31.3567 	DATA 	Keypress: t
31.3650 	EXP 	fixation: autoDraw = False
31.3650 	EXP 	text: autoDraw = False
31.3650 	EXP 	text: height = 0.05
31.3650 	EXP 	text: height = 0.05
31.3650 	EXP 	text: height = 0.05
31.3650 	EXP 	text: text = ' GBP 11 today  or  GBP 30 after 7 days '
31.3650 	EXP 	fixation: autoDraw = True
32.3661 	INFO 	Keyboard events cleared
32.3654 	EXP 	fixation: autoDraw = False
32.3654 	EXP 	text: autoDraw = True
32.8193 	EXP 	New trial (rep=2, index=5): {'reward_today': 49, 'future_reward': 60, 'delay': 89}
32.8230 	DATA 	Keypress: l
32.8313 	EXP 	fixation: autoDraw = False
32.8313 	EXP 	text: autoDraw = False
32.8313 	EXP 	text: height = 0.05
32.8313 	EXP 	text: height = 0.05
32.8313 	EXP 	text: height = 0.05
32.8313 	EXP 	text: text = ' GBP 49 today  or  GBP 60 after 89 days '
32.8313 	EXP 	fixation: autoDraw = True
33.8326 	INFO 	Keyboard events cleared
33.8320 	EXP 	fixation: autoDraw = False
33.8320 	EXP 	text: autoDraw = True
34.1351 	EXP 	New trial (rep=2, index=6): {'reward_today': 40, 'future_reward': 55, 'delay': 62}
34.1386 	DATA 	Keypress: t
34.1489 	EXP 	fixation: autoDraw = False
34.1489 	EXP 	text: autoDraw = False
34.1489 	EXP 	text: height = 0.05
34.1489 	EXP 	text: height = 0.05
34.1489 	EXP 	text: height = 0.05
34.1489 	EXP 	text: text = ' GBP 40 today  or  GBP 55 after 62 days '
34.1489 	EXP 	fixation: autoDraw = True
35.1485 	INFO 	Keyboard events cleared
35.1480 	EXP 	fixation: autoDraw = False
35.1480 	EXP 	text: autoDraw = True
36.1354 	EXP 	New trial (rep=3, index=0): {'reward_today': 27, 'future_reward': 50, 'delay': 21}
36.1392 	DATA 	Keypress: t
36.1474 	EXP 	fixation: autoDraw = False
36.1474 	EXP 	text: autoDraw = False
36.1474 	EXP 	text: height = 0.05
36.1474 	EXP 	text: height = 0.05
36.1474 	EXP 	text: height = 0.05
36.1474 	EXP 	text: text = ' GBP 27 today  or  GBP 50 after 21 days '
36.1474 	EXP 	fixation: autoDraw = True
37.1487 	INFO 	Keyboard events cleared
37.1481 	EXP 	fixation: autoDraw = False
37.1481 	EXP 	text: autoDraw = True
37.7854 	EXP 	New trial (rep=3, index=1): {'reward_today': 78, 'future_reward': 80, 'delay': 162}
37.7889 	DATA 	Keypress: l
37.7979 	EXP 	fixation: autoDraw = False
37.7979 	EXP 	text: autoDraw = False
37.7979 	EXP 	text: height = 0.05
37.7979 	EXP 	text: height = 0.05
37.7979 	EXP 	text: height = 0.05
37.7979 	EXP 	text: text = ' GBP 78 today  or  GBP 80 after 162 days '
37.7979 	EXP 	fixation: autoDraw = True
38.7989 	INFO 	Keyboard events cleared
38.7983 	EXP 	fixation: autoDraw = False
38.7983 	EXP 	text: autoDraw = True
39.6012 	EXP 	New trial (rep=3, index=2): {'reward_today': 11, 'future_reward': 30, 'delay': 7}
39.6059 	DATA 	Keypress: t
39.6135 	EXP 	fixation: autoDraw = False
39.6135 	EXP 	text: autoDraw = False
39.6135 	EXP 	text: height = 0.05
39.6135 	EXP 	text: height = 0.05
39.6135 	EXP 	text: height = 0.05
39.6135 	EXP 	text: text = ' GBP 11 today  or  GBP 30 after 7 days '
39.6135 	EXP 	fixation: autoDraw = True
40.6142 	INFO 	Keyboard events cleared
40.6136 	EXP 	fixation: autoDraw = False
40.6136 	EXP 	text: autoDraw = True
41.1848 	EXP 	New trial (rep=3, index=3): {'reward_today': 15, 'future_reward': 35, 'delay': 13}
41.1887 	DATA 	Keypress: l
41.1970 	EXP 	fixation: autoDraw = False
41.1970 	EXP 	text: autoDraw = False
41.1970 	EXP 	text: height = 0.05
41.1970 	EXP 	text: height = 0.05
41.1970 	EXP 	text: height = 0.05
41.1970 	EXP 	text: text = ' GBP 15 today  or  GBP 35 after 13 days '
41.1970 	EXP 	fixation: autoDraw = True
42.1973 	INFO 	Keyboard events cleared
42.1968 	EXP 	fixation: autoDraw = False
42.1968 	EXP 	text: autoDraw = True
42.6847 	EXP 	New trial (rep=3, index=4): {'reward_today': 49, 'future_reward': 60, 'delay': 89}
42.6884 	DATA 	Keypress: t
42.6966 	EXP 	fixation: autoDraw = False
42.6966 	EXP 	text: autoDraw = False
42.6966 	EXP 	text: height = 0.05
42.6966 	EXP 	text: height = 0.05
42.6966 	EXP 	text: height = 0.05
42.6966 	EXP 	text: text = ' GBP 49 today  or  GBP 60 after 89 days '
42.6966 	EXP 	fixation: autoDraw = True
43.6979 	INFO 	Keyboard events cleared
43.6974 	EXP 	fixation: autoDraw = False
43.6974 	EXP 	text: autoDraw = True
44.8006 	EXP 	New trial (rep=3, index=5): {'reward_today': 40, 'future_reward': 55, 'delay': 62}
44.8043 	DATA 	Keypress: t
44.8129 	EXP 	fixation: autoDraw = False
44.8129 	EXP 	text: autoDraw = False
44.8129 	EXP 	text: height = 0.05
44.8129 	EXP 	text: height = 0.05
44.8129 	EXP 	text: height = 0.05
44.8129 	EXP 	text: text = ' GBP 40 today  or  GBP 55 after 62 days '
44.8129 	EXP 	fixation: autoDraw = True
45.8132 	INFO 	Keyboard events cleared
45.8127 	EXP 	fixation: autoDraw = False
45.8127 	EXP 	text: autoDraw = True
46.4003 	EXP 	New trial (rep=3, index=6): {'reward_today': 67, 'future_reward': 75, 'delay': 119}
46.4041 	DATA 	Keypress: t
46.4131 	EXP 	fixation: autoDraw = False
46.4131 	EXP 	text: autoDraw = False
46.4131 	EXP 	text: height = 0.05
46.4131 	EXP 	text: height = 0.05
46.4131 	EXP 	text: height = 0.05
46.4131 	EXP 	text: text = ' GBP 67 today  or  GBP 75 after 119 days '
46.4131 	EXP 	fixation: autoDraw = True
47.4139 	INFO 	Keyboard events cleared
47.4133 	EXP 	fixation: autoDraw = False
47.4133 	EXP 	text: autoDraw = True
47.9342 	EXP 	New trial (rep=4, index=0): {'reward_today': 40, 'future_reward': 55, 'delay': 62}
47.9379 	DATA 	Keypress: t
47.9468 	EXP 	fixation: autoDraw = False
47.9468 	EXP 	text: autoDraw = False
47.9468 	EXP 	text: height = 0.05
47.9468 	EXP 	text: height = 0.05
47.9468 	EXP 	text: height = 0.05
47.9468 	EXP 	text: text = ' GBP 40 today  or  GBP 55 after 62 days '
47.9468 	EXP 	fixation: autoDraw = True
48.9469 	INFO 	Keyboard events cleared
48.9461 	EXP 	fixation: autoDraw = False
48.9461 	EXP 	text: autoDraw = True
49.5003 	EXP 	New trial (rep=4, index=1): {'reward_today': 15, 'future_reward': 35, 'delay': 13}
49.5045 	DATA 	Keypress: t
49.5133 	EXP 	fixation: autoDraw = False
49.5133 	EXP 	text: autoDraw = False
49.5133 	EXP 	text: height = 0.05
49.5133 	EXP 	text: height = 0.05
49.5133 	EXP 	text: height = 0.05
49.5133 	EXP 	text: text = ' GBP 15 today  or  GBP 35 after 13 days '
49.5133 	EXP 	fixation: autoDraw = True
50.5133 	INFO 	Keyboard events cleared
50.5127 	EXP 	fixation: autoDraw = False
50.5127 	EXP 	text: autoDraw = True
51.1340 	EXP 	New trial (rep=4, index=2): {'reward_today': 49, 'future_reward': 60, 'delay': 89}
51.1378 	DATA 	Keypress: l
51.1461 	EXP 	fixation: autoDraw = False
51.1461 	EXP 	text: autoDraw = False
51.1461 	EXP 	text: height = 0.05
51.1461 	EXP 	text: height = 0.05
51.1461 	EXP 	text: height = 0.05
51.1461 	EXP 	text: text = ' GBP 49 today  or  GBP 60 after 89 days '
51.1461 	EXP 	fixation: autoDraw = True
52.1466 	INFO 	Keyboard events cleared
52.1459 	EXP 	fixation: autoDraw = False
52.1459 	EXP 	text: autoDraw = True
52.7325 	EXP 	New trial (rep=4, index=3): {'reward_today': 67, 'future_reward': 75, 'delay': 119}
52.7362 	DATA 	Keypress: t
52.7456 	EXP 	fixation: autoDraw = False
52.7456 	EXP 	text: autoDraw = False
52.7456 	EXP 	text: height = 0.05
52.7456 	EXP 	text: height = 0.05
52.7456 	EXP 	text: height = 0.05
52.7456 	EXP 	text: text = ' GBP 67 today  or  GBP 75 after 119 days '
52.7456 	EXP 	fixation: autoDraw = True
53.7463 	INFO 	Keyboard events cleared
53.7458 	EXP 	fixation: autoDraw = False
53.7458 	EXP 	text: autoDraw = True
54.1996 	EXP 	New trial (rep=4, index=4): {'reward_today': 27, 'future_reward': 50, 'delay': 21}
54.2035 	DATA 	Keypress: t
54.2121 	EXP 	fixation: autoDraw = False
54.2121 	EXP 	text: autoDraw = False
54.2121 	EXP 	text: height = 0.05
54.2121 	EXP 	text: height = 0.05
54.2121 	EXP 	text: height = 0.05
54.2121 	EXP 	text: text = ' GBP 27 today  or  GBP 50 after 21 days '
54.2121 	EXP 	fixation: autoDraw = True
55.2123 	INFO 	Keyboard events cleared
55.2117 	EXP 	fixation: autoDraw = False
55.2117 	EXP 	text: autoDraw = True
56.1835 	DATA 	Keypress: l
56.2004 	EXP 	New trial (rep=4, index=5): {'reward_today': 11, 'future_reward': 30, 'delay': 7}
56.2122 	EXP 	fixation: autoDraw = False
56.2122 	EXP 	text: autoDraw = False
56.2122 	EXP 	text: height = 0.05
56.2122 	EXP 	text: height = 0.05
56.2122 	EXP 	text: height = 0.05
56.2122 	EXP 	text: text = ' GBP 11 today  or  GBP 30 after 7 days '
56.2122 	EXP 	fixation: autoDraw = True
57.2121 	INFO 	Keyboard events cleared
57.2115 	EXP 	fixation: autoDraw = False
57.2115 	EXP 	text: autoDraw = True
58.0493 	EXP 	New trial (rep=4, index=6): {'reward_today': 78, 'future_reward': 80, 'delay': 162}
58.0531 	DATA 	Keypress: l
58.0622 	EXP 	fixation: autoDraw = False
58.0622 	EXP 	text: autoDraw = False
58.0622 	EXP 	text: height = 0.05
58.0622 	EXP 	text: height = 0.05
58.0622 	EXP 	text: height = 0.05
58.0622 	EXP 	text: text = ' GBP 78 today  or  GBP 80 after 162 days '
58.0622 	EXP 	fixation: autoDraw = True
59.0619 	INFO 	Keyboard events cleared
59.0613 	EXP 	fixation: autoDraw = False
59.0613 	EXP 	text: autoDraw = True
59.5653 	EXP 	New trial (rep=5, index=0): {'reward_today': 40, 'future_reward': 55, 'delay': 62}
59.5690 	DATA 	Keypress: t
59.5781 	EXP 	fixation: autoDraw = False
59.5781 	EXP 	text: autoDraw = False
59.5781 	EXP 	text: height = 0.05
59.5781 	EXP 	text: height = 0.05
59.5781 	EXP 	text: height = 0.05
59.5781 	EXP 	text: text = ' GBP 40 today  or  GBP 55 after 62 days '
59.5781 	EXP 	fixation: autoDraw = True
60.5792 	INFO 	Keyboard events cleared
60.5786 	EXP 	fixation: autoDraw = False
60.5786 	EXP 	text: autoDraw = True
60.8656 	EXP 	New trial (rep=5, index=1): {'reward_today': 49, 'future_reward': 60, 'delay': 89}
60.8691 	DATA 	Keypress: t
60.8781 	EXP 	fixation: autoDraw = False
60.8781 	EXP 	text: autoDraw = False
60.8781 	EXP 	text: height = 0.05
60.8781 	EXP 	text: height = 0.05
60.8781 	EXP 	text: height = 0.05
60.8781 	EXP 	text: text = ' GBP 49 today  or  GBP 60 after 89 days '
60.8781 	EXP 	fixation: autoDraw = True
61.8786 	INFO 	Keyboard events cleared
61.8781 	EXP 	fixation: autoDraw = False
61.8781 	EXP 	text: autoDraw = True
62.4320 	EXP 	New trial (rep=5, index=2): {'reward_today': 78, 'future_reward': 80, 'delay': 162}
62.4359 	DATA 	Keypress: t
62.4450 	EXP 	fixation: autoDraw = False
62.4450 	EXP 	text: autoDraw = False
62.4450 	EXP 	text: height = 0.05
62.4450 	EXP 	text: height = 0.05
62.4450 	EXP 	text: height = 0.05
62.4450 	EXP 	text: text = ' GBP 78 today  or  GBP 80 after 162 days '
62.4450 	EXP 	fixation: autoDraw = True
63.4452 	INFO 	Keyboard events cleared
63.4446 	EXP 	fixation: autoDraw = False
63.4446 	EXP 	text: autoDraw = True
63.9650 	EXP 	New trial (rep=5, index=3): {'reward_today': 15, 'future_reward': 35, 'delay': 13}
63.9688 	DATA 	Keypress: t
63.9774 	EXP 	fixation: autoDraw = False
63.9774 	EXP 	text: autoDraw = False
63.9774 	EXP 	text: height = 0.05
63.9774 	EXP 	text: height = 0.05
63.9774 	EXP 	text: height = 0.05
63.9774 	EXP 	text: text = ' GBP 15 today  or  GBP 35 after 13 days '
63.9774 	EXP 	fixation: autoDraw = True
64.9783 	INFO 	Keyboard events cleared
64.9776 	EXP 	fixation: autoDraw = False
64.9776 	EXP 	text: autoDraw = True
65.6649 	EXP 	New trial (rep=5, index=4): {'reward_today': 67, 'future_reward': 75, 'delay': 119}
65.6684 	DATA 	Keypress: l
65.6778 	EXP 	fixation: autoDraw = False
65.6778 	EXP 	text: autoDraw = False
65.6778 	EXP 	text: height = 0.05
65.6778 	EXP 	text: height = 0.05
65.6778 	EXP 	text: height = 0.05
65.6778 	EXP 	text: text = ' GBP 67 today  or  GBP 75 after 119 days '
65.6778 	EXP 	fixation: autoDraw = True
66.6780 	INFO 	Keyboard events cleared
66.6773 	EXP 	text: autoDraw = True
66.6937 	EXP 	fixation: autoDraw = False
67.3306 	EXP 	New trial (rep=5, index=5): {'reward_today': 27, 'future_reward': 50, 'delay': 21}
67.3346 	DATA 	Keypress: t
67.3439 	EXP 	fixation: autoDraw = False
67.3439 	EXP 	text: autoDraw = False
67.3439 	EXP 	text: height = 0.05
67.3439 	EXP 	text: height = 0.05
67.3439 	EXP 	text: height = 0.05
67.3439 	EXP 	text: text = ' GBP 27 today  or  GBP 50 after 21 days '
67.3439 	EXP 	fixation: autoDraw = True
68.3446 	INFO 	Keyboard events cleared
68.3441 	EXP 	fixation: autoDraw = False
68.3441 	EXP 	text: autoDraw = True
68.9813 	EXP 	New trial (rep=5, index=6): {'reward_today': 11, 'future_reward': 30, 'delay': 7}
68.9851 	DATA 	Keypress: l
68.9961 	EXP 	fixation: autoDraw = False
68.9961 	EXP 	text: autoDraw = False
68.9961 	EXP 	text: height = 0.05
68.9961 	EXP 	text: height = 0.05
68.9961 	EXP 	text: height = 0.05
68.9961 	EXP 	text: text = ' GBP 11 today  or  GBP 30 after 7 days '
68.9961 	EXP 	fixation: autoDraw = True
69.9937 	INFO 	Keyboard events cleared
69.9931 	EXP 	text: autoDraw = True
70.0100 	EXP 	fixation: autoDraw = False
70.7311 	EXP 	New trial (rep=6, index=0): {'reward_today': 78, 'future_reward': 80, 'delay': 162}
70.7349 	DATA 	Keypress: l
70.7432 	EXP 	fixation: autoDraw = False
70.7432 	EXP 	text: autoDraw = False
70.7432 	EXP 	text: height = 0.05
70.7432 	EXP 	text: height = 0.05
70.7432 	EXP 	text: height = 0.05
70.7432 	EXP 	text: text = ' GBP 78 today  or  GBP 80 after 162 days '
70.7432 	EXP 	fixation: autoDraw = True
71.7453 	INFO 	Keyboard events cleared
71.7447 	EXP 	fixation: autoDraw = False
71.7447 	EXP 	text: autoDraw = True
72.4302 	EXP 	New trial (rep=6, index=1): {'reward_today': 15, 'future_reward': 35, 'delay': 13}
72.4338 	DATA 	Keypress: t
72.4445 	EXP 	fixation: autoDraw = False
72.4445 	EXP 	text: autoDraw = False
72.4445 	EXP 	text: height = 0.05
72.4445 	EXP 	text: height = 0.05
72.4445 	EXP 	text: height = 0.05
72.4445 	EXP 	text: text = ' GBP 15 today  or  GBP 35 after 13 days '
72.4445 	EXP 	fixation: autoDraw = True
73.4453 	INFO 	Keyboard events cleared
73.4448 	EXP 	text: autoDraw = True
73.4593 	EXP 	fixation: autoDraw = False
74.1968 	EXP 	New trial (rep=6, index=2): {'reward_today': 67, 'future_reward': 75, 'delay': 119}
74.2003 	DATA 	Keypress: l
74.2096 	EXP 	fixation: autoDraw = False
74.2096 	EXP 	text: autoDraw = False
74.2096 	EXP 	text: height = 0.05
74.2096 	EXP 	text: height = 0.05
74.2096 	EXP 	text: height = 0.05
74.2096 	EXP 	text: text = ' GBP 67 today  or  GBP 75 after 119 days '
74.2096 	EXP 	fixation: autoDraw = True
75.2098 	INFO 	Keyboard events cleared
75.2092 	EXP 	fixation: autoDraw = False
75.2092 	EXP 	text: autoDraw = True
75.8296 	EXP 	New trial (rep=6, index=3): {'reward_today': 27, 'future_reward': 50, 'delay': 21}
75.8332 	DATA 	Keypress: t
75.8429 	EXP 	fixation: autoDraw = False
75.8429 	EXP 	text: autoDraw = False
75.8429 	EXP 	text: height = 0.05
75.8429 	EXP 	text: height = 0.05
75.8429 	EXP 	text: height = 0.05
75.8429 	EXP 	text: text = ' GBP 27 today  or  GBP 50 after 21 days '
75.8429 	EXP 	fixation: autoDraw = True
76.8447 	INFO 	Keyboard events cleared
76.8440 	EXP 	fixation: autoDraw = False
76.8440 	EXP 	text: autoDraw = True
77.4800 	EXP 	New trial (rep=6, index=4): {'reward_today': 11, 'future_reward': 30, 'delay': 7}
77.4835 	DATA 	Keypress: l
77.4927 	EXP 	fixation: autoDraw = False
77.4927 	EXP 	text: autoDraw = False
77.4927 	EXP 	text: height = 0.05
77.4927 	EXP 	text: height = 0.05
77.4927 	EXP 	text: height = 0.05
77.4927 	EXP 	text: text = ' GBP 11 today  or  GBP 30 after 7 days '
77.4927 	EXP 	fixation: autoDraw = True
78.4929 	INFO 	Keyboard events cleared
78.4924 	EXP 	fixation: autoDraw = False
78.4924 	EXP 	text: autoDraw = True
79.1641 	EXP 	New trial (rep=6, index=5): {'reward_today': 49, 'future_reward': 60, 'delay': 89}
79.1689 	DATA 	Keypress: l
79.1755 	EXP 	fixation: autoDraw = False
79.1755 	EXP 	text: autoDraw = False
79.1755 	EXP 	text: height = 0.05
79.1755 	EXP 	text: height = 0.05
79.1755 	EXP 	text: height = 0.05
79.1755 	EXP 	text: text = ' GBP 49 today  or  GBP 60 after 89 days '
79.1755 	EXP 	fixation: autoDraw = True
80.1767 	INFO 	Keyboard events cleared
80.1761 	EXP 	fixation: autoDraw = False
80.1761 	EXP 	text: autoDraw = True
80.8796 	EXP 	New trial (rep=6, index=6): {'reward_today': 40, 'future_reward': 55, 'delay': 62}
80.8839 	DATA 	Keypress: t
80.8920 	EXP 	fixation: autoDraw = False
80.8920 	EXP 	text: autoDraw = False
80.8920 	EXP 	text: height = 0.05
80.8920 	EXP 	text: height = 0.05
80.8920 	EXP 	text: height = 0.05
80.8920 	EXP 	text: text = ' GBP 40 today  or  GBP 55 after 62 days '
80.8920 	EXP 	fixation: autoDraw = True
81.8929 	INFO 	Keyboard events cleared
81.8923 	EXP 	fixation: autoDraw = False
81.8923 	EXP 	text: autoDraw = True
82.4796 	EXP 	New trial (rep=7, index=0): {'reward_today': 11, 'future_reward': 30, 'delay': 7}
82.4831 	DATA 	Keypress: t
82.4918 	EXP 	fixation: autoDraw = False
82.4918 	EXP 	text: autoDraw = False
82.4918 	EXP 	text: height = 0.05
82.4918 	EXP 	text: height = 0.05
82.4918 	EXP 	text: height = 0.05
82.4918 	EXP 	text: text = ' GBP 11 today  or  GBP 30 after 7 days '
82.4918 	EXP 	fixation: autoDraw = True
83.4924 	INFO 	Keyboard events cleared
83.4918 	EXP 	fixation: autoDraw = False
83.4918 	EXP 	text: autoDraw = True
84.0967 	EXP 	New trial (rep=7, index=1): {'reward_today': 40, 'future_reward': 55, 'delay': 62}
84.1637 	DATA 	Keypress: l
84.1749 	EXP 	fixation: autoDraw = False
84.1749 	EXP 	text: autoDraw = False
84.1749 	EXP 	text: height = 0.05
84.1749 	EXP 	text: height = 0.05
84.1749 	EXP 	text: height = 0.05
84.1749 	EXP 	text: text = ' GBP 40 today  or  GBP 55 after 62 days '
84.1749 	EXP 	fixation: autoDraw = True
85.1087 	INFO 	Keyboard events cleared
85.1081 	EXP 	text: autoDraw = True
85.1750 	EXP 	fixation: autoDraw = False
86.1118 	EXP 	New trial (rep=7, index=2): {'reward_today': 49, 'future_reward': 60, 'delay': 89}
86.1159 	DATA 	Keypress: l
86.1248 	EXP 	fixation: autoDraw = False
86.1248 	EXP 	text: autoDraw = False
86.1248 	EXP 	text: height = 0.05
86.1248 	EXP 	text: height = 0.05
86.1248 	EXP 	text: height = 0.05
86.1248 	EXP 	text: text = ' GBP 49 today  or  GBP 60 after 89 days '
86.1248 	EXP 	fixation: autoDraw = True
87.1252 	INFO 	Keyboard events cleared
87.1247 	EXP 	fixation: autoDraw = False
87.1247 	EXP 	text: autoDraw = True
87.9122 	EXP 	New trial (rep=7, index=3): {'reward_today': 67, 'future_reward': 75, 'delay': 119}
87.9159 	DATA 	Keypress: t
87.9247 	EXP 	fixation: autoDraw = False
87.9247 	EXP 	text: autoDraw = False
87.9247 	EXP 	text: height = 0.05
87.9247 	EXP 	text: height = 0.05
87.9247 	EXP 	text: height = 0.05
87.9247 	EXP 	text: text = ' GBP 67 today  or  GBP 75 after 119 days '
87.9247 	EXP 	fixation: autoDraw = True
88.9250 	INFO 	Keyboard events cleared
88.9243 	EXP 	fixation: autoDraw = False
88.9243 	EXP 	text: autoDraw = True
89.6451 	EXP 	New trial (rep=7, index=4): {'reward_today': 27, 'future_reward': 50, 'delay': 21}
89.6492 	DATA 	Keypress: t
89.6575 	EXP 	fixation: autoDraw = False
89.6575 	EXP 	text: autoDraw = False
89.6575 	EXP 	text: height = 0.05
89.6575 	EXP 	text: height = 0.05
89.6575 	EXP 	text: height = 0.05
89.6575 	EXP 	text: text = ' GBP 27 today  or  GBP 50 after 21 days '
89.6575 	EXP 	fixation: autoDraw = True
90.6585 	INFO 	Keyboard events cleared
90.6579 	EXP 	fixation: autoDraw = False
90.6579 	EXP 	text: autoDraw = True
91.5284 	EXP 	New trial (rep=7, index=5): {'reward_today': 15, 'future_reward': 35, 'delay': 13}
91.5318 	DATA 	Keypress: l
91.5410 	EXP 	fixation: autoDraw = False
91.5410 	EXP 	text: autoDraw = False
91.5410 	EXP 	text: height = 0.05
91.5410 	EXP 	text: height = 0.05
91.5410 	EXP 	text: height = 0.05
91.5410 	EXP 	text: text = ' GBP 15 today  or  GBP 35 after 13 days '
91.5410 	EXP 	fixation: autoDraw = True
92.5409 	INFO 	Keyboard events cleared
92.5405 	EXP 	fixation: autoDraw = False
92.5405 	EXP 	text: autoDraw = True
93.3792 	EXP 	New trial (rep=7, index=6): {'reward_today': 78, 'future_reward': 80, 'delay': 162}
93.3840 	DATA 	Keypress: l
93.3906 	EXP 	fixation: autoDraw = False
93.3906 	EXP 	text: autoDraw = False
93.3906 	EXP 	text: height = 0.05
93.3906 	EXP 	text: height = 0.05
93.3906 	EXP 	text: height = 0.05
93.3906 	EXP 	text: text = ' GBP 78 today  or  GBP 80 after 162 days '
93.3906 	EXP 	fixation: autoDraw = True
94.3908 	INFO 	Keyboard events cleared
94.3903 	EXP 	fixation: autoDraw = False
94.3903 	EXP 	text: autoDraw = True
94.9110 	EXP 	New trial (rep=8, index=0): {'reward_today': 67, 'future_reward': 75, 'delay': 119}
94.9146 	DATA 	Keypress: t
94.9242 	EXP 	fixation: autoDraw = False
94.9242 	EXP 	text: autoDraw = False
94.9242 	EXP 	text: height = 0.05
94.9242 	EXP 	text: height = 0.05
94.9242 	EXP 	text: height = 0.05
94.9242 	EXP 	text: text = ' GBP 67 today  or  GBP 75 after 119 days '
94.9242 	EXP 	fixation: autoDraw = True
95.6792 	DATA 	Keypress: t
95.9244 	INFO 	Keyboard events cleared
95.9239 	EXP 	fixation: autoDraw = False
95.9239 	EXP 	text: autoDraw = True
96.4954 	DATA 	Keypress: t
96.5110 	EXP 	New trial (rep=8, index=1): {'reward_today': 11, 'future_reward': 30, 'delay': 7}
96.5240 	EXP 	fixation: autoDraw = False
96.5240 	EXP 	text: autoDraw = False
96.5240 	EXP 	text: height = 0.05
96.5240 	EXP 	text: height = 0.05
96.5240 	EXP 	text: height = 0.05
96.5240 	EXP 	text: text = ' GBP 11 today  or  GBP 30 after 7 days '
96.5240 	EXP 	fixation: autoDraw = True
97.5239 	INFO 	Keyboard events cleared
97.5234 	EXP 	fixation: autoDraw = False
97.5234 	EXP 	text: autoDraw = True
98.0444 	EXP 	New trial (rep=8, index=2): {'reward_today': 27, 'future_reward': 50, 'delay': 21}
98.0483 	DATA 	Keypress: l
98.0567 	EXP 	fixation: autoDraw = False
98.0567 	EXP 	text: autoDraw = False
98.0567 	EXP 	text: height = 0.05
98.0567 	EXP 	text: height = 0.05
98.0567 	EXP 	text: height = 0.05
98.0567 	EXP 	text: text = ' GBP 27 today  or  GBP 50 after 21 days '
98.0567 	EXP 	fixation: autoDraw = True
99.0574 	INFO 	Keyboard events cleared
99.0569 	EXP 	fixation: autoDraw = False
99.0569 	EXP 	text: autoDraw = True
100.2603 	EXP 	New trial (rep=8, index=3): {'reward_today': 15, 'future_reward': 35, 'delay': 13}
100.2639 	DATA 	Keypress: l
100.2739 	EXP 	fixation: autoDraw = False
100.2739 	EXP 	text: autoDraw = False
100.2739 	EXP 	text: height = 0.05
100.2739 	EXP 	text: height = 0.05
100.2739 	EXP 	text: height = 0.05
100.2739 	EXP 	text: text = ' GBP 15 today  or  GBP 35 after 13 days '
100.2739 	EXP 	fixation: autoDraw = True
101.2736 	INFO 	Keyboard events cleared
101.2730 	EXP 	fixation: autoDraw = False
101.2730 	EXP 	text: autoDraw = True
102.2426 	EXP 	New trial (rep=8, index=4): {'reward_today': 78, 'future_reward': 80, 'delay': 162}
102.2468 	DATA 	Keypress: t
102.2561 	EXP 	fixation: autoDraw = False
102.2561 	EXP 	text: autoDraw = False
102.2561 	EXP 	text: height = 0.05
102.2561 	EXP 	text: height = 0.05
102.2561 	EXP 	text: height = 0.05
102.2561 	EXP 	text: text = ' GBP 78 today  or  GBP 80 after 162 days '
102.2561 	EXP 	fixation: autoDraw = True
103.2590 	INFO 	Keyboard events cleared
103.2585 	EXP 	fixation: autoDraw = False
103.2585 	EXP 	text: autoDraw = True
104.8765 	EXP 	New trial (rep=8, index=5): {'reward_today': 40, 'future_reward': 55, 'delay': 62}
104.8800 	DATA 	Keypress: t
104.8889 	EXP 	fixation: autoDraw = False
104.8889 	EXP 	text: autoDraw = False
104.8889 	EXP 	text: height = 0.05
104.8889 	EXP 	text: height = 0.05
104.8889 	EXP 	text: height = 0.05
104.8889 	EXP 	text: text = ' GBP 40 today  or  GBP 55 after 62 days '
104.8889 	EXP 	fixation: autoDraw = True
105.8891 	INFO 	Keyboard events cleared
105.8884 	EXP 	fixation: autoDraw = False
105.8884 	EXP 	text: autoDraw = True
106.6265 	EXP 	New trial (rep=8, index=6): {'reward_today': 49, 'future_reward': 60, 'delay': 89}
106.6301 	DATA 	Keypress: t
106.6384 	EXP 	fixation: autoDraw = False
106.6384 	EXP 	text: autoDraw = False
106.6384 	EXP 	text: height = 0.05
106.6384 	EXP 	text: height = 0.05
106.6384 	EXP 	text: height = 0.05
106.6384 	EXP 	text: text = ' GBP 49 today  or  GBP 60 after 89 days '
106.6384 	EXP 	fixation: autoDraw = True
107.6397 	INFO 	Keyboard events cleared
107.6391 	EXP 	fixation: autoDraw = False
107.6391 	EXP 	text: autoDraw = True
108.0591 	EXP 	New trial (rep=9, index=0): {'reward_today': 27, 'future_reward': 50, 'delay': 21}
108.0628 	DATA 	Keypress: t
108.0721 	EXP 	fixation: autoDraw = False
108.0721 	EXP 	text: autoDraw = False
108.0721 	EXP 	text: height = 0.05
108.0721 	EXP 	text: height = 0.05
108.0721 	EXP 	text: height = 0.05
108.0721 	EXP 	text: text = ' GBP 27 today  or  GBP 50 after 21 days '
108.0721 	EXP 	fixation: autoDraw = True
109.0729 	INFO 	Keyboard events cleared
109.0722 	EXP 	fixation: autoDraw = False
109.0722 	EXP 	text: autoDraw = True
109.6760 	EXP 	New trial (rep=9, index=1): {'reward_today': 67, 'future_reward': 75, 'delay': 119}
109.6793 	DATA 	Keypress: l
109.6887 	EXP 	fixation: autoDraw = False
109.6887 	EXP 	text: autoDraw = False
109.6887 	EXP 	text: height = 0.05
109.6887 	EXP 	text: height = 0.05
109.6887 	EXP 	text: height = 0.05
109.6887 	EXP 	text: text = ' GBP 67 today  or  GBP 75 after 119 days '
109.6887 	EXP 	fixation: autoDraw = True
110.6888 	INFO 	Keyboard events cleared
110.6883 	EXP 	fixation: autoDraw = False
110.6883 	EXP 	text: autoDraw = True
111.2261 	EXP 	New trial (rep=9, index=2): {'reward_today': 15, 'future_reward': 35, 'delay': 13}
111.2294 	DATA 	Keypress: t
111.2387 	EXP 	fixation: autoDraw = False
111.2387 	EXP 	text: autoDraw = False
111.2387 	EXP 	text: height = 0.05
111.2387 	EXP 	text: height = 0.05
111.2387 	EXP 	text: height = 0.05
111.2387 	EXP 	text: text = ' GBP 15 today  or  GBP 35 after 13 days '
111.2387 	EXP 	fixation: autoDraw = True
112.2385 	INFO 	Keyboard events cleared
112.2380 	EXP 	fixation: autoDraw = False
112.2380 	EXP 	text: autoDraw = True
112.8753 	EXP 	New trial (rep=9, index=3): {'reward_today': 78, 'future_reward': 80, 'delay': 162}
112.8790 	DATA 	Keypress: l
112.8879 	EXP 	fixation: autoDraw = False
112.8879 	EXP 	text: autoDraw = False
112.8879 	EXP 	text: height = 0.05
112.8879 	EXP 	text: height = 0.05
112.8879 	EXP 	text: height = 0.05
112.8879 	EXP 	text: text = ' GBP 78 today  or  GBP 80 after 162 days '
112.8879 	EXP 	fixation: autoDraw = True
113.8884 	INFO 	Keyboard events cleared
113.8879 	EXP 	fixation: autoDraw = False
113.8879 	EXP 	text: autoDraw = True
114.3092 	EXP 	New trial (rep=9, index=4): {'reward_today': 49, 'future_reward': 60, 'delay': 89}
114.3127 	DATA 	Keypress: t
114.3210 	EXP 	fixation: autoDraw = False
114.3210 	EXP 	text: autoDraw = False
114.3210 	EXP 	text: height = 0.05
114.3210 	EXP 	text: height = 0.05
114.3210 	EXP 	text: height = 0.05
114.3210 	EXP 	text: text = ' GBP 49 today  or  GBP 60 after 89 days '
114.3210 	EXP 	fixation: autoDraw = True
115.3215 	INFO 	Keyboard events cleared
115.3209 	EXP 	fixation: autoDraw = False
115.3209 	EXP 	text: autoDraw = True
115.8425 	DATA 	Keypress: l
115.8579 	EXP 	New trial (rep=9, index=5): {'reward_today': 40, 'future_reward': 55, 'delay': 62}
115.8707 	EXP 	fixation: autoDraw = False
115.8707 	EXP 	text: autoDraw = False
115.8707 	EXP 	text: height = 0.05
115.8707 	EXP 	text: height = 0.05
115.8707 	EXP 	text: height = 0.05
115.8707 	EXP 	text: text = ' GBP 40 today  or  GBP 55 after 62 days '
115.8707 	EXP 	fixation: autoDraw = True
116.8724 	INFO 	Keyboard events cleared
116.8718 	EXP 	fixation: autoDraw = False
116.8718 	EXP 	text: autoDraw = True
117.8243 	EXP 	New trial (rep=9, index=6): {'reward_today': 11, 'future_reward': 30, 'delay': 7}
117.8279 	DATA 	Keypress: t
117.8371 	EXP 	fixation: autoDraw = False
117.8371 	EXP 	text: autoDraw = False
117.8371 	EXP 	text: height = 0.05
117.8371 	EXP 	text: height = 0.05
117.8371 	EXP 	text: height = 0.05
117.8371 	EXP 	text: text = ' GBP 11 today  or  GBP 30 after 7 days '
117.8371 	EXP 	fixation: autoDraw = True
118.8382 	INFO 	Keyboard events cleared
118.8376 	EXP 	fixation: autoDraw = False
118.8376 	EXP 	text: autoDraw = True
119.6408 	EXP 	New trial (rep=10, index=0): {'reward_today': 27, 'future_reward': 50, 'delay': 21}
119.6454 	DATA 	Keypress: l
119.6536 	EXP 	fixation: autoDraw = False
119.6536 	EXP 	text: autoDraw = False
119.6536 	EXP 	text: height = 0.05
119.6536 	EXP 	text: height = 0.05
119.6536 	EXP 	text: height = 0.05
119.6536 	EXP 	text: text = ' GBP 27 today  or  GBP 50 after 21 days '
119.6536 	EXP 	fixation: autoDraw = True
120.6548 	INFO 	Keyboard events cleared
120.6541 	EXP 	fixation: autoDraw = False
120.6541 	EXP 	text: autoDraw = True
122.2757 	EXP 	New trial (rep=10, index=1): {'reward_today': 40, 'future_reward': 55, 'delay': 62}
122.2795 	DATA 	Keypress: t
122.2870 	EXP 	fixation: autoDraw = False
122.2870 	EXP 	text: autoDraw = False
122.2870 	EXP 	text: height = 0.05
122.2870 	EXP 	text: height = 0.05
122.2870 	EXP 	text: height = 0.05
122.2870 	EXP 	text: text = ' GBP 40 today  or  GBP 55 after 62 days '
122.2870 	EXP 	fixation: autoDraw = True
123.2874 	INFO 	Keyboard events cleared
123.2869 	EXP 	fixation: autoDraw = False
123.2869 	EXP 	text: autoDraw = True
123.8580 	EXP 	New trial (rep=10, index=2): {'reward_today': 15, 'future_reward': 35, 'delay': 13}
123.8621 	DATA 	Keypress: t
123.8701 	EXP 	fixation: autoDraw = False
123.8701 	EXP 	text: autoDraw = False
123.8701 	EXP 	text: height = 0.05
123.8701 	EXP 	text: height = 0.05
123.8701 	EXP 	text: height = 0.05
123.8701 	EXP 	text: text = ' GBP 15 today  or  GBP 35 after 13 days '
123.8701 	EXP 	fixation: autoDraw = True
124.8700 	INFO 	Keyboard events cleared
124.8695 	EXP 	fixation: autoDraw = False
124.8695 	EXP 	text: autoDraw = True
125.4077 	DATA 	Keypress: l
125.4248 	EXP 	New trial (rep=10, index=3): {'reward_today': 49, 'future_reward': 60, 'delay': 89}
125.4374 	EXP 	fixation: autoDraw = False
125.4374 	EXP 	text: autoDraw = False
125.4374 	EXP 	text: height = 0.05
125.4374 	EXP 	text: height = 0.05
125.4374 	EXP 	text: height = 0.05
125.4374 	EXP 	text: text = ' GBP 49 today  or  GBP 60 after 89 days '
125.4374 	EXP 	fixation: autoDraw = True
126.4371 	INFO 	Keyboard events cleared
126.4365 	EXP 	text: autoDraw = True
126.4527 	EXP 	fixation: autoDraw = False
127.1238 	EXP 	New trial (rep=10, index=4): {'reward_today': 78, 'future_reward': 80, 'delay': 162}
127.1276 	DATA 	Keypress: t
127.1366 	EXP 	fixation: autoDraw = False
127.1366 	EXP 	text: autoDraw = False
127.1366 	EXP 	text: height = 0.05
127.1366 	EXP 	text: height = 0.05
127.1366 	EXP 	text: height = 0.05
127.1366 	EXP 	text: text = ' GBP 78 today  or  GBP 80 after 162 days '
127.1366 	EXP 	fixation: autoDraw = True
128.1373 	INFO 	Keyboard events cleared
128.1368 	EXP 	fixation: autoDraw = False
128.1368 	EXP 	text: autoDraw = True
128.6069 	EXP 	New trial (rep=10, index=5): {'reward_today': 11, 'future_reward': 30, 'delay': 7}
128.6107 	DATA 	Keypress: t
128.6195 	EXP 	fixation: autoDraw = False
128.6195 	EXP 	text: autoDraw = False
128.6195 	EXP 	text: height = 0.05
128.6195 	EXP 	text: height = 0.05
128.6195 	EXP 	text: height = 0.05
128.6195 	EXP 	text: text = ' GBP 11 today  or  GBP 30 after 7 days '
128.6195 	EXP 	fixation: autoDraw = True
129.6199 	INFO 	Keyboard events cleared
129.6194 	EXP 	fixation: autoDraw = False
129.6194 	EXP 	text: autoDraw = True
130.2913 	DATA 	Keypress: l
130.3069 	EXP 	New trial (rep=10, index=6): {'reward_today': 67, 'future_reward': 75, 'delay': 119}
130.3190 	EXP 	fixation: autoDraw = False
130.3190 	EXP 	text: autoDraw = False
130.3190 	EXP 	text: height = 0.05
130.3190 	EXP 	text: height = 0.05
130.3190 	EXP 	text: height = 0.05
130.3190 	EXP 	text: text = ' GBP 67 today  or  GBP 75 after 119 days '
130.3190 	EXP 	fixation: autoDraw = True
131.3194 	INFO 	Keyboard events cleared
131.3188 	EXP 	fixation: autoDraw = False
131.3188 	EXP 	text: autoDraw = True
131.7559 	EXP 	New trial (rep=11, index=0): {'reward_today': 11, 'future_reward': 30, 'delay': 7}
131.7597 	DATA 	Keypress: t
131.7689 	EXP 	fixation: autoDraw = False
131.7689 	EXP 	text: autoDraw = False
131.7689 	EXP 	text: height = 0.05
131.7689 	EXP 	text: height = 0.05
131.7689 	EXP 	text: height = 0.05
131.7689 	EXP 	text: text = ' GBP 11 today  or  GBP 30 after 7 days '
131.7689 	EXP 	fixation: autoDraw = True
132.7694 	INFO 	Keyboard events cleared
132.7687 	EXP 	fixation: autoDraw = False
132.7687 	EXP 	text: autoDraw = True
133.1726 	EXP 	New trial (rep=11, index=1): {'reward_today': 49, 'future_reward': 60, 'delay': 89}
133.1767 	DATA 	Keypress: l
133.1858 	EXP 	fixation: autoDraw = False
133.1858 	EXP 	text: autoDraw = False
133.1858 	EXP 	text: height = 0.05
133.1858 	EXP 	text: height = 0.05
133.1858 	EXP 	text: height = 0.05
133.1858 	EXP 	text: text = ' GBP 49 today  or  GBP 60 after 89 days '
133.1858 	EXP 	fixation: autoDraw = True
134.1861 	INFO 	Keyboard events cleared
134.1855 	EXP 	fixation: autoDraw = False
134.1855 	EXP 	text: autoDraw = True
134.7394 	EXP 	New trial (rep=11, index=2): {'reward_today': 67, 'future_reward': 75, 'delay': 119}
134.7437 	DATA 	Keypress: t
134.7516 	EXP 	fixation: autoDraw = False
134.7516 	EXP 	text: autoDraw = False
134.7516 	EXP 	text: height = 0.05
134.7516 	EXP 	text: height = 0.05
134.7516 	EXP 	text: height = 0.05
134.7516 	EXP 	text: text = ' GBP 67 today  or  GBP 75 after 119 days '
134.7516 	EXP 	fixation: autoDraw = True
135.7523 	INFO 	Keyboard events cleared
135.7517 	EXP 	fixation: autoDraw = False
135.7517 	EXP 	text: autoDraw = True
136.2724 	EXP 	New trial (rep=11, index=3): {'reward_today': 15, 'future_reward': 35, 'delay': 13}
136.2768 	DATA 	Keypress: l
136.2850 	EXP 	fixation: autoDraw = False
136.2850 	EXP 	text: autoDraw = False
136.2850 	EXP 	text: height = 0.05
136.2850 	EXP 	text: height = 0.05
136.2850 	EXP 	text: height = 0.05
136.2850 	EXP 	text: text = ' GBP 15 today  or  GBP 35 after 13 days '
136.2850 	EXP 	fixation: autoDraw = True
137.2857 	INFO 	Keyboard events cleared
137.2852 	EXP 	fixation: autoDraw = False
137.2852 	EXP 	text: autoDraw = True
138.9724 	EXP 	New trial (rep=11, index=4): {'reward_today': 78, 'future_reward': 80, 'delay': 162}
138.9764 	DATA 	Keypress: t
138.9842 	EXP 	fixation: autoDraw = False
138.9842 	EXP 	text: autoDraw = False
138.9842 	EXP 	text: height = 0.05
138.9842 	EXP 	text: height = 0.05
138.9842 	EXP 	text: height = 0.05
138.9842 	EXP 	text: text = ' GBP 78 today  or  GBP 80 after 162 days '
138.9842 	EXP 	fixation: autoDraw = True
139.9852 	INFO 	Keyboard events cleared
139.9845 	EXP 	fixation: autoDraw = False
139.9845 	EXP 	text: autoDraw = True
140.4552 	EXP 	New trial (rep=11, index=5): {'reward_today': 27, 'future_reward': 50, 'delay': 21}
140.4592 	DATA 	Keypress: t
140.4677 	EXP 	fixation: autoDraw = False
140.4677 	EXP 	text: autoDraw = False
140.4677 	EXP 	text: height = 0.05
140.4677 	EXP 	text: height = 0.05
140.4677 	EXP 	text: height = 0.05
140.4677 	EXP 	text: text = ' GBP 27 today  or  GBP 50 after 21 days '
140.4677 	EXP 	fixation: autoDraw = True
141.4683 	INFO 	Keyboard events cleared
141.4678 	EXP 	fixation: autoDraw = False
141.4678 	EXP 	text: autoDraw = True
142.2402 	EXP 	New trial (rep=11, index=6): {'reward_today': 40, 'future_reward': 55, 'delay': 62}
142.2447 	DATA 	Keypress: l
142.2508 	EXP 	fixation: autoDraw = False
142.2508 	EXP 	text: autoDraw = False
142.2508 	EXP 	text: height = 0.05
142.2508 	EXP 	text: height = 0.05
142.2508 	EXP 	text: height = 0.05
142.2508 	EXP 	text: text = ' GBP 40 today  or  GBP 55 after 62 days '
142.2508 	EXP 	fixation: autoDraw = True
143.2517 	INFO 	Keyboard events cleared
143.2511 	EXP 	fixation: autoDraw = False
143.2511 	EXP 	text: autoDraw = True
143.8891 	EXP 	New trial (rep=12, index=0): {'reward_today': 15, 'future_reward': 35, 'delay': 13}
143.8942 	DATA 	Keypress: t
143.9005 	EXP 	fixation: autoDraw = False
143.9005 	EXP 	text: autoDraw = False
143.9005 	EXP 	text: height = 0.05
143.9005 	EXP 	text: height = 0.05
143.9005 	EXP 	text: height = 0.05
143.9005 	EXP 	text: text = ' GBP 15 today  or  GBP 35 after 13 days '
143.9005 	EXP 	fixation: autoDraw = True
144.9019 	INFO 	Keyboard events cleared
144.9014 	EXP 	fixation: autoDraw = False
144.9014 	EXP 	text: autoDraw = True
145.4039 	EXP 	New trial (rep=12, index=1): {'reward_today': 27, 'future_reward': 50, 'delay': 21}
145.4077 	DATA 	Keypress: l
145.4169 	EXP 	fixation: autoDraw = False
145.4169 	EXP 	text: autoDraw = False
145.4169 	EXP 	text: height = 0.05
145.4169 	EXP 	text: height = 0.05
145.4169 	EXP 	text: height = 0.05
145.4169 	EXP 	text: text = ' GBP 27 today  or  GBP 50 after 21 days '
145.4169 	EXP 	fixation: autoDraw = True
146.4176 	INFO 	Keyboard events cleared
146.4171 	EXP 	fixation: autoDraw = False
146.4171 	EXP 	text: autoDraw = True
148.4375 	EXP 	New trial (rep=12, index=2): {'reward_today': 49, 'future_reward': 60, 'delay': 89}
148.4418 	DATA 	Keypress: t
148.4502 	EXP 	fixation: autoDraw = False
148.4502 	EXP 	text: autoDraw = False
148.4502 	EXP 	text: height = 0.05
148.4502 	EXP 	text: height = 0.05
148.4502 	EXP 	text: height = 0.05
148.4502 	EXP 	text: text = ' GBP 49 today  or  GBP 60 after 89 days '
148.4502 	EXP 	fixation: autoDraw = True
149.4509 	INFO 	Keyboard events cleared
149.4504 	EXP 	fixation: autoDraw = False
149.4504 	EXP 	text: autoDraw = True
150.0882 	EXP 	New trial (rep=12, index=3): {'reward_today': 67, 'future_reward': 75, 'delay': 119}
150.0917 	DATA 	Keypress: t
150.0995 	EXP 	fixation: autoDraw = False
150.0995 	EXP 	text: autoDraw = False
150.0995 	EXP 	text: height = 0.05
150.0995 	EXP 	text: height = 0.05
150.0995 	EXP 	text: height = 0.05
150.0995 	EXP 	text: text = ' GBP 67 today  or  GBP 75 after 119 days '
150.0995 	EXP 	fixation: autoDraw = True
151.1004 	INFO 	Keyboard events cleared
151.0998 	EXP 	fixation: autoDraw = False
151.0998 	EXP 	text: autoDraw = True
151.5699 	EXP 	New trial (rep=12, index=4): {'reward_today': 40, 'future_reward': 55, 'delay': 62}
151.5739 	DATA 	Keypress: t
151.5831 	EXP 	fixation: autoDraw = False
151.5831 	EXP 	text: autoDraw = False
151.5831 	EXP 	text: height = 0.05
151.5831 	EXP 	text: height = 0.05
151.5831 	EXP 	text: height = 0.05
151.5831 	EXP 	text: text = ' GBP 40 today  or  GBP 55 after 62 days '
151.5831 	EXP 	fixation: autoDraw = True
152.5835 	INFO 	Keyboard events cleared
152.5830 	EXP 	fixation: autoDraw = False
152.5830 	EXP 	text: autoDraw = True
153.0711 	EXP 	New trial (rep=12, index=5): {'reward_today': 11, 'future_reward': 30, 'delay': 7}
153.0757 	DATA 	Keypress: t
153.0832 	EXP 	fixation: autoDraw = False
153.0832 	EXP 	text: autoDraw = False
153.0832 	EXP 	text: height = 0.05
153.0832 	EXP 	text: height = 0.05
153.0832 	EXP 	text: height = 0.05
153.0832 	EXP 	text: text = ' GBP 11 today  or  GBP 30 after 7 days '
153.0832 	EXP 	fixation: autoDraw = True
154.0840 	INFO 	Keyboard events cleared
154.0834 	EXP 	fixation: autoDraw = False
154.0834 	EXP 	text: autoDraw = True
154.4376 	EXP 	New trial (rep=12, index=6): {'reward_today': 78, 'future_reward': 80, 'delay': 162}
154.4418 	DATA 	Keypress: t
154.4492 	EXP 	fixation: autoDraw = False
154.4492 	EXP 	text: autoDraw = False
154.4492 	EXP 	text: height = 0.05
154.4492 	EXP 	text: height = 0.05
154.4492 	EXP 	text: height = 0.05
154.4492 	EXP 	text: text = ' GBP 78 today  or  GBP 80 after 162 days '
154.4492 	EXP 	fixation: autoDraw = True
155.4497 	INFO 	Keyboard events cleared
155.4491 	EXP 	fixation: autoDraw = False
155.4491 	EXP 	text: autoDraw = True
156.0038 	EXP 	New trial (rep=13, index=0): {'reward_today': 49, 'future_reward': 60, 'delay': 89}
156.0078 	DATA 	Keypress: t
156.0154 	EXP 	fixation: autoDraw = False
156.0154 	EXP 	text: autoDraw = False
156.0154 	EXP 	text: height = 0.05
156.0154 	EXP 	text: height = 0.05
156.0154 	EXP 	text: height = 0.05
156.0154 	EXP 	text: text = ' GBP 49 today  or  GBP 60 after 89 days '
156.0154 	EXP 	fixation: autoDraw = True
157.0167 	INFO 	Keyboard events cleared
157.0162 	EXP 	fixation: autoDraw = False
157.0162 	EXP 	text: autoDraw = True
157.5378 	DATA 	Keypress: t
157.5527 	EXP 	New trial (rep=13, index=1): {'reward_today': 67, 'future_reward': 75, 'delay': 119}
157.5664 	EXP 	fixation: autoDraw = False
157.5664 	EXP 	text: autoDraw = False
157.5664 	EXP 	text: height = 0.05
157.5664 	EXP 	text: height = 0.05
157.5664 	EXP 	text: height = 0.05
157.5664 	EXP 	text: text = ' GBP 67 today  or  GBP 75 after 119 days '
157.5664 	EXP 	fixation: autoDraw = True
158.5665 	INFO 	Keyboard events cleared
158.5660 	EXP 	text: autoDraw = True
158.5817 	EXP 	fixation: autoDraw = False
159.0533 	EXP 	New trial (rep=13, index=2): {'reward_today': 27, 'future_reward': 50, 'delay': 21}
159.0573 	DATA 	Keypress: t
159.0650 	EXP 	fixation: autoDraw = False
159.0650 	EXP 	text: autoDraw = False
159.0650 	EXP 	text: height = 0.05
159.0650 	EXP 	text: height = 0.05
159.0650 	EXP 	text: height = 0.05
159.0650 	EXP 	text: text = ' GBP 27 today  or  GBP 50 after 21 days '
159.0650 	EXP 	fixation: autoDraw = True
160.0659 	INFO 	Keyboard events cleared
160.0652 	EXP 	fixation: autoDraw = False
160.0652 	EXP 	text: autoDraw = True
161.2358 	EXP 	New trial (rep=13, index=3): {'reward_today': 40, 'future_reward': 55, 'delay': 62}
161.2391 	DATA 	Keypress: l
161.2486 	EXP 	fixation: autoDraw = False
161.2486 	EXP 	text: autoDraw = False
161.2486 	EXP 	text: height = 0.05
161.2486 	EXP 	text: height = 0.05
161.2486 	EXP 	text: height = 0.05
161.2486 	EXP 	text: text = ' GBP 40 today  or  GBP 55 after 62 days '
161.2486 	EXP 	fixation: autoDraw = True
162.2488 	INFO 	Keyboard events cleared
162.2483 	EXP 	fixation: autoDraw = False
162.2483 	EXP 	text: autoDraw = True
162.8522 	EXP 	New trial (rep=13, index=4): {'reward_today': 15, 'future_reward': 35, 'delay': 13}
162.8558 	DATA 	Keypress: t
162.8647 	EXP 	fixation: autoDraw = False
162.8647 	EXP 	text: autoDraw = False
162.8647 	EXP 	text: height = 0.05
162.8647 	EXP 	text: height = 0.05
162.8647 	EXP 	text: height = 0.05
162.8647 	EXP 	text: text = ' GBP 15 today  or  GBP 35 after 13 days '
162.8647 	EXP 	fixation: autoDraw = True
163.8653 	INFO 	Keyboard events cleared
163.8647 	EXP 	fixation: autoDraw = False
163.8647 	EXP 	text: autoDraw = True
164.7861 	EXP 	New trial (rep=13, index=5): {'reward_today': 11, 'future_reward': 30, 'delay': 7}
164.7897 	DATA 	Keypress: l
164.7987 	EXP 	fixation: autoDraw = False
164.7987 	EXP 	text: autoDraw = False
164.7987 	EXP 	text: height = 0.05
164.7987 	EXP 	text: height = 0.05
164.7987 	EXP 	text: height = 0.05
164.7987 	EXP 	text: text = ' GBP 11 today  or  GBP 30 after 7 days '
164.7987 	EXP 	fixation: autoDraw = True
165.7995 	INFO 	Keyboard events cleared
165.7990 	EXP 	text: autoDraw = True
165.8145 	EXP 	fixation: autoDraw = False
166.2854 	EXP 	New trial (rep=13, index=6): {'reward_today': 78, 'future_reward': 80, 'delay': 162}
166.2889 	DATA 	Keypress: l
166.2979 	EXP 	fixation: autoDraw = False
166.2979 	EXP 	text: autoDraw = False
166.2979 	EXP 	text: height = 0.05
166.2979 	EXP 	text: height = 0.05
166.2979 	EXP 	text: height = 0.05
166.2979 	EXP 	text: text = ' GBP 78 today  or  GBP 80 after 162 days '
166.2979 	EXP 	fixation: autoDraw = True
167.2990 	INFO 	Keyboard events cleared
167.2984 	EXP 	fixation: autoDraw = False
167.2984 	EXP 	text: autoDraw = True
167.8690 	EXP 	New trial (rep=14, index=0): {'reward_today': 49, 'future_reward': 60, 'delay': 89}
167.8727 	DATA 	Keypress: t
167.8811 	EXP 	fixation: autoDraw = False
167.8811 	EXP 	text: autoDraw = False
167.8811 	EXP 	text: height = 0.05
167.8811 	EXP 	text: height = 0.05
167.8811 	EXP 	text: height = 0.05
167.8811 	EXP 	text: text = ' GBP 49 today  or  GBP 60 after 89 days '
167.8811 	EXP 	fixation: autoDraw = True
168.8809 	INFO 	Keyboard events cleared
168.8803 	EXP 	fixation: autoDraw = False
168.8803 	EXP 	text: autoDraw = True
170.2017 	EXP 	New trial (rep=14, index=1): {'reward_today': 11, 'future_reward': 30, 'delay': 7}
170.2066 	DATA 	Keypress: t
170.2138 	EXP 	fixation: autoDraw = False
170.2138 	EXP 	text: autoDraw = False
170.2138 	EXP 	text: height = 0.05
170.2138 	EXP 	text: height = 0.05
170.2138 	EXP 	text: height = 0.05
170.2138 	EXP 	text: text = ' GBP 11 today  or  GBP 30 after 7 days '
170.2138 	EXP 	fixation: autoDraw = True
171.2143 	INFO 	Keyboard events cleared
171.2137 	EXP 	fixation: autoDraw = False
171.2137 	EXP 	text: autoDraw = True
171.7197 	DATA 	Keypress: l
171.7339 	EXP 	New trial (rep=14, index=2): {'reward_today': 78, 'future_reward': 80, 'delay': 162}
171.7478 	EXP 	fixation: autoDraw = False
171.7478 	EXP 	text: autoDraw = False
171.7478 	EXP 	text: height = 0.05
171.7478 	EXP 	text: height = 0.05
171.7478 	EXP 	text: height = 0.05
171.7478 	EXP 	text: text = ' GBP 78 today  or  GBP 80 after 162 days '
171.7478 	EXP 	fixation: autoDraw = True
172.7476 	INFO 	Keyboard events cleared
172.7471 	EXP 	fixation: autoDraw = False
172.7471 	EXP 	text: autoDraw = True
173.2843 	EXP 	New trial (rep=14, index=3): {'reward_today': 67, 'future_reward': 75, 'delay': 119}
173.2884 	DATA 	Keypress: t
173.2975 	EXP 	fixation: autoDraw = False
173.2975 	EXP 	text: autoDraw = False
173.2975 	EXP 	text: height = 0.05
173.2975 	EXP 	text: height = 0.05
173.2975 	EXP 	text: height = 0.05
173.2975 	EXP 	text: text = ' GBP 67 today  or  GBP 75 after 119 days '
173.2975 	EXP 	fixation: autoDraw = True
174.2980 	INFO 	Keyboard events cleared
174.2974 	EXP 	fixation: autoDraw = False
174.2974 	EXP 	text: autoDraw = True
174.8675 	EXP 	New trial (rep=14, index=4): {'reward_today': 27, 'future_reward': 50, 'delay': 21}
174.8709 	DATA 	Keypress: t
174.8801 	EXP 	fixation: autoDraw = False
174.8801 	EXP 	text: autoDraw = False
174.8801 	EXP 	text: height = 0.05
174.8801 	EXP 	text: height = 0.05
174.8801 	EXP 	text: height = 0.05
174.8801 	EXP 	text: text = ' GBP 27 today  or  GBP 50 after 21 days '
174.8801 	EXP 	fixation: autoDraw = True
175.8806 	INFO 	Keyboard events cleared
175.8801 	EXP 	fixation: autoDraw = False
175.8801 	EXP 	text: autoDraw = True
176.4510 	EXP 	New trial (rep=14, index=5): {'reward_today': 40, 'future_reward': 55, 'delay': 62}
176.4556 	DATA 	Keypress: l
176.4638 	EXP 	fixation: autoDraw = False
176.4638 	EXP 	text: autoDraw = False
176.4638 	EXP 	text: height = 0.05
176.4638 	EXP 	text: height = 0.05
176.4638 	EXP 	text: height = 0.05
176.4638 	EXP 	text: text = ' GBP 40 today  or  GBP 55 after 62 days '
176.4638 	EXP 	fixation: autoDraw = True
177.4651 	INFO 	Keyboard events cleared
177.4644 	EXP 	fixation: autoDraw = False
177.4644 	EXP 	text: autoDraw = True
178.0504 	EXP 	New trial (rep=14, index=6): {'reward_today': 15, 'future_reward': 35, 'delay': 13}
178.0549 	DATA 	Keypress: t
178.0631 	EXP 	fixation: autoDraw = False
178.0631 	EXP 	text: autoDraw = False
178.0631 	EXP 	text: height = 0.05
178.0631 	EXP 	text: height = 0.05
178.0631 	EXP 	text: height = 0.05
178.0631 	EXP 	text: text = ' GBP 15 today  or  GBP 35 after 13 days '
178.0631 	EXP 	fixation: autoDraw = True
179.0633 	INFO 	Keyboard events cleared
179.0627 	EXP 	fixation: autoDraw = False
179.0627 	EXP 	text: autoDraw = True
181.5171 	DATA 	Keypress: l
181.5289 	EXP 	fixation: autoDraw = False
181.5289 	EXP 	text: autoDraw = False
181.5312 	EXP 	delay_discounting: status = STOPPED
181.5533 	INFO 	saved data to 'C:\\Users\\ASHISH\\Downloads\\delay discount\\data/491918_delay_discounting_2024-11-21_14h22.37.248.csv'
181.5551 	INFO 	saved data to C:\Users\ASHISH\Downloads\delay discount\data/491918_delay_discounting_2024-11-21_14h22.37.248.psydat
181.5970 	EXP 	window1: mouseVisible = True
182.2051 	DEBUG 	Saving data for delay_discounting ExperimentHandler
