6.9204 	DEBUG 	Fullscreen settings ignored as running in pilot mode.
6.9213 	INFO 	Loaded monitor calibration from ['2024_08_09 11:05']
8.0597 	EXP 	Created window1 = Window(allowGUI=True, allowStencil=False, autoLog=True, backendConf=UNKNOWN, backgroundFit=<method-wrapper '__getattribute__' of attributeSetter object at 0x0000026F032EC9D0>, backgroundImage=<method-wrapper '__getattribute__' of attributeSetter object at 0x0000026F032EC970>, bitsMode=UNKNOWN, blendMode='avg', bpc=(8, 8, 8), color=array([0, 0, 0]), colorSpace='rgb', depthBits=8, fullscr=<method-wrapper '__getattribute__' of attributeSetter object at 0x0000026F032EC7C0>, gamma=None, gammaErrorPolicy='raise', infoMsg=UNKNOWN, lms=UNKNOWN, monitor=<psychopy.monitors.calibTools.Monitor object at 0x0000026F036BB940>, multiSample=False, name='window1', numSamples=2, pos=[560.0, 240.0], screen=0, size=array([800, 600]), stencilBits=0, stereo=False, title='PsychoPy', units='height', useFBO=True, useRetina=False, viewOri=0.0, viewPos=None, viewScale=None, waitBlanking=True, winType='pyglet')
8.0598 	EXP 	window1: backgroundImage = ''
8.0598 	EXP 	window1: backgroundFit = 'none'
8.0601 	EXP 	window1: mouseVisible = <method-wrapper '__getattribute__' of attributeSetter object at 0x0000026F032ECAF0>
8.0603 	EXP 	window1: mouseVisible = <method-wrapper '__getattribute__' of attributeSetter object at 0x0000026F032ECAF0>
8.0624 	EXP 	window1: mouseVisible = <method-wrapper '__getattribute__' of attributeSetter object at 0x0000026F032ECAF0>
8.0631 	EXP 	window1: mouseVisible = <method-wrapper '__getattribute__' of attributeSetter object at 0x0000026F032ECAF0>
8.0836 	DEBUG 	TextBox2 loaded 1 chars with 0 blanks and 1 valid
8.0848 	DEBUG 	TextBox2 loaded 1 chars with 0 blanks and 1 valid
8.0858 	DEBUG 	TextBox2 loaded 1 chars with 0 blanks and 1 valid
8.0871 	DEBUG 	TextBox2 loaded 1 chars with 0 blanks and 1 valid
8.0887 	DEBUG 	TextBox2 loaded 1 chars with 0 blanks and 1 valid
8.0896 	DEBUG 	TextBox2 loaded 1 chars with 0 blanks and 1 valid
8.0906 	DEBUG 	TextBox2 loaded 1 chars with 0 blanks and 1 valid
8.0919 	DEBUG 	TextBox2 loaded 1 chars with 0 blanks and 1 valid
8.0926 	DEBUG 	TextBox2 loaded 1 chars with 0 blanks and 1 valid
8.0932 	DEBUG 	TextBox2 loaded 1 chars with 0 blanks and 1 valid
8.0942 	DEBUG 	TextBox2 loaded 1 chars with 0 blanks and 1 valid
8.0954 	DEBUG 	TextBox2 loaded 1 chars with 0 blanks and 1 valid
8.0963 	DEBUG 	TextBox2 loaded 1 chars with 0 blanks and 1 valid
8.0973 	DEBUG 	TextBox2 loaded 1 chars with 0 blanks and 1 valid
8.0981 	DEBUG 	TextBox2 loaded 1 chars with 0 blanks and 1 valid
8.0990 	DEBUG 	TextBox2 loaded 1 chars with 0 blanks and 1 valid
8.0999 	DEBUG 	TextBox2 loaded 1 chars with 0 blanks and 1 valid
8.1007 	DEBUG 	TextBox2 loaded 1 chars with 0 blanks and 1 valid
8.1016 	DEBUG 	TextBox2 loaded 1 chars with 0 blanks and 1 valid
8.1028 	DEBUG 	TextBox2 loaded 1 chars with 0 blanks and 1 valid
8.1037 	DEBUG 	TextBox2 loaded 1 chars with 0 blanks and 1 valid
8.1041 	DEBUG 	Uploading Texture Font fontname to graphics card
8.1128 	DEBUG 	Upload of Texture Font fontname complete
8.1147 	EXP 	window1: mouseVisible = <method-wrapper '__getattribute__' of attributeSetter object at 0x0000026F032ECAF0>
8.1150 	EXP 	window1: mouseVisible = <method-wrapper '__getattribute__' of attributeSetter object at 0x0000026F032ECAF0>
8.1158 	EXP 	window1: mouseVisible = <method-wrapper '__getattribute__' of attributeSetter object at 0x0000026F032ECAF0>
8.1163 	EXP 	window1: mouseVisible = <method-wrapper '__getattribute__' of attributeSetter object at 0x0000026F032ECAF0>
8.1355 	DEBUG 	TextBox2 loaded 1 chars with 0 blanks and 1 valid
8.1369 	DEBUG 	TextBox2 loaded 1 chars with 0 blanks and 1 valid
8.1392 	DEBUG 	TextBox2 loaded 1 chars with 0 blanks and 1 valid
8.1396 	DEBUG 	Uploading Texture Font fontname to graphics card
8.1498 	DEBUG 	Upload of Texture Font fontname complete
8.1523 	EXP 	window1: Attempting to measure frame rate of screen (0) ...
8.1523 	EXP 	window1: recordFrameIntervals = False
8.3410 	EXP 	window1: recordFrameIntervals = True
8.5243 	EXP 	Screen (0) actual frame rate measured at 60.62Hz
8.5243 	EXP 	window1: recordFrameIntervals = False
8.5245 	EXP 	window1: mouseVisible = False
8.5251 	EXP 	window1: mouseVisible = False
8.5254 	EXP 	window1: mouseVisible = False
8.5261 	EXP 	window1: mouseVisible = False
8.5267 	EXP 	window1: mouseVisible = False
8.5473 	DEBUG 	TextBox2 loaded 1 chars with 0 blanks and 1 valid
8.5481 	DEBUG 	TextBox2 loaded 1 chars with 0 blanks and 1 valid
8.5492 	DEBUG 	TextBox2 loaded 1 chars with 0 blanks and 1 valid
8.5505 	DEBUG 	TextBox2 loaded 1 chars with 0 blanks and 1 valid
8.5519 	DEBUG 	TextBox2 loaded 1 chars with 0 blanks and 1 valid
8.5531 	DEBUG 	TextBox2 loaded 1 chars with 0 blanks and 1 valid
8.5541 	DEBUG 	TextBox2 loaded 1 chars with 0 blanks and 1 valid
8.5558 	DEBUG 	TextBox2 loaded 1 chars with 0 blanks and 1 valid
8.5571 	DEBUG 	TextBox2 loaded 1 chars with 0 blanks and 1 valid
8.5583 	DEBUG 	TextBox2 loaded 1 chars with 0 blanks and 1 valid
8.5586 	DEBUG 	Uploading Texture Font fontname to graphics card
8.5591 	DEBUG 	Upload of Texture Font fontname complete
8.5607 	EXP 	window1: mouseVisible = False
8.5609 	EXP 	window1: mouseVisible = False
8.5615 	EXP 	window1: mouseVisible = False
8.5621 	EXP 	window1: mouseVisible = False
8.6427 	WARNING 	launchHubServer: If using the iohub mouse or eyetracker devices, fullScr should be True.
10.2136 	INFO 	keyboard.Keyboard is using iohub backend.
10.2136 	INFO 	keyboard.Keyboard is using iohub backend.
10.2136 	EXP 	delay_discounting: status = STARTED
10.2138 	EXP 	window1: mouseVisible = False
10.2160 	EXP 	Created fixation = ShapeStim(__class__=<class 'psychopy.visual.shape.ShapeStim'>, anchor=('center', 'center'), autoDraw=False, autoLog=True, closeShape=True, color=method-wrapper(...), colorSpace='rgb', contrast=None, depth=0.0, draggable=False, fillColor=array([1, 1, 1]), fillColorSpace='rgb', fillRGB=array([1, 1, 1]), interpolate=True, lineColor=array([1., 1., 1.]), lineColorSpace='rgb', lineRGB=array([1, 1, 1]), lineWidth=1.0, name='fixation', opacity=1.0, ori=0.0, pos=array([0., 0.]), size=array([0.05, 0.05]), units='height', vertices=ndarray(...), win=Window(...), windingRule=None)
10.2162 	EXP 	window1: mouseVisible = False
10.2396 	EXP 	Created text = TextStim(__class__=<class 'psychopy.visual.text.TextStim'>, alignHoriz=method-wrapper(...), alignText='center', alignVert=method-wrapper(...), anchorHoriz='center', anchorVert='center', antialias=True, autoDraw=False, autoLog=True, bold=False, color=array([1., 1., 1.]), colorSpace='rgb', contrast=1.0, depth=-1.0, draggable=False, flipHoriz=False, flipVert=False, font='Arial', fontFiles=[], height=0.05, italic=False, languageStyle='LTR', name='text', opacity=1.0, ori=0.0, pos=array([0., 0.]), rgb=UNKNOWN, text='', units='height', win=Window(...), wrapWidth=1)
0.0262 	DEBUG 	Read excel file with openpyxl: discounting.xlsx
0.0265 	EXP 	Imported discounting.xlsx as conditions, 7 conditions, 3 params
0.0271 	EXP 	Created sequence: random, trialTypes=7, nReps=15, seed=None
0.0272 	EXP 	New trial (rep=0, index=0): {'reward_today': 15, 'future_reward': 35, 'delay': 13}
0.0659 	EXP 	text: height = 0.05
0.0659 	EXP 	text: height = 0.05
0.0659 	EXP 	text: height = 0.05
0.0659 	EXP 	text: text = ' GBP 15 today  or  GBP 35 after 13 days '
0.0659 	EXP 	fixation: autoDraw = True
1.0017 	INFO 	Keyboard events cleared
1.0011 	EXP 	text: autoDraw = True
1.0671 	EXP 	fixation: autoDraw = False
33.2694 	EXP 	New trial (rep=0, index=1): {'reward_today': 27, 'future_reward': 50, 'delay': 21}
33.2784 	DATA 	Keypress: l
33.2954 	EXP 	fixation: autoDraw = False
33.2954 	EXP 	text: autoDraw = False
33.2954 	EXP 	text: height = 0.05
33.2954 	EXP 	text: height = 0.05
33.2954 	EXP 	text: height = 0.05
33.2954 	EXP 	text: text = ' GBP 27 today  or  GBP 50 after 21 days '
33.2954 	EXP 	fixation: autoDraw = True
34.2802 	INFO 	Keyboard events cleared
34.2797 	EXP 	text: autoDraw = True
34.2961 	EXP 	fixation: autoDraw = False
34.9335 	EXP 	New trial (rep=0, index=2): {'reward_today': 49, 'future_reward': 60, 'delay': 89}
34.9404 	DATA 	Keypress: l
34.9461 	EXP 	fixation: autoDraw = False
34.9461 	EXP 	text: autoDraw = False
34.9461 	EXP 	text: height = 0.05
34.9461 	EXP 	text: height = 0.05
34.9461 	EXP 	text: height = 0.05
34.9461 	EXP 	text: text = ' GBP 49 today  or  GBP 60 after 89 days '
34.9461 	EXP 	fixation: autoDraw = True
35.9472 	INFO 	Keyboard events cleared
35.9467 	EXP 	fixation: autoDraw = False
35.9467 	EXP 	text: autoDraw = True
37.7002 	EXP 	New trial (rep=0, index=3): {'reward_today': 40, 'future_reward': 55, 'delay': 62}
37.7040 	DATA 	Keypress: l
37.7126 	EXP 	fixation: autoDraw = False
37.7126 	EXP 	text: autoDraw = False
37.7126 	EXP 	text: height = 0.05
37.7126 	EXP 	text: height = 0.05
37.7126 	EXP 	text: height = 0.05
37.7126 	EXP 	text: text = ' GBP 40 today  or  GBP 55 after 62 days '
37.7126 	EXP 	fixation: autoDraw = True
38.7139 	INFO 	Keyboard events cleared
38.7133 	EXP 	fixation: autoDraw = False
38.7133 	EXP 	text: autoDraw = True
39.3168 	EXP 	New trial (rep=0, index=4): {'reward_today': 67, 'future_reward': 75, 'delay': 119}
39.3206 	DATA 	Keypress: l
39.3293 	EXP 	fixation: autoDraw = False
39.3293 	EXP 	text: autoDraw = False
39.3293 	EXP 	text: height = 0.05
39.3293 	EXP 	text: height = 0.05
39.3293 	EXP 	text: height = 0.05
39.3293 	EXP 	text: text = ' GBP 67 today  or  GBP 75 after 119 days '
39.3293 	EXP 	fixation: autoDraw = True
40.3292 	INFO 	Keyboard events cleared
40.3286 	EXP 	fixation: autoDraw = False
40.3286 	EXP 	text: autoDraw = True
40.7826 	EXP 	New trial (rep=0, index=5): {'reward_today': 11, 'future_reward': 30, 'delay': 7}
40.7865 	DATA 	Keypress: t
40.7956 	EXP 	fixation: autoDraw = False
40.7956 	EXP 	text: autoDraw = False
40.7956 	EXP 	text: height = 0.05
40.7956 	EXP 	text: height = 0.05
40.7956 	EXP 	text: height = 0.05
40.7956 	EXP 	text: text = ' GBP 11 today  or  GBP 30 after 7 days '
40.7956 	EXP 	fixation: autoDraw = True
41.7960 	INFO 	Keyboard events cleared
41.7952 	EXP 	fixation: autoDraw = False
41.7952 	EXP 	text: autoDraw = True
42.3327 	EXP 	New trial (rep=0, index=6): {'reward_today': 78, 'future_reward': 80, 'delay': 162}
42.3366 	DATA 	Keypress: l
42.3452 	EXP 	fixation: autoDraw = False
42.3452 	EXP 	text: autoDraw = False
42.3452 	EXP 	text: height = 0.05
42.3452 	EXP 	text: height = 0.05
42.3452 	EXP 	text: height = 0.05
42.3452 	EXP 	text: text = ' GBP 78 today  or  GBP 80 after 162 days '
42.3452 	EXP 	fixation: autoDraw = True
43.3464 	INFO 	Keyboard events cleared
43.3458 	EXP 	fixation: autoDraw = False
43.3458 	EXP 	text: autoDraw = True
44.1334 	EXP 	New trial (rep=1, index=0): {'reward_today': 78, 'future_reward': 80, 'delay': 162}
44.1351 	DATA 	Keypress: t
44.1458 	EXP 	fixation: autoDraw = False
44.1458 	EXP 	text: autoDraw = False
44.1458 	EXP 	text: text = ' GBP 78 today  or  GBP 80 after 162 days '
44.1458 	EXP 	fixation: autoDraw = True
45.1461 	INFO 	Keyboard events cleared
45.1455 	EXP 	fixation: autoDraw = False
45.1455 	EXP 	text: autoDraw = True
45.5334 	EXP 	New trial (rep=1, index=1): {'reward_today': 11, 'future_reward': 30, 'delay': 7}
45.5373 	DATA 	Keypress: t
45.5451 	EXP 	fixation: autoDraw = False
45.5451 	EXP 	text: autoDraw = False
45.5451 	EXP 	text: height = 0.05
45.5451 	EXP 	text: height = 0.05
45.5451 	EXP 	text: height = 0.05
45.5451 	EXP 	text: text = ' GBP 11 today  or  GBP 30 after 7 days '
45.5451 	EXP 	fixation: autoDraw = True
46.5460 	INFO 	Keyboard events cleared
46.5454 	EXP 	fixation: autoDraw = False
46.5454 	EXP 	text: autoDraw = True
47.0989 	EXP 	New trial (rep=1, index=2): {'reward_today': 67, 'future_reward': 75, 'delay': 119}
47.1025 	DATA 	Keypress: l
47.1111 	EXP 	fixation: autoDraw = False
47.1111 	EXP 	text: autoDraw = False
47.1111 	EXP 	text: height = 0.05
47.1111 	EXP 	text: height = 0.05
47.1111 	EXP 	text: height = 0.05
47.1111 	EXP 	text: text = ' GBP 67 today  or  GBP 75 after 119 days '
47.1111 	EXP 	fixation: autoDraw = True
48.1116 	INFO 	Keyboard events cleared
48.1110 	EXP 	fixation: autoDraw = False
48.1110 	EXP 	text: autoDraw = True
48.9487 	EXP 	New trial (rep=1, index=3): {'reward_today': 40, 'future_reward': 55, 'delay': 62}
48.9523 	DATA 	Keypress: t
48.9607 	EXP 	fixation: autoDraw = False
48.9607 	EXP 	text: autoDraw = False
48.9607 	EXP 	text: height = 0.05
48.9607 	EXP 	text: height = 0.05
48.9607 	EXP 	text: height = 0.05
48.9607 	EXP 	text: text = ' GBP 40 today  or  GBP 55 after 62 days '
48.9607 	EXP 	fixation: autoDraw = True
49.9618 	INFO 	Keyboard events cleared
49.9609 	EXP 	fixation: autoDraw = False
49.9609 	EXP 	text: autoDraw = True
50.5326 	EXP 	New trial (rep=1, index=4): {'reward_today': 15, 'future_reward': 35, 'delay': 13}
50.5363 	DATA 	Keypress: l
50.5442 	EXP 	fixation: autoDraw = False
50.5442 	EXP 	text: autoDraw = False
50.5442 	EXP 	text: height = 0.05
50.5442 	EXP 	text: height = 0.05
50.5442 	EXP 	text: height = 0.05
50.5442 	EXP 	text: text = ' GBP 15 today  or  GBP 35 after 13 days '
50.5442 	EXP 	fixation: autoDraw = True
51.5451 	INFO 	Keyboard events cleared
51.5444 	EXP 	fixation: autoDraw = False
51.5444 	EXP 	text: autoDraw = True
52.3493 	EXP 	New trial (rep=1, index=5): {'reward_today': 27, 'future_reward': 50, 'delay': 21}
52.3527 	DATA 	Keypress: t
52.3603 	EXP 	fixation: autoDraw = False
52.3603 	EXP 	text: autoDraw = False
52.3603 	EXP 	text: height = 0.05
52.3603 	EXP 	text: height = 0.05
52.3603 	EXP 	text: height = 0.05
52.3603 	EXP 	text: text = ' GBP 27 today  or  GBP 50 after 21 days '
52.3603 	EXP 	fixation: autoDraw = True
53.3610 	INFO 	Keyboard events cleared
53.3604 	EXP 	fixation: autoDraw = False
53.3604 	EXP 	text: autoDraw = True
54.1660 	EXP 	New trial (rep=1, index=6): {'reward_today': 49, 'future_reward': 60, 'delay': 89}
54.1693 	DATA 	Keypress: l
54.1773 	EXP 	fixation: autoDraw = False
54.1773 	EXP 	text: autoDraw = False
54.1773 	EXP 	text: height = 0.05
54.1773 	EXP 	text: height = 0.05
54.1773 	EXP 	text: height = 0.05
54.1773 	EXP 	text: text = ' GBP 49 today  or  GBP 60 after 89 days '
54.1773 	EXP 	fixation: autoDraw = True
55.1781 	INFO 	Keyboard events cleared
55.1775 	EXP 	fixation: autoDraw = False
55.1775 	EXP 	text: autoDraw = True
56.0488 	EXP 	New trial (rep=2, index=0): {'reward_today': 11, 'future_reward': 30, 'delay': 7}
56.0523 	DATA 	Keypress: l
56.0602 	EXP 	fixation: autoDraw = False
56.0602 	EXP 	text: autoDraw = False
56.0602 	EXP 	text: height = 0.05
56.0602 	EXP 	text: height = 0.05
56.0602 	EXP 	text: height = 0.05
56.0602 	EXP 	text: text = ' GBP 11 today  or  GBP 30 after 7 days '
56.0602 	EXP 	fixation: autoDraw = True
57.0605 	INFO 	Keyboard events cleared
57.0599 	EXP 	fixation: autoDraw = False
57.0599 	EXP 	text: autoDraw = True
57.5469 	EXP 	New trial (rep=2, index=1): {'reward_today': 67, 'future_reward': 75, 'delay': 119}
57.5508 	DATA 	Keypress: l
57.5599 	EXP 	fixation: autoDraw = False
57.5599 	EXP 	text: autoDraw = False
57.5599 	EXP 	text: height = 0.05
57.5599 	EXP 	text: height = 0.05
57.5599 	EXP 	text: height = 0.05
57.5599 	EXP 	text: text = ' GBP 67 today  or  GBP 75 after 119 days '
57.5599 	EXP 	fixation: autoDraw = True
58.5603 	INFO 	Keyboard events cleared
58.5597 	EXP 	fixation: autoDraw = False
58.5597 	EXP 	text: autoDraw = True
59.4468 	EXP 	New trial (rep=2, index=2): {'reward_today': 15, 'future_reward': 35, 'delay': 13}
59.4501 	DATA 	Keypress: t
59.4597 	EXP 	fixation: autoDraw = False
59.4597 	EXP 	text: autoDraw = False
59.4597 	EXP 	text: height = 0.05
59.4597 	EXP 	text: height = 0.05
59.4597 	EXP 	text: height = 0.05
59.4597 	EXP 	text: text = ' GBP 15 today  or  GBP 35 after 13 days '
59.4597 	EXP 	fixation: autoDraw = True
60.4603 	INFO 	Keyboard events cleared
60.4598 	EXP 	fixation: autoDraw = False
60.4598 	EXP 	text: autoDraw = True
61.5306 	EXP 	New trial (rep=2, index=3): {'reward_today': 78, 'future_reward': 80, 'delay': 162}
61.5344 	DATA 	Keypress: l
61.5428 	EXP 	fixation: autoDraw = False
61.5428 	EXP 	text: autoDraw = False
61.5428 	EXP 	text: height = 0.05
61.5428 	EXP 	text: height = 0.05
61.5428 	EXP 	text: height = 0.05
61.5428 	EXP 	text: text = ' GBP 78 today  or  GBP 80 after 162 days '
61.5428 	EXP 	fixation: autoDraw = True
62.5431 	INFO 	Keyboard events cleared
62.5426 	EXP 	fixation: autoDraw = False
62.5426 	EXP 	text: autoDraw = True
63.1636 	EXP 	New trial (rep=2, index=4): {'reward_today': 27, 'future_reward': 50, 'delay': 21}
63.1675 	DATA 	Keypress: t
63.1763 	EXP 	fixation: autoDraw = False
63.1763 	EXP 	text: autoDraw = False
63.1763 	EXP 	text: height = 0.05
63.1763 	EXP 	text: height = 0.05
63.1763 	EXP 	text: height = 0.05
63.1763 	EXP 	text: text = ' GBP 27 today  or  GBP 50 after 21 days '
63.1763 	EXP 	fixation: autoDraw = True
64.1761 	INFO 	Keyboard events cleared
64.1754 	EXP 	fixation: autoDraw = False
64.1754 	EXP 	text: autoDraw = True
64.6471 	EXP 	New trial (rep=2, index=5): {'reward_today': 40, 'future_reward': 55, 'delay': 62}
64.6505 	DATA 	Keypress: l
64.6586 	EXP 	fixation: autoDraw = False
64.6586 	EXP 	text: autoDraw = False
64.6586 	EXP 	text: height = 0.05
64.6586 	EXP 	text: height = 0.05
64.6586 	EXP 	text: height = 0.05
64.6586 	EXP 	text: text = ' GBP 40 today  or  GBP 55 after 62 days '
64.6586 	EXP 	fixation: autoDraw = True
65.6595 	INFO 	Keyboard events cleared
65.6589 	EXP 	fixation: autoDraw = False
65.6589 	EXP 	text: autoDraw = True
66.2800 	EXP 	New trial (rep=2, index=6): {'reward_today': 49, 'future_reward': 60, 'delay': 89}
66.2841 	DATA 	Keypress: l
66.2925 	EXP 	fixation: autoDraw = False
66.2925 	EXP 	text: autoDraw = False
66.2925 	EXP 	text: height = 0.05
66.2925 	EXP 	text: height = 0.05
66.2925 	EXP 	text: height = 0.05
66.2925 	EXP 	text: text = ' GBP 49 today  or  GBP 60 after 89 days '
66.2925 	EXP 	fixation: autoDraw = True
67.2928 	INFO 	Keyboard events cleared
67.2923 	EXP 	fixation: autoDraw = False
67.2923 	EXP 	text: autoDraw = True
67.7968 	EXP 	New trial (rep=3, index=0): {'reward_today': 78, 'future_reward': 80, 'delay': 162}
67.8004 	DATA 	Keypress: l
67.8083 	EXP 	fixation: autoDraw = False
67.8083 	EXP 	text: autoDraw = False
67.8083 	EXP 	text: height = 0.05
67.8083 	EXP 	text: height = 0.05
67.8083 	EXP 	text: height = 0.05
67.8083 	EXP 	text: text = ' GBP 78 today  or  GBP 80 after 162 days '
67.8083 	EXP 	fixation: autoDraw = True
68.8088 	INFO 	Keyboard events cleared
68.8083 	EXP 	fixation: autoDraw = False
68.8083 	EXP 	text: autoDraw = True
69.3467 	EXP 	New trial (rep=3, index=1): {'reward_today': 67, 'future_reward': 75, 'delay': 119}
69.3500 	DATA 	Keypress: t
69.3579 	EXP 	fixation: autoDraw = False
69.3579 	EXP 	text: autoDraw = False
69.3579 	EXP 	text: height = 0.05
69.3579 	EXP 	text: height = 0.05
69.3579 	EXP 	text: height = 0.05
69.3579 	EXP 	text: text = ' GBP 67 today  or  GBP 75 after 119 days '
69.3579 	EXP 	fixation: autoDraw = True
70.3588 	INFO 	Keyboard events cleared
70.3582 	EXP 	fixation: autoDraw = False
70.3582 	EXP 	text: autoDraw = True
70.9961 	EXP 	New trial (rep=3, index=2): {'reward_today': 40, 'future_reward': 55, 'delay': 62}
70.9997 	DATA 	Keypress: t
71.0077 	EXP 	fixation: autoDraw = False
71.0077 	EXP 	text: autoDraw = False
71.0077 	EXP 	text: height = 0.05
71.0077 	EXP 	text: height = 0.05
71.0077 	EXP 	text: height = 0.05
71.0077 	EXP 	text: text = ' GBP 40 today  or  GBP 55 after 62 days '
71.0077 	EXP 	fixation: autoDraw = True
72.0087 	INFO 	Keyboard events cleared
72.0083 	EXP 	fixation: autoDraw = False
72.0083 	EXP 	text: autoDraw = True
72.4459 	EXP 	New trial (rep=3, index=3): {'reward_today': 11, 'future_reward': 30, 'delay': 7}
72.4493 	DATA 	Keypress: l
72.4585 	EXP 	fixation: autoDraw = False
72.4585 	EXP 	text: autoDraw = False
72.4585 	EXP 	text: height = 0.05
72.4585 	EXP 	text: height = 0.05
72.4585 	EXP 	text: height = 0.05
72.4585 	EXP 	text: text = ' GBP 11 today  or  GBP 30 after 7 days '
72.4585 	EXP 	fixation: autoDraw = True
73.4593 	INFO 	Keyboard events cleared
73.4587 	EXP 	fixation: autoDraw = False
73.4587 	EXP 	text: autoDraw = True
73.9115 	EXP 	New trial (rep=3, index=4): {'reward_today': 27, 'future_reward': 50, 'delay': 21}
73.9152 	DATA 	Keypress: t
73.9246 	EXP 	fixation: autoDraw = False
73.9246 	EXP 	text: autoDraw = False
73.9246 	EXP 	text: height = 0.05
73.9246 	EXP 	text: height = 0.05
73.9246 	EXP 	text: height = 0.05
73.9246 	EXP 	text: text = ' GBP 27 today  or  GBP 50 after 21 days '
73.9246 	EXP 	fixation: autoDraw = True
74.9252 	INFO 	Keyboard events cleared
74.9247 	EXP 	fixation: autoDraw = False
74.9247 	EXP 	text: autoDraw = True
75.3631 	EXP 	New trial (rep=3, index=5): {'reward_today': 15, 'future_reward': 35, 'delay': 13}
75.3667 	DATA 	Keypress: l
75.3758 	EXP 	fixation: autoDraw = False
75.3758 	EXP 	text: autoDraw = False
75.3758 	EXP 	text: height = 0.05
75.3758 	EXP 	text: height = 0.05
75.3758 	EXP 	text: height = 0.05
75.3758 	EXP 	text: text = ' GBP 15 today  or  GBP 35 after 13 days '
75.3758 	EXP 	fixation: autoDraw = True
76.3753 	INFO 	Keyboard events cleared
76.3747 	EXP 	text: autoDraw = True
76.3911 	EXP 	fixation: autoDraw = False
76.8784 	EXP 	New trial (rep=3, index=6): {'reward_today': 49, 'future_reward': 60, 'delay': 89}
76.8819 	DATA 	Keypress: l
76.8909 	EXP 	fixation: autoDraw = False
76.8909 	EXP 	text: autoDraw = False
76.8909 	EXP 	text: height = 0.05
76.8909 	EXP 	text: height = 0.05
76.8909 	EXP 	text: height = 0.05
76.8909 	EXP 	text: text = ' GBP 49 today  or  GBP 60 after 89 days '
76.8909 	EXP 	fixation: autoDraw = True
77.8911 	INFO 	Keyboard events cleared
77.8906 	EXP 	fixation: autoDraw = False
77.8906 	EXP 	text: autoDraw = True
78.2612 	EXP 	New trial (rep=4, index=0): {'reward_today': 15, 'future_reward': 35, 'delay': 13}
78.2650 	DATA 	Keypress: l
78.2742 	EXP 	fixation: autoDraw = False
78.2742 	EXP 	text: autoDraw = False
78.2742 	EXP 	text: height = 0.05
78.2742 	EXP 	text: height = 0.05
78.2742 	EXP 	text: height = 0.05
78.2742 	EXP 	text: text = ' GBP 15 today  or  GBP 35 after 13 days '
78.2742 	EXP 	fixation: autoDraw = True
79.2741 	INFO 	Keyboard events cleared
79.2734 	EXP 	fixation: autoDraw = False
79.2734 	EXP 	text: autoDraw = True
79.7280 	EXP 	New trial (rep=4, index=1): {'reward_today': 27, 'future_reward': 50, 'delay': 21}
79.7324 	DATA 	Keypress: l
79.7401 	EXP 	fixation: autoDraw = False
79.7401 	EXP 	text: autoDraw = False
79.7401 	EXP 	text: height = 0.05
79.7401 	EXP 	text: height = 0.05
79.7401 	EXP 	text: height = 0.05
79.7401 	EXP 	text: text = ' GBP 27 today  or  GBP 50 after 21 days '
79.7401 	EXP 	fixation: autoDraw = True
80.7415 	INFO 	Keyboard events cleared
80.7410 	EXP 	fixation: autoDraw = False
80.7410 	EXP 	text: autoDraw = True
81.1613 	EXP 	New trial (rep=4, index=2): {'reward_today': 11, 'future_reward': 30, 'delay': 7}
81.1655 	DATA 	Keypress: l
81.1733 	EXP 	fixation: autoDraw = False
81.1733 	EXP 	text: autoDraw = False
81.1733 	EXP 	text: height = 0.05
81.1733 	EXP 	text: height = 0.05
81.1733 	EXP 	text: height = 0.05
81.1733 	EXP 	text: text = ' GBP 11 today  or  GBP 30 after 7 days '
81.1733 	EXP 	fixation: autoDraw = True
82.1740 	INFO 	Keyboard events cleared
82.1735 	EXP 	fixation: autoDraw = False
82.1735 	EXP 	text: autoDraw = True
82.5602 	EXP 	New trial (rep=4, index=3): {'reward_today': 49, 'future_reward': 60, 'delay': 89}
82.5642 	DATA 	Keypress: l
82.5731 	EXP 	fixation: autoDraw = False
82.5731 	EXP 	text: autoDraw = False
82.5731 	EXP 	text: height = 0.05
82.5731 	EXP 	text: height = 0.05
82.5731 	EXP 	text: height = 0.05
82.5731 	EXP 	text: text = ' GBP 49 today  or  GBP 60 after 89 days '
82.5731 	EXP 	fixation: autoDraw = True
83.5738 	INFO 	Keyboard events cleared
83.5733 	EXP 	fixation: autoDraw = False
83.5733 	EXP 	text: autoDraw = True
84.0611 	EXP 	New trial (rep=4, index=4): {'reward_today': 40, 'future_reward': 55, 'delay': 62}
84.0653 	DATA 	Keypress: l
84.0734 	EXP 	fixation: autoDraw = False
84.0734 	EXP 	text: autoDraw = False
84.0734 	EXP 	text: height = 0.05
84.0734 	EXP 	text: height = 0.05
84.0734 	EXP 	text: height = 0.05
84.0734 	EXP 	text: text = ' GBP 40 today  or  GBP 55 after 62 days '
84.0734 	EXP 	fixation: autoDraw = True
85.0745 	INFO 	Keyboard events cleared
85.0737 	EXP 	fixation: autoDraw = False
85.0737 	EXP 	text: autoDraw = True
85.4275 	EXP 	New trial (rep=4, index=5): {'reward_today': 78, 'future_reward': 80, 'delay': 162}
85.4312 	DATA 	Keypress: l
85.4397 	EXP 	fixation: autoDraw = False
85.4397 	EXP 	text: autoDraw = False
85.4397 	EXP 	text: height = 0.05
85.4397 	EXP 	text: height = 0.05
85.4397 	EXP 	text: height = 0.05
85.4397 	EXP 	text: text = ' GBP 78 today  or  GBP 80 after 162 days '
85.4397 	EXP 	fixation: autoDraw = True
86.4402 	INFO 	Keyboard events cleared
86.4397 	EXP 	fixation: autoDraw = False
86.4397 	EXP 	text: autoDraw = True
86.9100 	EXP 	New trial (rep=4, index=6): {'reward_today': 67, 'future_reward': 75, 'delay': 119}
86.9138 	DATA 	Keypress: t
86.9230 	EXP 	fixation: autoDraw = False
86.9230 	EXP 	text: autoDraw = False
86.9230 	EXP 	text: height = 0.05
86.9230 	EXP 	text: height = 0.05
86.9230 	EXP 	text: height = 0.05
86.9230 	EXP 	text: text = ' GBP 67 today  or  GBP 75 after 119 days '
86.9230 	EXP 	fixation: autoDraw = True
87.9235 	INFO 	Keyboard events cleared
87.9229 	EXP 	fixation: autoDraw = False
87.9229 	EXP 	text: autoDraw = True
88.3437 	EXP 	New trial (rep=5, index=0): {'reward_today': 15, 'future_reward': 35, 'delay': 13}
88.3484 	DATA 	Keypress: t
88.3564 	EXP 	fixation: autoDraw = False
88.3564 	EXP 	text: autoDraw = False
88.3564 	EXP 	text: height = 0.05
88.3564 	EXP 	text: height = 0.05
88.3564 	EXP 	text: height = 0.05
88.3564 	EXP 	text: text = ' GBP 15 today  or  GBP 35 after 13 days '
88.3564 	EXP 	fixation: autoDraw = True
89.3569 	INFO 	Keyboard events cleared
89.3564 	EXP 	fixation: autoDraw = False
89.3564 	EXP 	text: autoDraw = True
89.9429 	EXP 	New trial (rep=5, index=1): {'reward_today': 49, 'future_reward': 60, 'delay': 89}
89.9472 	DATA 	Keypress: l
89.9562 	EXP 	fixation: autoDraw = False
89.9562 	EXP 	text: autoDraw = False
89.9562 	EXP 	text: height = 0.05
89.9562 	EXP 	text: height = 0.05
89.9562 	EXP 	text: height = 0.05
89.9562 	EXP 	text: text = ' GBP 49 today  or  GBP 60 after 89 days '
89.9562 	EXP 	fixation: autoDraw = True
90.9558 	INFO 	Keyboard events cleared
90.9553 	EXP 	fixation: autoDraw = False
90.9553 	EXP 	text: autoDraw = True
91.2927 	EXP 	New trial (rep=5, index=2): {'reward_today': 40, 'future_reward': 55, 'delay': 62}
91.2966 	DATA 	Keypress: l
91.3055 	EXP 	fixation: autoDraw = False
91.3055 	EXP 	text: autoDraw = False
91.3055 	EXP 	text: height = 0.05
91.3055 	EXP 	text: height = 0.05
91.3055 	EXP 	text: height = 0.05
91.3055 	EXP 	text: text = ' GBP 40 today  or  GBP 55 after 62 days '
91.3055 	EXP 	fixation: autoDraw = True
92.3058 	INFO 	Keyboard events cleared
92.3052 	EXP 	fixation: autoDraw = False
92.3052 	EXP 	text: autoDraw = True
92.7759 	EXP 	New trial (rep=5, index=3): {'reward_today': 78, 'future_reward': 80, 'delay': 162}
92.8437 	DATA 	Keypress: l
92.8541 	EXP 	fixation: autoDraw = False
92.8541 	EXP 	text: autoDraw = False
92.8541 	EXP 	text: height = 0.05
92.8541 	EXP 	text: height = 0.05
92.8541 	EXP 	text: height = 0.05
92.8541 	EXP 	text: text = ' GBP 78 today  or  GBP 80 after 162 days '
92.8541 	EXP 	fixation: autoDraw = True
93.7888 	INFO 	Keyboard events cleared
93.7882 	EXP 	text: autoDraw = True
93.8553 	EXP 	fixation: autoDraw = False
94.2591 	EXP 	New trial (rep=5, index=4): {'reward_today': 67, 'future_reward': 75, 'delay': 119}
94.2628 	DATA 	Keypress: t
94.2723 	EXP 	fixation: autoDraw = False
94.2723 	EXP 	text: autoDraw = False
94.2723 	EXP 	text: height = 0.05
94.2723 	EXP 	text: height = 0.05
94.2723 	EXP 	text: height = 0.05
94.2723 	EXP 	text: text = ' GBP 67 today  or  GBP 75 after 119 days '
94.2723 	EXP 	fixation: autoDraw = True
95.2725 	INFO 	Keyboard events cleared
95.2720 	EXP 	fixation: autoDraw = False
95.2720 	EXP 	text: autoDraw = True
95.8269 	EXP 	New trial (rep=5, index=5): {'reward_today': 11, 'future_reward': 30, 'delay': 7}
95.8302 	DATA 	Keypress: t
95.8380 	EXP 	fixation: autoDraw = False
95.8380 	EXP 	text: autoDraw = False
95.8380 	EXP 	text: height = 0.05
95.8380 	EXP 	text: height = 0.05
95.8380 	EXP 	text: height = 0.05
95.8380 	EXP 	text: text = ' GBP 11 today  or  GBP 30 after 7 days '
95.8380 	EXP 	fixation: autoDraw = True
96.8391 	INFO 	Keyboard events cleared
96.8386 	EXP 	fixation: autoDraw = False
96.8386 	EXP 	text: autoDraw = True
97.1931 	EXP 	New trial (rep=5, index=6): {'reward_today': 27, 'future_reward': 50, 'delay': 21}
97.1971 	DATA 	Keypress: l
97.2050 	EXP 	fixation: autoDraw = False
97.2050 	EXP 	text: autoDraw = False
97.2050 	EXP 	text: height = 0.05
97.2050 	EXP 	text: height = 0.05
97.2050 	EXP 	text: height = 0.05
97.2050 	EXP 	text: text = ' GBP 27 today  or  GBP 50 after 21 days '
97.2050 	EXP 	fixation: autoDraw = True
98.2065 	INFO 	Keyboard events cleared
98.2058 	EXP 	fixation: autoDraw = False
98.2058 	EXP 	text: autoDraw = True
98.6255 	EXP 	New trial (rep=6, index=0): {'reward_today': 78, 'future_reward': 80, 'delay': 162}
98.6290 	DATA 	Keypress: l
98.6380 	EXP 	fixation: autoDraw = False
98.6380 	EXP 	text: autoDraw = False
98.6380 	EXP 	text: height = 0.05
98.6380 	EXP 	text: height = 0.05
98.6380 	EXP 	text: height = 0.05
98.6380 	EXP 	text: text = ' GBP 78 today  or  GBP 80 after 162 days '
98.6380 	EXP 	fixation: autoDraw = True
99.6384 	INFO 	Keyboard events cleared
99.6378 	EXP 	fixation: autoDraw = False
99.6378 	EXP 	text: autoDraw = True
100.0762 	DATA 	Keypress: t
100.0919 	EXP 	New trial (rep=6, index=1): {'reward_today': 27, 'future_reward': 50, 'delay': 21}
100.1045 	EXP 	fixation: autoDraw = False
100.1045 	EXP 	text: autoDraw = False
100.1045 	EXP 	text: height = 0.05
100.1045 	EXP 	text: height = 0.05
100.1045 	EXP 	text: height = 0.05
100.1045 	EXP 	text: text = ' GBP 27 today  or  GBP 50 after 21 days '
100.1045 	EXP 	fixation: autoDraw = True
101.1047 	INFO 	Keyboard events cleared
101.1040 	EXP 	fixation: autoDraw = False
101.1040 	EXP 	text: autoDraw = True
101.5077 	EXP 	New trial (rep=6, index=2): {'reward_today': 67, 'future_reward': 75, 'delay': 119}
101.5112 	DATA 	Keypress: l
101.5211 	EXP 	fixation: autoDraw = False
101.5211 	EXP 	text: autoDraw = False
101.5211 	EXP 	text: height = 0.05
101.5211 	EXP 	text: height = 0.05
101.5211 	EXP 	text: height = 0.05
101.5211 	EXP 	text: text = ' GBP 67 today  or  GBP 75 after 119 days '
101.5211 	EXP 	fixation: autoDraw = True
102.5211 	INFO 	Keyboard events cleared
102.5205 	EXP 	fixation: autoDraw = False
102.5205 	EXP 	text: autoDraw = True
103.4417 	EXP 	New trial (rep=6, index=3): {'reward_today': 40, 'future_reward': 55, 'delay': 62}
103.4457 	DATA 	Keypress: t
103.4541 	EXP 	fixation: autoDraw = False
103.4541 	EXP 	text: autoDraw = False
103.4541 	EXP 	text: height = 0.05
103.4541 	EXP 	text: height = 0.05
103.4541 	EXP 	text: height = 0.05
103.4541 	EXP 	text: text = ' GBP 40 today  or  GBP 55 after 62 days '
103.4541 	EXP 	fixation: autoDraw = True
104.4548 	INFO 	Keyboard events cleared
104.4541 	EXP 	fixation: autoDraw = False
104.4541 	EXP 	text: autoDraw = True
104.8929 	EXP 	New trial (rep=6, index=4): {'reward_today': 11, 'future_reward': 30, 'delay': 7}
104.8967 	DATA 	Keypress: l
104.9058 	EXP 	fixation: autoDraw = False
104.9058 	EXP 	text: autoDraw = False
104.9058 	EXP 	text: height = 0.05
104.9058 	EXP 	text: height = 0.05
104.9058 	EXP 	text: height = 0.05
104.9058 	EXP 	text: text = ' GBP 11 today  or  GBP 30 after 7 days '
104.9058 	EXP 	fixation: autoDraw = True
105.9047 	INFO 	Keyboard events cleared
105.9042 	EXP 	text: autoDraw = True
105.9207 	EXP 	fixation: autoDraw = False
106.2905 	EXP 	New trial (rep=6, index=5): {'reward_today': 15, 'future_reward': 35, 'delay': 13}
106.2949 	DATA 	Keypress: l
106.3034 	EXP 	fixation: autoDraw = False
106.3034 	EXP 	text: autoDraw = False
106.3034 	EXP 	text: height = 0.05
106.3034 	EXP 	text: height = 0.05
106.3034 	EXP 	text: height = 0.05
106.3034 	EXP 	text: text = ' GBP 15 today  or  GBP 35 after 13 days '
106.3034 	EXP 	fixation: autoDraw = True
107.3044 	INFO 	Keyboard events cleared
107.3039 	EXP 	fixation: autoDraw = False
107.3039 	EXP 	text: autoDraw = True
107.7078 	EXP 	New trial (rep=6, index=6): {'reward_today': 49, 'future_reward': 60, 'delay': 89}
107.7113 	DATA 	Keypress: l
107.7196 	EXP 	fixation: autoDraw = False
107.7196 	EXP 	text: autoDraw = False
107.7196 	EXP 	text: height = 0.05
107.7196 	EXP 	text: height = 0.05
107.7196 	EXP 	text: height = 0.05
107.7196 	EXP 	text: text = ' GBP 49 today  or  GBP 60 after 89 days '
107.7196 	EXP 	fixation: autoDraw = True
108.7201 	INFO 	Keyboard events cleared
108.7194 	EXP 	fixation: autoDraw = False
108.7194 	EXP 	text: autoDraw = True
109.0401 	EXP 	New trial (rep=7, index=0): {'reward_today': 27, 'future_reward': 50, 'delay': 21}
109.0445 	DATA 	Keypress: l
109.0534 	EXP 	fixation: autoDraw = False
109.0534 	EXP 	text: autoDraw = False
109.0534 	EXP 	text: height = 0.05
109.0534 	EXP 	text: height = 0.05
109.0534 	EXP 	text: height = 0.05
109.0534 	EXP 	text: text = ' GBP 27 today  or  GBP 50 after 21 days '
109.0534 	EXP 	fixation: autoDraw = True
110.0537 	INFO 	Keyboard events cleared
110.0532 	EXP 	fixation: autoDraw = False
110.0532 	EXP 	text: autoDraw = True
110.3068 	EXP 	New trial (rep=7, index=1): {'reward_today': 15, 'future_reward': 35, 'delay': 13}
110.3107 	DATA 	Keypress: l
110.3202 	EXP 	fixation: autoDraw = False
110.3202 	EXP 	text: autoDraw = False
110.3202 	EXP 	text: height = 0.05
110.3202 	EXP 	text: height = 0.05
110.3202 	EXP 	text: height = 0.05
110.3202 	EXP 	text: text = ' GBP 15 today  or  GBP 35 after 13 days '
110.3202 	EXP 	fixation: autoDraw = True
111.3200 	INFO 	Keyboard events cleared
111.3194 	EXP 	fixation: autoDraw = False
111.3194 	EXP 	text: autoDraw = True
111.5243 	EXP 	New trial (rep=7, index=2): {'reward_today': 40, 'future_reward': 55, 'delay': 62}
111.5282 	DATA 	Keypress: l
111.5370 	EXP 	fixation: autoDraw = False
111.5370 	EXP 	text: autoDraw = False
111.5370 	EXP 	text: height = 0.05
111.5370 	EXP 	text: height = 0.05
111.5370 	EXP 	text: height = 0.05
111.5370 	EXP 	text: text = ' GBP 40 today  or  GBP 55 after 62 days '
111.5370 	EXP 	fixation: autoDraw = True
112.5367 	INFO 	Keyboard events cleared
112.5362 	EXP 	fixation: autoDraw = False
112.5362 	EXP 	text: autoDraw = True
112.6079 	EXP 	New trial (rep=7, index=3): {'reward_today': 67, 'future_reward': 75, 'delay': 119}
112.6115 	DATA 	Keypress: l
112.6196 	EXP 	fixation: autoDraw = False
112.6196 	EXP 	text: autoDraw = False
112.6196 	EXP 	text: height = 0.05
112.6196 	EXP 	text: height = 0.05
112.6196 	EXP 	text: height = 0.05
112.6196 	EXP 	text: text = ' GBP 67 today  or  GBP 75 after 119 days '
112.6196 	EXP 	fixation: autoDraw = True
113.6202 	INFO 	Keyboard events cleared
113.6197 	EXP 	fixation: autoDraw = False
113.6197 	EXP 	text: autoDraw = True
113.6400 	EXP 	New trial (rep=7, index=4): {'reward_today': 49, 'future_reward': 60, 'delay': 89}
113.6440 	DATA 	Keypress: l
113.6531 	EXP 	fixation: autoDraw = False
113.6531 	EXP 	text: autoDraw = False
113.6531 	EXP 	text: height = 0.05
113.6531 	EXP 	text: height = 0.05
113.6531 	EXP 	text: height = 0.05
113.6531 	EXP 	text: text = ' GBP 49 today  or  GBP 60 after 89 days '
113.6531 	EXP 	fixation: autoDraw = True
114.6533 	INFO 	Keyboard events cleared
114.6526 	EXP 	fixation: autoDraw = False
114.6526 	EXP 	text: autoDraw = True
115.3068 	EXP 	New trial (rep=7, index=5): {'reward_today': 78, 'future_reward': 80, 'delay': 162}
115.3102 	DATA 	Keypress: l
115.3199 	EXP 	fixation: autoDraw = False
115.3199 	EXP 	text: autoDraw = False
115.3199 	EXP 	text: height = 0.05
115.3199 	EXP 	text: height = 0.05
115.3199 	EXP 	text: height = 0.05
115.3199 	EXP 	text: text = ' GBP 78 today  or  GBP 80 after 162 days '
115.3199 	EXP 	fixation: autoDraw = True
116.3193 	INFO 	Keyboard events cleared
116.3187 	EXP 	fixation: autoDraw = False
116.3187 	EXP 	text: autoDraw = True
116.5735 	EXP 	New trial (rep=7, index=6): {'reward_today': 11, 'future_reward': 30, 'delay': 7}
116.5773 	DATA 	Keypress: l
116.5856 	EXP 	fixation: autoDraw = False
116.5856 	EXP 	text: autoDraw = False
116.5856 	EXP 	text: height = 0.05
116.5856 	EXP 	text: height = 0.05
116.5856 	EXP 	text: height = 0.05
116.5856 	EXP 	text: text = ' GBP 11 today  or  GBP 30 after 7 days '
116.5856 	EXP 	fixation: autoDraw = True
117.5857 	INFO 	Keyboard events cleared
117.5852 	EXP 	fixation: autoDraw = False
117.5852 	EXP 	text: autoDraw = True
118.1732 	EXP 	New trial (rep=8, index=0): {'reward_today': 27, 'future_reward': 50, 'delay': 21}
118.1771 	DATA 	Keypress: l
118.1857 	EXP 	fixation: autoDraw = False
118.1857 	EXP 	text: autoDraw = False
118.1857 	EXP 	text: height = 0.05
118.1857 	EXP 	text: height = 0.05
118.1857 	EXP 	text: height = 0.05
118.1857 	EXP 	text: text = ' GBP 27 today  or  GBP 50 after 21 days '
118.1857 	EXP 	fixation: autoDraw = True
119.1861 	INFO 	Keyboard events cleared
119.1856 	EXP 	fixation: autoDraw = False
119.1856 	EXP 	text: autoDraw = True
119.7563 	EXP 	New trial (rep=8, index=1): {'reward_today': 40, 'future_reward': 55, 'delay': 62}
119.7602 	DATA 	Keypress: l
119.7683 	EXP 	fixation: autoDraw = False
119.7683 	EXP 	text: autoDraw = False
119.7683 	EXP 	text: height = 0.05
119.7683 	EXP 	text: height = 0.05
119.7683 	EXP 	text: height = 0.05
119.7683 	EXP 	text: text = ' GBP 40 today  or  GBP 55 after 62 days '
119.7683 	EXP 	fixation: autoDraw = True
120.7692 	INFO 	Keyboard events cleared
120.7688 	EXP 	fixation: autoDraw = False
120.7688 	EXP 	text: autoDraw = True
122.0064 	EXP 	New trial (rep=8, index=2): {'reward_today': 67, 'future_reward': 75, 'delay': 119}
122.0098 	DATA 	Keypress: l
122.0191 	EXP 	fixation: autoDraw = False
122.0191 	EXP 	text: autoDraw = False
122.0191 	EXP 	text: height = 0.05
122.0191 	EXP 	text: height = 0.05
122.0191 	EXP 	text: height = 0.05
122.0191 	EXP 	text: text = ' GBP 67 today  or  GBP 75 after 119 days '
122.0191 	EXP 	fixation: autoDraw = True
123.0187 	INFO 	Keyboard events cleared
123.0182 	EXP 	fixation: autoDraw = False
123.0182 	EXP 	text: autoDraw = True
123.5736 	EXP 	New trial (rep=8, index=3): {'reward_today': 49, 'future_reward': 60, 'delay': 89}
123.5772 	DATA 	Keypress: t
123.5848 	EXP 	fixation: autoDraw = False
123.5848 	EXP 	text: autoDraw = False
123.5848 	EXP 	text: height = 0.05
123.5848 	EXP 	text: height = 0.05
123.5848 	EXP 	text: height = 0.05
123.5848 	EXP 	text: text = ' GBP 49 today  or  GBP 60 after 89 days '
123.5848 	EXP 	fixation: autoDraw = True
124.5860 	INFO 	Keyboard events cleared
124.5854 	EXP 	fixation: autoDraw = False
124.5854 	EXP 	text: autoDraw = True
125.2383 	EXP 	New trial (rep=8, index=4): {'reward_today': 15, 'future_reward': 35, 'delay': 13}
125.3291 	DATA 	Keypress: l
125.3341 	EXP 	fixation: autoDraw = False
125.3341 	EXP 	text: autoDraw = False
125.3341 	EXP 	text: height = 0.05
125.3341 	EXP 	text: height = 0.05
125.3341 	EXP 	text: height = 0.05
125.3341 	EXP 	text: text = ' GBP 15 today  or  GBP 35 after 13 days '
125.3341 	EXP 	fixation: autoDraw = True
126.2523 	INFO 	Keyboard events cleared
126.2518 	EXP 	text: autoDraw = True
126.3346 	EXP 	fixation: autoDraw = False
126.6720 	EXP 	New trial (rep=8, index=5): {'reward_today': 11, 'future_reward': 30, 'delay': 7}
126.6759 	DATA 	Keypress: l
126.6849 	EXP 	fixation: autoDraw = False
126.6849 	EXP 	text: autoDraw = False
126.6849 	EXP 	text: height = 0.05
126.6849 	EXP 	text: height = 0.05
126.6849 	EXP 	text: height = 0.05
126.6849 	EXP 	text: text = ' GBP 11 today  or  GBP 30 after 7 days '
126.6849 	EXP 	fixation: autoDraw = True
127.6851 	INFO 	Keyboard events cleared
127.6845 	EXP 	text: autoDraw = True
127.7014 	EXP 	fixation: autoDraw = False
127.9062 	EXP 	New trial (rep=8, index=6): {'reward_today': 78, 'future_reward': 80, 'delay': 162}
127.9095 	DATA 	Keypress: l
127.9179 	EXP 	fixation: autoDraw = False
127.9179 	EXP 	text: autoDraw = False
127.9179 	EXP 	text: height = 0.05
127.9179 	EXP 	text: height = 0.05
127.9179 	EXP 	text: height = 0.05
127.9179 	EXP 	text: text = ' GBP 78 today  or  GBP 80 after 162 days '
127.9179 	EXP 	fixation: autoDraw = True
128.9175 	INFO 	Keyboard events cleared
128.9170 	EXP 	fixation: autoDraw = False
128.9170 	EXP 	text: autoDraw = True
129.4210 	EXP 	New trial (rep=9, index=0): {'reward_today': 40, 'future_reward': 55, 'delay': 62}
129.4249 	DATA 	Keypress: t
129.4340 	EXP 	fixation: autoDraw = False
129.4340 	EXP 	text: autoDraw = False
129.4340 	EXP 	text: height = 0.05
129.4340 	EXP 	text: height = 0.05
129.4340 	EXP 	text: height = 0.05
129.4340 	EXP 	text: text = ' GBP 40 today  or  GBP 55 after 62 days '
129.4340 	EXP 	fixation: autoDraw = True
130.4347 	INFO 	Keyboard events cleared
130.4341 	EXP 	fixation: autoDraw = False
130.4341 	EXP 	text: autoDraw = True
130.8569 	EXP 	New trial (rep=9, index=1): {'reward_today': 15, 'future_reward': 35, 'delay': 13}
130.8606 	DATA 	Keypress: l
130.8684 	EXP 	fixation: autoDraw = False
130.8684 	EXP 	text: autoDraw = False
130.8684 	EXP 	text: height = 0.05
130.8684 	EXP 	text: height = 0.05
130.8684 	EXP 	text: height = 0.05
130.8684 	EXP 	text: text = ' GBP 15 today  or  GBP 35 after 13 days '
130.8684 	EXP 	fixation: autoDraw = True
131.8682 	INFO 	Keyboard events cleared
131.8677 	EXP 	text: autoDraw = True
131.8842 	EXP 	fixation: autoDraw = False
132.2887 	EXP 	New trial (rep=9, index=2): {'reward_today': 49, 'future_reward': 60, 'delay': 89}
132.2923 	DATA 	Keypress: l
132.2998 	EXP 	fixation: autoDraw = False
132.2998 	EXP 	text: autoDraw = False
132.2998 	EXP 	text: height = 0.05
132.2998 	EXP 	text: height = 0.05
132.2998 	EXP 	text: height = 0.05
132.2998 	EXP 	text: text = ' GBP 49 today  or  GBP 60 after 89 days '
132.2998 	EXP 	fixation: autoDraw = True
133.3008 	INFO 	Keyboard events cleared
133.3003 	EXP 	fixation: autoDraw = False
133.3003 	EXP 	text: autoDraw = True
133.7559 	EXP 	New trial (rep=9, index=3): {'reward_today': 11, 'future_reward': 30, 'delay': 7}
133.9105 	DATA 	Keypress: l
133.9165 	EXP 	fixation: autoDraw = False
133.9165 	EXP 	text: autoDraw = False
133.9165 	EXP 	text: height = 0.05
133.9165 	EXP 	text: height = 0.05
133.9165 	EXP 	text: height = 0.05
133.9165 	EXP 	text: text = ' GBP 11 today  or  GBP 30 after 7 days '
133.9165 	EXP 	fixation: autoDraw = True
134.7673 	INFO 	Keyboard events cleared
134.7668 	EXP 	text: autoDraw = True
134.9166 	EXP 	fixation: autoDraw = False
135.1705 	EXP 	New trial (rep=9, index=4): {'reward_today': 78, 'future_reward': 80, 'delay': 162}
135.1747 	DATA 	Keypress: l
135.1831 	EXP 	fixation: autoDraw = False
135.1831 	EXP 	text: autoDraw = False
135.1831 	EXP 	text: height = 0.05
135.1831 	EXP 	text: height = 0.05
135.1831 	EXP 	text: height = 0.05
135.1831 	EXP 	text: text = ' GBP 78 today  or  GBP 80 after 162 days '
135.1831 	EXP 	fixation: autoDraw = True
136.1837 	INFO 	Keyboard events cleared
136.1830 	EXP 	fixation: autoDraw = False
136.1830 	EXP 	text: autoDraw = True
136.8556 	EXP 	New trial (rep=9, index=5): {'reward_today': 67, 'future_reward': 75, 'delay': 119}
136.8591 	DATA 	Keypress: t
136.8665 	EXP 	fixation: autoDraw = False
136.8665 	EXP 	text: autoDraw = False
136.8665 	EXP 	text: height = 0.05
136.8665 	EXP 	text: height = 0.05
136.8665 	EXP 	text: height = 0.05
136.8665 	EXP 	text: text = ' GBP 67 today  or  GBP 75 after 119 days '
136.8665 	EXP 	fixation: autoDraw = True
137.8666 	INFO 	Keyboard events cleared
137.8661 	EXP 	fixation: autoDraw = False
137.8661 	EXP 	text: autoDraw = True
138.3201 	EXP 	New trial (rep=9, index=6): {'reward_today': 27, 'future_reward': 50, 'delay': 21}
138.3241 	DATA 	Keypress: t
138.3332 	EXP 	fixation: autoDraw = False
138.3332 	EXP 	text: autoDraw = False
138.3332 	EXP 	text: height = 0.05
138.3332 	EXP 	text: height = 0.05
138.3332 	EXP 	text: height = 0.05
138.3332 	EXP 	text: text = ' GBP 27 today  or  GBP 50 after 21 days '
138.3332 	EXP 	fixation: autoDraw = True
139.3333 	INFO 	Keyboard events cleared
139.3327 	EXP 	fixation: autoDraw = False
139.3327 	EXP 	text: autoDraw = True
139.8373 	EXP 	New trial (rep=10, index=0): {'reward_today': 15, 'future_reward': 35, 'delay': 13}
139.8414 	DATA 	Keypress: l
139.8488 	EXP 	fixation: autoDraw = False
139.8488 	EXP 	text: autoDraw = False
139.8488 	EXP 	text: height = 0.05
139.8488 	EXP 	text: height = 0.05
139.8488 	EXP 	text: height = 0.05
139.8488 	EXP 	text: text = ' GBP 15 today  or  GBP 35 after 13 days '
139.8488 	EXP 	fixation: autoDraw = True
140.8500 	INFO 	Keyboard events cleared
140.8495 	EXP 	fixation: autoDraw = False
140.8495 	EXP 	text: autoDraw = True
141.4022 	EXP 	New trial (rep=10, index=1): {'reward_today': 11, 'future_reward': 30, 'delay': 7}
141.4063 	DATA 	Keypress: l
141.4156 	EXP 	fixation: autoDraw = False
141.4156 	EXP 	text: autoDraw = False
141.4156 	EXP 	text: height = 0.05
141.4156 	EXP 	text: height = 0.05
141.4156 	EXP 	text: height = 0.05
141.4156 	EXP 	text: text = ' GBP 11 today  or  GBP 30 after 7 days '
141.4156 	EXP 	fixation: autoDraw = True
142.4166 	INFO 	Keyboard events cleared
142.4159 	EXP 	fixation: autoDraw = False
142.4159 	EXP 	text: autoDraw = True
142.8367 	EXP 	New trial (rep=10, index=2): {'reward_today': 27, 'future_reward': 50, 'delay': 21}
142.8404 	DATA 	Keypress: l
142.8487 	EXP 	fixation: autoDraw = False
142.8487 	EXP 	text: autoDraw = False
142.8487 	EXP 	text: height = 0.05
142.8487 	EXP 	text: height = 0.05
142.8487 	EXP 	text: height = 0.05
142.8487 	EXP 	text: text = ' GBP 27 today  or  GBP 50 after 21 days '
142.8487 	EXP 	fixation: autoDraw = True
143.8493 	INFO 	Keyboard events cleared
143.8487 	EXP 	fixation: autoDraw = False
143.8487 	EXP 	text: autoDraw = True
144.3554 	DATA 	Keypress: l
144.3694 	EXP 	New trial (rep=10, index=3): {'reward_today': 49, 'future_reward': 60, 'delay': 89}
144.3821 	EXP 	fixation: autoDraw = False
144.3821 	EXP 	text: autoDraw = False
144.3821 	EXP 	text: height = 0.05
144.3821 	EXP 	text: height = 0.05
144.3821 	EXP 	text: height = 0.05
144.3821 	EXP 	text: text = ' GBP 49 today  or  GBP 60 after 89 days '
144.3821 	EXP 	fixation: autoDraw = True
145.3827 	INFO 	Keyboard events cleared
145.3821 	EXP 	fixation: autoDraw = False
145.3821 	EXP 	text: autoDraw = True
145.9527 	EXP 	New trial (rep=10, index=4): {'reward_today': 67, 'future_reward': 75, 'delay': 119}
145.9564 	DATA 	Keypress: t
145.9652 	EXP 	fixation: autoDraw = False
145.9652 	EXP 	text: autoDraw = False
145.9652 	EXP 	text: height = 0.05
145.9652 	EXP 	text: height = 0.05
145.9652 	EXP 	text: height = 0.05
145.9652 	EXP 	text: text = ' GBP 67 today  or  GBP 75 after 119 days '
145.9652 	EXP 	fixation: autoDraw = True
146.9655 	INFO 	Keyboard events cleared
146.9649 	EXP 	fixation: autoDraw = False
146.9649 	EXP 	text: autoDraw = True
147.1525 	EXP 	New trial (rep=10, index=5): {'reward_today': 40, 'future_reward': 55, 'delay': 62}
147.1564 	DATA 	Keypress: l
147.1652 	EXP 	fixation: autoDraw = False
147.1652 	EXP 	text: autoDraw = False
147.1652 	EXP 	text: height = 0.05
147.1652 	EXP 	text: height = 0.05
147.1652 	EXP 	text: height = 0.05
147.1652 	EXP 	text: text = ' GBP 40 today  or  GBP 55 after 62 days '
147.1652 	EXP 	fixation: autoDraw = True
148.1657 	INFO 	Keyboard events cleared
148.1652 	EXP 	fixation: autoDraw = False
148.1652 	EXP 	text: autoDraw = True
149.1022 	EXP 	New trial (rep=10, index=6): {'reward_today': 78, 'future_reward': 80, 'delay': 162}
149.1062 	DATA 	Keypress: l
149.1148 	EXP 	fixation: autoDraw = False
149.1148 	EXP 	text: autoDraw = False
149.1148 	EXP 	text: height = 0.05
149.1148 	EXP 	text: height = 0.05
149.1148 	EXP 	text: height = 0.05
149.1148 	EXP 	text: text = ' GBP 78 today  or  GBP 80 after 162 days '
149.1148 	EXP 	fixation: autoDraw = True
150.1166 	INFO 	Keyboard events cleared
150.1160 	EXP 	fixation: autoDraw = False
150.1160 	EXP 	text: autoDraw = True
150.6848 	EXP 	New trial (rep=11, index=0): {'reward_today': 15, 'future_reward': 35, 'delay': 13}
150.6887 	DATA 	Keypress: t
150.6984 	EXP 	fixation: autoDraw = False
150.6984 	EXP 	text: autoDraw = False
150.6984 	EXP 	text: height = 0.05
150.6984 	EXP 	text: height = 0.05
150.6984 	EXP 	text: height = 0.05
150.6984 	EXP 	text: text = ' GBP 15 today  or  GBP 35 after 13 days '
150.6984 	EXP 	fixation: autoDraw = True
151.6988 	INFO 	Keyboard events cleared
151.6983 	EXP 	fixation: autoDraw = False
151.6983 	EXP 	text: autoDraw = True
152.3035 	EXP 	New trial (rep=11, index=1): {'reward_today': 49, 'future_reward': 60, 'delay': 89}
152.3072 	DATA 	Keypress: l
152.3146 	EXP 	fixation: autoDraw = False
152.3146 	EXP 	text: autoDraw = False
152.3146 	EXP 	text: height = 0.05
152.3146 	EXP 	text: height = 0.05
152.3146 	EXP 	text: height = 0.05
152.3146 	EXP 	text: text = ' GBP 49 today  or  GBP 60 after 89 days '
152.3146 	EXP 	fixation: autoDraw = True
153.3147 	INFO 	Keyboard events cleared
153.3141 	EXP 	fixation: autoDraw = False
153.3141 	EXP 	text: autoDraw = True
153.7681 	EXP 	New trial (rep=11, index=2): {'reward_today': 67, 'future_reward': 75, 'delay': 119}
153.7717 	DATA 	Keypress: l
153.7808 	EXP 	fixation: autoDraw = False
153.7808 	EXP 	text: autoDraw = False
153.7808 	EXP 	text: height = 0.05
153.7808 	EXP 	text: height = 0.05
153.7808 	EXP 	text: height = 0.05
153.7808 	EXP 	text: text = ' GBP 67 today  or  GBP 75 after 119 days '
153.7808 	EXP 	fixation: autoDraw = True
154.7819 	INFO 	Keyboard events cleared
154.7812 	EXP 	fixation: autoDraw = False
154.7812 	EXP 	text: autoDraw = True
155.2349 	EXP 	New trial (rep=11, index=3): {'reward_today': 40, 'future_reward': 55, 'delay': 62}
155.2389 	DATA 	Keypress: t
155.2476 	EXP 	fixation: autoDraw = False
155.2476 	EXP 	text: autoDraw = False
155.2476 	EXP 	text: height = 0.05
155.2476 	EXP 	text: height = 0.05
155.2476 	EXP 	text: height = 0.05
155.2476 	EXP 	text: text = ' GBP 40 today  or  GBP 55 after 62 days '
155.2476 	EXP 	fixation: autoDraw = True
156.2479 	INFO 	Keyboard events cleared
156.2473 	EXP 	fixation: autoDraw = False
156.2473 	EXP 	text: autoDraw = True
156.6337 	EXP 	New trial (rep=11, index=4): {'reward_today': 11, 'future_reward': 30, 'delay': 7}
156.6373 	DATA 	Keypress: l
156.6472 	EXP 	fixation: autoDraw = False
156.6472 	EXP 	text: autoDraw = False
156.6472 	EXP 	text: height = 0.05
156.6472 	EXP 	text: height = 0.05
156.6472 	EXP 	text: height = 0.05
156.6472 	EXP 	text: text = ' GBP 11 today  or  GBP 30 after 7 days '
156.6472 	EXP 	fixation: autoDraw = True
157.6478 	INFO 	Keyboard events cleared
157.6472 	EXP 	fixation: autoDraw = False
157.6472 	EXP 	text: autoDraw = True
158.1009 	EXP 	New trial (rep=11, index=5): {'reward_today': 27, 'future_reward': 50, 'delay': 21}
158.1050 	DATA 	Keypress: l
158.1138 	EXP 	fixation: autoDraw = False
158.1138 	EXP 	text: autoDraw = False
158.1138 	EXP 	text: height = 0.05
158.1138 	EXP 	text: height = 0.05
158.1138 	EXP 	text: height = 0.05
158.1138 	EXP 	text: text = ' GBP 27 today  or  GBP 50 after 21 days '
158.1138 	EXP 	fixation: autoDraw = True
159.1148 	INFO 	Keyboard events cleared
159.1141 	EXP 	fixation: autoDraw = False
159.1141 	EXP 	text: autoDraw = True
159.4676 	EXP 	New trial (rep=11, index=6): {'reward_today': 78, 'future_reward': 80, 'delay': 162}
159.4719 	DATA 	Keypress: l
159.4807 	EXP 	fixation: autoDraw = False
159.4807 	EXP 	text: autoDraw = False
159.4807 	EXP 	text: height = 0.05
159.4807 	EXP 	text: height = 0.05
159.4807 	EXP 	text: height = 0.05
159.4807 	EXP 	text: text = ' GBP 78 today  or  GBP 80 after 162 days '
159.4807 	EXP 	fixation: autoDraw = True
160.4807 	INFO 	Keyboard events cleared
160.4800 	EXP 	fixation: autoDraw = False
160.4800 	EXP 	text: autoDraw = True
160.9839 	EXP 	New trial (rep=12, index=0): {'reward_today': 15, 'future_reward': 35, 'delay': 13}
160.9881 	DATA 	Keypress: t
160.9966 	EXP 	fixation: autoDraw = False
160.9966 	EXP 	text: autoDraw = False
160.9966 	EXP 	text: height = 0.05
160.9966 	EXP 	text: height = 0.05
160.9966 	EXP 	text: height = 0.05
160.9966 	EXP 	text: text = ' GBP 15 today  or  GBP 35 after 13 days '
160.9966 	EXP 	fixation: autoDraw = True
161.9976 	INFO 	Keyboard events cleared
161.9971 	EXP 	fixation: autoDraw = False
161.9971 	EXP 	text: autoDraw = True
162.4173 	EXP 	New trial (rep=12, index=1): {'reward_today': 40, 'future_reward': 55, 'delay': 62}
162.4211 	DATA 	Keypress: l
162.4296 	EXP 	fixation: autoDraw = False
162.4296 	EXP 	text: autoDraw = False
162.4296 	EXP 	text: height = 0.05
162.4296 	EXP 	text: height = 0.05
162.4296 	EXP 	text: height = 0.05
162.4296 	EXP 	text: text = ' GBP 40 today  or  GBP 55 after 62 days '
162.4296 	EXP 	fixation: autoDraw = True
163.4304 	INFO 	Keyboard events cleared
163.4298 	EXP 	fixation: autoDraw = False
163.4298 	EXP 	text: autoDraw = True
164.0671 	EXP 	New trial (rep=12, index=2): {'reward_today': 67, 'future_reward': 75, 'delay': 119}
164.0709 	DATA 	Keypress: l
164.0804 	EXP 	fixation: autoDraw = False
164.0804 	EXP 	text: autoDraw = False
164.0804 	EXP 	text: height = 0.05
164.0804 	EXP 	text: height = 0.05
164.0804 	EXP 	text: height = 0.05
164.0804 	EXP 	text: text = ' GBP 67 today  or  GBP 75 after 119 days '
164.0804 	EXP 	fixation: autoDraw = True
165.0819 	INFO 	Keyboard events cleared
165.0812 	EXP 	fixation: autoDraw = False
165.0812 	EXP 	text: autoDraw = True
165.6015 	EXP 	New trial (rep=12, index=3): {'reward_today': 49, 'future_reward': 60, 'delay': 89}
165.6058 	DATA 	Keypress: t
165.6127 	EXP 	fixation: autoDraw = False
165.6127 	EXP 	text: autoDraw = False
165.6127 	EXP 	text: height = 0.05
165.6127 	EXP 	text: height = 0.05
165.6127 	EXP 	text: height = 0.05
165.6127 	EXP 	text: text = ' GBP 49 today  or  GBP 60 after 89 days '
165.6127 	EXP 	fixation: autoDraw = True
166.6131 	INFO 	Keyboard events cleared
166.6125 	EXP 	fixation: autoDraw = False
166.6125 	EXP 	text: autoDraw = True
167.0834 	EXP 	New trial (rep=12, index=4): {'reward_today': 11, 'future_reward': 30, 'delay': 7}
167.0871 	DATA 	Keypress: l
167.0962 	EXP 	fixation: autoDraw = False
167.0962 	EXP 	text: autoDraw = False
167.0962 	EXP 	text: height = 0.05
167.0962 	EXP 	text: height = 0.05
167.0962 	EXP 	text: height = 0.05
167.0962 	EXP 	text: text = ' GBP 11 today  or  GBP 30 after 7 days '
167.0962 	EXP 	fixation: autoDraw = True
168.0967 	INFO 	Keyboard events cleared
168.0959 	EXP 	fixation: autoDraw = False
168.0959 	EXP 	text: autoDraw = True
169.4498 	EXP 	New trial (rep=12, index=5): {'reward_today': 78, 'future_reward': 80, 'delay': 162}
169.4537 	DATA 	Keypress: l
169.4623 	EXP 	fixation: autoDraw = False
169.4623 	EXP 	text: autoDraw = False
169.4623 	EXP 	text: height = 0.05
169.4623 	EXP 	text: height = 0.05
169.4623 	EXP 	text: height = 0.05
169.4623 	EXP 	text: text = ' GBP 78 today  or  GBP 80 after 162 days '
169.4623 	EXP 	fixation: autoDraw = True
170.4644 	INFO 	Keyboard events cleared
170.4638 	EXP 	fixation: autoDraw = False
170.4638 	EXP 	text: autoDraw = True
171.5158 	EXP 	New trial (rep=12, index=6): {'reward_today': 27, 'future_reward': 50, 'delay': 21}
171.5194 	DATA 	Keypress: t
171.5285 	EXP 	fixation: autoDraw = False
171.5285 	EXP 	text: autoDraw = False
171.5285 	EXP 	text: height = 0.05
171.5285 	EXP 	text: height = 0.05
171.5285 	EXP 	text: height = 0.05
171.5285 	EXP 	text: text = ' GBP 27 today  or  GBP 50 after 21 days '
171.5285 	EXP 	fixation: autoDraw = True
172.5290 	INFO 	Keyboard events cleared
172.5285 	EXP 	fixation: autoDraw = False
172.5285 	EXP 	text: autoDraw = True
173.2164 	EXP 	New trial (rep=13, index=0): {'reward_today': 67, 'future_reward': 75, 'delay': 119}
173.2205 	DATA 	Keypress: l
173.2281 	EXP 	fixation: autoDraw = False
173.2281 	EXP 	text: autoDraw = False
173.2281 	EXP 	text: height = 0.05
173.2281 	EXP 	text: height = 0.05
173.2281 	EXP 	text: height = 0.05
173.2281 	EXP 	text: text = ' GBP 67 today  or  GBP 75 after 119 days '
173.2281 	EXP 	fixation: autoDraw = True
174.2292 	INFO 	Keyboard events cleared
174.2287 	EXP 	fixation: autoDraw = False
174.2287 	EXP 	text: autoDraw = True
174.7491 	EXP 	New trial (rep=13, index=1): {'reward_today': 49, 'future_reward': 60, 'delay': 89}
174.7526 	DATA 	Keypress: t
174.7622 	EXP 	fixation: autoDraw = False
174.7622 	EXP 	text: autoDraw = False
174.7622 	EXP 	text: height = 0.05
174.7622 	EXP 	text: height = 0.05
174.7622 	EXP 	text: height = 0.05
174.7622 	EXP 	text: text = ' GBP 49 today  or  GBP 60 after 89 days '
174.7622 	EXP 	fixation: autoDraw = True
175.7626 	INFO 	Keyboard events cleared
175.7621 	EXP 	fixation: autoDraw = False
175.7621 	EXP 	text: autoDraw = True
176.3990 	EXP 	New trial (rep=13, index=2): {'reward_today': 40, 'future_reward': 55, 'delay': 62}
176.4040 	DATA 	Keypress: l
176.4112 	EXP 	fixation: autoDraw = False
176.4112 	EXP 	text: autoDraw = False
176.4112 	EXP 	text: height = 0.05
176.4112 	EXP 	text: height = 0.05
176.4112 	EXP 	text: height = 0.05
176.4112 	EXP 	text: text = ' GBP 40 today  or  GBP 55 after 62 days '
176.4112 	EXP 	fixation: autoDraw = True
177.4118 	INFO 	Keyboard events cleared
177.4114 	EXP 	fixation: autoDraw = False
177.4114 	EXP 	text: autoDraw = True
178.0153 	EXP 	New trial (rep=13, index=3): {'reward_today': 78, 'future_reward': 80, 'delay': 162}
178.0188 	DATA 	Keypress: l
178.0279 	EXP 	fixation: autoDraw = False
178.0279 	EXP 	text: autoDraw = False
178.0279 	EXP 	text: height = 0.05
178.0279 	EXP 	text: height = 0.05
178.0279 	EXP 	text: height = 0.05
178.0279 	EXP 	text: text = ' GBP 78 today  or  GBP 80 after 162 days '
178.0279 	EXP 	fixation: autoDraw = True
179.0282 	INFO 	Keyboard events cleared
179.0277 	EXP 	fixation: autoDraw = False
179.0277 	EXP 	text: autoDraw = True
179.5316 	EXP 	New trial (rep=13, index=4): {'reward_today': 27, 'future_reward': 50, 'delay': 21}
179.5356 	DATA 	Keypress: t
179.5446 	EXP 	fixation: autoDraw = False
179.5446 	EXP 	text: autoDraw = False
179.5446 	EXP 	text: height = 0.05
179.5446 	EXP 	text: height = 0.05
179.5446 	EXP 	text: height = 0.05
179.5446 	EXP 	text: text = ' GBP 27 today  or  GBP 50 after 21 days '
179.5446 	EXP 	fixation: autoDraw = True
180.5462 	INFO 	Keyboard events cleared
180.5456 	EXP 	fixation: autoDraw = False
180.5456 	EXP 	text: autoDraw = True
181.8977 	EXP 	New trial (rep=13, index=5): {'reward_today': 15, 'future_reward': 35, 'delay': 13}
181.9015 	DATA 	Keypress: l
181.9107 	EXP 	fixation: autoDraw = False
181.9107 	EXP 	text: autoDraw = False
181.9107 	EXP 	text: height = 0.05
181.9107 	EXP 	text: height = 0.05
181.9107 	EXP 	text: height = 0.05
181.9107 	EXP 	text: text = ' GBP 15 today  or  GBP 35 after 13 days '
181.9107 	EXP 	fixation: autoDraw = True
182.9112 	INFO 	Keyboard events cleared
182.9106 	EXP 	fixation: autoDraw = False
182.9106 	EXP 	text: autoDraw = True
183.3315 	EXP 	New trial (rep=13, index=6): {'reward_today': 11, 'future_reward': 30, 'delay': 7}
183.3357 	DATA 	Keypress: l
183.3442 	EXP 	fixation: autoDraw = False
183.3442 	EXP 	text: autoDraw = False
183.3442 	EXP 	text: height = 0.05
183.3442 	EXP 	text: height = 0.05
183.3442 	EXP 	text: height = 0.05
183.3442 	EXP 	text: text = ' GBP 11 today  or  GBP 30 after 7 days '
183.3442 	EXP 	fixation: autoDraw = True
184.3445 	INFO 	Keyboard events cleared
184.3440 	EXP 	fixation: autoDraw = False
184.3440 	EXP 	text: autoDraw = True
184.7647 	EXP 	New trial (rep=14, index=0): {'reward_today': 49, 'future_reward': 60, 'delay': 89}
184.7682 	DATA 	Keypress: l
184.7773 	EXP 	fixation: autoDraw = False
184.7773 	EXP 	text: autoDraw = False
184.7773 	EXP 	text: height = 0.05
184.7773 	EXP 	text: height = 0.05
184.7773 	EXP 	text: height = 0.05
184.7773 	EXP 	text: text = ' GBP 49 today  or  GBP 60 after 89 days '
184.7773 	EXP 	fixation: autoDraw = True
185.7775 	INFO 	Keyboard events cleared
185.7768 	EXP 	fixation: autoDraw = False
185.7768 	EXP 	text: autoDraw = True
186.1648 	EXP 	New trial (rep=14, index=1): {'reward_today': 40, 'future_reward': 55, 'delay': 62}
186.1692 	DATA 	Keypress: l
186.1768 	EXP 	fixation: autoDraw = False
186.1768 	EXP 	text: autoDraw = False
186.1768 	EXP 	text: height = 0.05
186.1768 	EXP 	text: height = 0.05
186.1768 	EXP 	text: height = 0.05
186.1768 	EXP 	text: text = ' GBP 40 today  or  GBP 55 after 62 days '
186.1768 	EXP 	fixation: autoDraw = True
187.1786 	INFO 	Keyboard events cleared
187.1778 	EXP 	fixation: autoDraw = False
187.1778 	EXP 	text: autoDraw = True
187.5808 	EXP 	New trial (rep=14, index=2): {'reward_today': 67, 'future_reward': 75, 'delay': 119}
187.5851 	DATA 	Keypress: l
187.5937 	EXP 	fixation: autoDraw = False
187.5937 	EXP 	text: autoDraw = False
187.5937 	EXP 	text: height = 0.05
187.5937 	EXP 	text: height = 0.05
187.5937 	EXP 	text: height = 0.05
187.5937 	EXP 	text: text = ' GBP 67 today  or  GBP 75 after 119 days '
187.5937 	EXP 	fixation: autoDraw = True
188.5934 	INFO 	Keyboard events cleared
188.5928 	EXP 	fixation: autoDraw = False
188.5928 	EXP 	text: autoDraw = True
189.1303 	EXP 	New trial (rep=14, index=3): {'reward_today': 27, 'future_reward': 50, 'delay': 21}
189.1340 	DATA 	Keypress: t
189.1429 	EXP 	fixation: autoDraw = False
189.1429 	EXP 	text: autoDraw = False
189.1429 	EXP 	text: height = 0.05
189.1429 	EXP 	text: height = 0.05
189.1429 	EXP 	text: height = 0.05
189.1429 	EXP 	text: text = ' GBP 27 today  or  GBP 50 after 21 days '
189.1429 	EXP 	fixation: autoDraw = True
190.1438 	INFO 	Keyboard events cleared
190.1431 	EXP 	fixation: autoDraw = False
190.1431 	EXP 	text: autoDraw = True
190.5974 	EXP 	New trial (rep=14, index=4): {'reward_today': 78, 'future_reward': 80, 'delay': 162}
190.6010 	DATA 	Keypress: l
190.6097 	EXP 	fixation: autoDraw = False
190.6097 	EXP 	text: autoDraw = False
190.6097 	EXP 	text: height = 0.05
190.6097 	EXP 	text: height = 0.05
190.6097 	EXP 	text: height = 0.05
190.6097 	EXP 	text: text = ' GBP 78 today  or  GBP 80 after 162 days '
190.6097 	EXP 	fixation: autoDraw = True
191.6108 	INFO 	Keyboard events cleared
191.6103 	EXP 	fixation: autoDraw = False
191.6103 	EXP 	text: autoDraw = True
192.1638 	EXP 	New trial (rep=14, index=5): {'reward_today': 11, 'future_reward': 30, 'delay': 7}
192.1672 	DATA 	Keypress: t
192.1765 	EXP 	fixation: autoDraw = False
192.1765 	EXP 	text: autoDraw = False
192.1765 	EXP 	text: height = 0.05
192.1765 	EXP 	text: height = 0.05
192.1765 	EXP 	text: height = 0.05
192.1765 	EXP 	text: text = ' GBP 11 today  or  GBP 30 after 7 days '
192.1765 	EXP 	fixation: autoDraw = True
193.1767 	INFO 	Keyboard events cleared
193.1761 	EXP 	fixation: autoDraw = False
193.1761 	EXP 	text: autoDraw = True
193.7487 	DATA 	Keypress: l
193.7633 	EXP 	New trial (rep=14, index=6): {'reward_today': 15, 'future_reward': 35, 'delay': 13}
193.7766 	EXP 	fixation: autoDraw = False
193.7766 	EXP 	text: autoDraw = False
193.7766 	EXP 	text: height = 0.05
193.7766 	EXP 	text: height = 0.05
193.7766 	EXP 	text: height = 0.05
193.7766 	EXP 	text: text = ' GBP 15 today  or  GBP 35 after 13 days '
193.7766 	EXP 	fixation: autoDraw = True
194.7771 	INFO 	Keyboard events cleared
194.7766 	EXP 	text: autoDraw = True
194.7928 	EXP 	fixation: autoDraw = False
195.5472 	DATA 	Keypress: l
195.5594 	EXP 	fixation: autoDraw = False
195.5594 	EXP 	text: autoDraw = False
195.5619 	EXP 	delay_discounting: status = STOPPED
195.5835 	INFO 	saved data to 'C:\\Users\\ASHISH\\Downloads\\delay discount\\data/895317_delay_discounting_2024-11-21_14h29.43.523.csv'
195.5851 	INFO 	saved data to C:\Users\ASHISH\Downloads\delay discount\data/895317_delay_discounting_2024-11-21_14h29.43.523.psydat
195.6215 	EXP 	window1: mouseVisible = True
196.1667 	DEBUG 	Saving data for delay_discounting ExperimentHandler
